{"/Users/nguyenducmanh/Documents/Work/expense-flow/ExpenseFlow/front-end/src/App.tsx": {"path":"/Users/nguyenducmanh/Documents/Work/expense-flow/ExpenseFlow/front-end/src/App.tsx","statementMap":{"0":{"start":{"line":20,"column":32},"end":{"line":54,"column":null}},"1":{"start":{"line":21,"column":8},"end":{"line":21,"column":null}},"2":{"start":{"line":23,"column":2},"end":{"line":51,"column":null}},"3":{"start":{"line":24,"column":4},"end":{"line":50,"column":null}},"4":{"start":{"line":25,"column":26},"end":{"line":25,"column":null}},"5":{"start":{"line":26,"column":27},"end":{"line":26,"column":null}},"6":{"start":{"line":27,"column":22},"end":{"line":27,"column":null}},"7":{"start":{"line":29,"column":31},"end":{"line":29,"column":null}},"8":{"start":{"line":30,"column":6},"end":{"line":36,"column":null}},"9":{"start":{"line":31,"column":8},"end":{"line":35,"column":null}},"10":{"start":{"line":32,"column":10},"end":{"line":32,"column":null}},"11":{"start":{"line":34,"column":10},"end":{"line":34,"column":null}},"12":{"start":{"line":39,"column":6},"end":{"line":47,"column":null}},"13":{"start":{"line":40,"column":8},"end":{"line":46,"column":null}},"14":{"start":{"line":49,"column":6},"end":{"line":49,"column":null}},"15":{"start":{"line":53,"column":2},"end":{"line":53,"column":null}},"16":{"start":{"line":60,"column":2},"end":{"line":68,"column":null}}},"fnMap":{"0":{"name":"(anonymous_0)","decl":{"start":{"line":20,"column":32},"end":{"line":20,"column":38}},"loc":{"start":{"line":20,"column":38},"end":{"line":54,"column":null}},"line":20},"1":{"name":"(anonymous_1)","decl":{"start":{"line":23,"column":12},"end":{"line":23,"column":18}},"loc":{"start":{"line":23,"column":18},"end":{"line":51,"column":5}},"line":23},"2":{"name":"App","decl":{"start":{"line":59,"column":24},"end":{"line":59,"column":43}},"loc":{"start":{"line":59,"column":43},"end":{"line":70,"column":null}},"line":59}},"branchMap":{"0":{"loc":{"start":{"line":30,"column":6},"end":{"line":36,"column":null}},"type":"if","locations":[{"start":{"line":30,"column":6},"end":{"line":36,"column":null}},{"start":{},"end":{}}],"line":30},"1":{"loc":{"start":{"line":39,"column":6},"end":{"line":47,"column":null}},"type":"if","locations":[{"start":{"line":39,"column":6},"end":{"line":47,"column":null}},{"start":{},"end":{}}],"line":39}},"s":{"0":0,"1":0,"2":0,"3":0,"4":0,"5":0,"6":0,"7":0,"8":0,"9":0,"10":0,"11":0,"12":0,"13":0,"14":0,"15":0,"16":0},"f":{"0":0,"1":0,"2":0},"b":{"0":[0,0],"1":[0,0]},"meta":{"lastBranch":2,"lastFunction":3,"lastStatement":17,"seen":{"s:20:32:54:Infinity":0,"f:20:32:20:38":0,"s:21:8:21:Infinity":1,"s:23:2:51:Infinity":2,"f:23:12:23:18":1,"s:24:4:50:Infinity":3,"s:25:26:25:Infinity":4,"s:26:27:26:Infinity":5,"s:27:22:27:Infinity":6,"s:29:31:29:Infinity":7,"b:30:6:36:Infinity:undefined:undefined:undefined:undefined":0,"s:30:6:36:Infinity":8,"s:31:8:35:Infinity":9,"s:32:10:32:Infinity":10,"s:34:10:34:Infinity":11,"b:39:6:47:Infinity:undefined:undefined:undefined:undefined":1,"s:39:6:47:Infinity":12,"s:40:8:46:Infinity":13,"s:49:6:49:Infinity":14,"s:53:2:53:Infinity":15,"f:59:24:59:43":2,"s:60:2:68:Infinity":16}}}
,"/Users/nguyenducmanh/Documents/Work/expense-flow/ExpenseFlow/front-end/src/components/atoms/AccountSelect.tsx": {"path":"/Users/nguyenducmanh/Documents/Work/expense-flow/ExpenseFlow/front-end/src/components/atoms/AccountSelect.tsx","statementMap":{"0":{"start":{"line":18,"column":59},"end":{"line":72,"column":null}},"1":{"start":{"line":24,"column":8},"end":{"line":24,"column":null}},"2":{"start":{"line":25,"column":30},"end":{"line":25,"column":null}},"3":{"start":{"line":25,"column":60},"end":{"line":25,"column":74}},"4":{"start":{"line":27,"column":2},"end":{"line":31,"column":null}},"5":{"start":{"line":28,"column":4},"end":{"line":30,"column":null}},"6":{"start":{"line":29,"column":6},"end":{"line":29,"column":null}},"7":{"start":{"line":33,"column":24},"end":{"line":40,"column":null}},"8":{"start":{"line":34,"column":4},"end":{"line":38,"column":null}},"9":{"start":{"line":35,"column":6},"end":{"line":35,"column":null}},"10":{"start":{"line":36,"column":4},"end":{"line":38,"column":null}},"11":{"start":{"line":37,"column":6},"end":{"line":37,"column":null}},"12":{"start":{"line":39,"column":4},"end":{"line":39,"column":null}},"13":{"start":{"line":42,"column":18},"end":{"line":57,"column":null}},"14":{"start":{"line":42,"column":45},"end":{"line":57,"column":4}},"15":{"start":{"line":59,"column":2},"end":{"line":70,"column":null}},"16":{"start":{"line":66,"column":28},"end":{"line":67,"column":null}}},"fnMap":{"0":{"name":"(anonymous_0)","decl":{"start":{"line":18,"column":59},"end":{"line":18,"column":60}},"loc":{"start":{"line":23,"column":6},"end":{"line":72,"column":null}},"line":23},"1":{"name":"(anonymous_1)","decl":{"start":{"line":25,"column":49},"end":{"line":25,"column":50}},"loc":{"start":{"line":25,"column":60},"end":{"line":25,"column":74}},"line":25},"2":{"name":"(anonymous_2)","decl":{"start":{"line":27,"column":12},"end":{"line":27,"column":18}},"loc":{"start":{"line":27,"column":18},"end":{"line":31,"column":5}},"line":27},"3":{"name":"(anonymous_3)","decl":{"start":{"line":33,"column":24},"end":{"line":33,"column":25}},"loc":{"start":{"line":33,"column":71},"end":{"line":40,"column":null}},"line":33},"4":{"name":"(anonymous_4)","decl":{"start":{"line":42,"column":31},"end":{"line":42,"column":32}},"loc":{"start":{"line":42,"column":45},"end":{"line":57,"column":4}},"line":42},"5":{"name":"(anonymous_5)","decl":{"start":{"line":66,"column":20},"end":{"line":66,"column":21}},"loc":{"start":{"line":66,"column":28},"end":{"line":67,"column":null}},"line":66}},"branchMap":{"0":{"loc":{"start":{"line":19,"column":2},"end":{"line":19,"column":null}},"type":"default-arg","locations":[{"start":{"line":19,"column":20},"end":{"line":19,"column":null}}],"line":19},"1":{"loc":{"start":{"line":20,"column":2},"end":{"line":20,"column":null}},"type":"default-arg","locations":[{"start":{"line":20,"column":16},"end":{"line":20,"column":null}}],"line":20},"2":{"loc":{"start":{"line":21,"column":2},"end":{"line":21,"column":null}},"type":"default-arg","locations":[{"start":{"line":21,"column":16},"end":{"line":21,"column":null}}],"line":21},"3":{"loc":{"start":{"line":28,"column":4},"end":{"line":30,"column":null}},"type":"if","locations":[{"start":{"line":28,"column":4},"end":{"line":30,"column":null}},{"start":{},"end":{}}],"line":28},"4":{"loc":{"start":{"line":28,"column":8},"end":{"line":28,"column":45}},"type":"binary-expr","locations":[{"start":{"line":28,"column":8},"end":{"line":28,"column":33}},{"start":{"line":28,"column":33},"end":{"line":28,"column":45}}],"line":28},"5":{"loc":{"start":{"line":34,"column":4},"end":{"line":38,"column":null}},"type":"if","locations":[{"start":{"line":34,"column":4},"end":{"line":38,"column":null}},{"start":{"line":36,"column":4},"end":{"line":38,"column":null}}],"line":34},"6":{"loc":{"start":{"line":36,"column":4},"end":{"line":38,"column":null}},"type":"if","locations":[{"start":{"line":36,"column":4},"end":{"line":38,"column":null}},{"start":{},"end":{}}],"line":36},"7":{"loc":{"start":{"line":47,"column":9},"end":{"line":50,"column":null}},"type":"binary-expr","locations":[{"start":{"line":47,"column":9},"end":{"line":47,"column":null}},{"start":{"line":48,"column":10},"end":{"line":50,"column":null}}],"line":47},"8":{"loc":{"start":{"line":52,"column":9},"end":{"line":53,"column":null}},"type":"binary-expr","locations":[{"start":{"line":52,"column":9},"end":{"line":52,"column":null}},{"start":{"line":53,"column":10},"end":{"line":53,"column":null}}],"line":52},"9":{"loc":{"start":{"line":64,"column":23},"end":{"line":64,"column":null}},"type":"cond-expr","locations":[{"start":{"line":64,"column":35},"end":{"line":64,"column":59}},{"start":{"line":64,"column":59},"end":{"line":64,"column":null}}],"line":64},"10":{"loc":{"start":{"line":67,"column":9},"end":{"line":67,"column":42}},"type":"binary-expr","locations":[{"start":{"line":67,"column":9},"end":{"line":67,"column":38}},{"start":{"line":67,"column":38},"end":{"line":67,"column":42}}],"line":67}},"s":{"0":0,"1":0,"2":0,"3":0,"4":0,"5":0,"6":0,"7":0,"8":0,"9":0,"10":0,"11":0,"12":0,"13":0,"14":0,"15":0,"16":0},"f":{"0":0,"1":0,"2":0,"3":0,"4":0,"5":0},"b":{"0":[0],"1":[0],"2":[0],"3":[0,0],"4":[0,0],"5":[0,0],"6":[0,0],"7":[0,0],"8":[0,0],"9":[0,0],"10":[0,0]},"meta":{"lastBranch":11,"lastFunction":6,"lastStatement":17,"seen":{"s:18:59:72:Infinity":0,"f:18:59:18:60":0,"b:19:20:19:Infinity":0,"b:20:16:20:Infinity":1,"b:21:16:21:Infinity":2,"s:24:8:24:Infinity":1,"s:25:30:25:Infinity":2,"f:25:49:25:50":1,"s:25:60:25:74":3,"s:27:2:31:Infinity":4,"f:27:12:27:18":2,"b:28:4:30:Infinity:undefined:undefined:undefined:undefined":3,"s:28:4:30:Infinity":5,"b:28:8:28:33:28:33:28:45":4,"s:29:6:29:Infinity":6,"s:33:24:40:Infinity":7,"f:33:24:33:25":3,"b:34:4:38:Infinity:36:4:38:Infinity":5,"s:34:4:38:Infinity":8,"s:35:6:35:Infinity":9,"b:36:4:38:Infinity:undefined:undefined:undefined:undefined":6,"s:36:4:38:Infinity":10,"s:37:6:37:Infinity":11,"s:39:4:39:Infinity":12,"s:42:18:57:Infinity":13,"f:42:31:42:32":4,"s:42:45:57:4":14,"b:47:9:47:Infinity:48:10:50:Infinity":7,"b:52:9:52:Infinity:53:10:53:Infinity":8,"s:59:2:70:Infinity":15,"b:64:35:64:59:64:59:64:Infinity":9,"f:66:20:66:21":5,"s:66:28:67:Infinity":16,"b:67:9:67:38:67:38:67:42":10}}}
,"/Users/nguyenducmanh/Documents/Work/expense-flow/ExpenseFlow/front-end/src/components/atoms/AmountInput.tsx": {"path":"/Users/nguyenducmanh/Documents/Work/expense-flow/ExpenseFlow/front-end/src/components/atoms/AmountInput.tsx","statementMap":{"0":{"start":{"line":14,"column":55},"end":{"line":56,"column":null}},"1":{"start":{"line":19,"column":8},"end":{"line":19,"column":null}},"2":{"start":{"line":19,"column":49},"end":{"line":19,"column":83}},"3":{"start":{"line":20,"column":26},"end":{"line":20,"column":null}},"4":{"start":{"line":23,"column":20},"end":{"line":37,"column":null}},"5":{"start":{"line":24,"column":4},"end":{"line":24,"column":null}},"6":{"start":{"line":24,"column":16},"end":{"line":24,"column":null}},"7":{"start":{"line":25,"column":21},"end":{"line":25,"column":null}},"8":{"start":{"line":28,"column":4},"end":{"line":34,"column":null}},"9":{"start":{"line":29,"column":6},"end":{"line":29,"column":null}},"10":{"start":{"line":30,"column":4},"end":{"line":34,"column":null}},"11":{"start":{"line":31,"column":6},"end":{"line":31,"column":null}},"12":{"start":{"line":32,"column":4},"end":{"line":34,"column":null}},"13":{"start":{"line":33,"column":6},"end":{"line":33,"column":null}},"14":{"start":{"line":36,"column":4},"end":{"line":36,"column":null}},"15":{"start":{"line":40,"column":17},"end":{"line":43,"column":null}},"16":{"start":{"line":41,"column":4},"end":{"line":41,"column":null}},"17":{"start":{"line":41,"column":16},"end":{"line":41,"column":null}},"18":{"start":{"line":42,"column":4},"end":{"line":42,"column":null}},"19":{"start":{"line":45,"column":2},"end":{"line":54,"column":null}}},"fnMap":{"0":{"name":"(anonymous_0)","decl":{"start":{"line":14,"column":55},"end":{"line":14,"column":56}},"loc":{"start":{"line":18,"column":6},"end":{"line":56,"column":null}},"line":18},"1":{"name":"(anonymous_1)","decl":{"start":{"line":19,"column":38},"end":{"line":19,"column":39}},"loc":{"start":{"line":19,"column":49},"end":{"line":19,"column":83}},"line":19},"2":{"name":"(anonymous_2)","decl":{"start":{"line":23,"column":20},"end":{"line":23,"column":21}},"loc":{"start":{"line":23,"column":68},"end":{"line":37,"column":null}},"line":23},"3":{"name":"(anonymous_3)","decl":{"start":{"line":40,"column":17},"end":{"line":40,"column":18}},"loc":{"start":{"line":40,"column":56},"end":{"line":43,"column":null}},"line":40}},"branchMap":{"0":{"loc":{"start":{"line":16,"column":2},"end":{"line":16,"column":null}},"type":"default-arg","locations":[{"start":{"line":16,"column":16},"end":{"line":16,"column":null}}],"line":16},"1":{"loc":{"start":{"line":19,"column":49},"end":{"line":19,"column":83}},"type":"binary-expr","locations":[{"start":{"line":19,"column":49},"end":{"line":19,"column":78}},{"start":{"line":19,"column":78},"end":{"line":19,"column":83}}],"line":19},"2":{"loc":{"start":{"line":20,"column":26},"end":{"line":20,"column":null}},"type":"binary-expr","locations":[{"start":{"line":20,"column":26},"end":{"line":20,"column":38}},{"start":{"line":20,"column":38},"end":{"line":20,"column":null}}],"line":20},"3":{"loc":{"start":{"line":24,"column":4},"end":{"line":24,"column":null}},"type":"if","locations":[{"start":{"line":24,"column":4},"end":{"line":24,"column":null}},{"start":{},"end":{}}],"line":24},"4":{"loc":{"start":{"line":25,"column":21},"end":{"line":25,"column":null}},"type":"cond-expr","locations":[{"start":{"line":25,"column":49},"end":{"line":25,"column":69}},{"start":{"line":25,"column":69},"end":{"line":25,"column":null}}],"line":25},"5":{"loc":{"start":{"line":28,"column":4},"end":{"line":34,"column":null}},"type":"if","locations":[{"start":{"line":28,"column":4},"end":{"line":34,"column":null}},{"start":{"line":30,"column":4},"end":{"line":34,"column":null}}],"line":28},"6":{"loc":{"start":{"line":30,"column":4},"end":{"line":34,"column":null}},"type":"if","locations":[{"start":{"line":30,"column":4},"end":{"line":34,"column":null}},{"start":{"line":32,"column":4},"end":{"line":34,"column":null}}],"line":30},"7":{"loc":{"start":{"line":32,"column":4},"end":{"line":34,"column":null}},"type":"if","locations":[{"start":{"line":32,"column":4},"end":{"line":34,"column":null}},{"start":{},"end":{}}],"line":32},"8":{"loc":{"start":{"line":41,"column":4},"end":{"line":41,"column":null}},"type":"if","locations":[{"start":{"line":41,"column":4},"end":{"line":41,"column":null}},{"start":{},"end":{}}],"line":41}},"s":{"0":0,"1":0,"2":0,"3":0,"4":0,"5":0,"6":0,"7":0,"8":0,"9":0,"10":0,"11":0,"12":0,"13":0,"14":0,"15":0,"16":0,"17":0,"18":0,"19":0},"f":{"0":0,"1":0,"2":0,"3":0},"b":{"0":[0],"1":[0,0],"2":[0,0],"3":[0,0],"4":[0,0],"5":[0,0],"6":[0,0],"7":[0,0],"8":[0,0]},"meta":{"lastBranch":9,"lastFunction":4,"lastStatement":20,"seen":{"s:14:55:56:Infinity":0,"f:14:55:14:56":0,"b:16:16:16:Infinity":0,"s:19:8:19:Infinity":1,"f:19:38:19:39":1,"s:19:49:19:83":2,"b:19:49:19:78:19:78:19:83":1,"s:20:26:20:Infinity":3,"b:20:26:20:38:20:38:20:Infinity":2,"s:23:20:37:Infinity":4,"f:23:20:23:21":2,"b:24:4:24:Infinity:undefined:undefined:undefined:undefined":3,"s:24:4:24:Infinity":5,"s:24:16:24:Infinity":6,"s:25:21:25:Infinity":7,"b:25:49:25:69:25:69:25:Infinity":4,"b:28:4:34:Infinity:30:4:34:Infinity":5,"s:28:4:34:Infinity":8,"s:29:6:29:Infinity":9,"b:30:4:34:Infinity:32:4:34:Infinity":6,"s:30:4:34:Infinity":10,"s:31:6:31:Infinity":11,"b:32:4:34:Infinity:undefined:undefined:undefined:undefined":7,"s:32:4:34:Infinity":12,"s:33:6:33:Infinity":13,"s:36:4:36:Infinity":14,"s:40:17:43:Infinity":15,"f:40:17:40:18":3,"b:41:4:41:Infinity:undefined:undefined:undefined:undefined":8,"s:41:4:41:Infinity":16,"s:41:16:41:Infinity":17,"s:42:4:42:Infinity":18,"s:45:2:54:Infinity":19}}}
,"/Users/nguyenducmanh/Documents/Work/expense-flow/ExpenseFlow/front-end/src/components/atoms/CategorySelect.tsx": {"path":"/Users/nguyenducmanh/Documents/Work/expense-flow/ExpenseFlow/front-end/src/components/atoms/CategorySelect.tsx","statementMap":{"0":{"start":{"line":18,"column":61},"end":{"line":69,"column":null}},"1":{"start":{"line":24,"column":8},"end":{"line":24,"column":null}},"2":{"start":{"line":25,"column":32},"end":{"line":25,"column":null}},"3":{"start":{"line":25,"column":62},"end":{"line":25,"column":78}},"4":{"start":{"line":27,"column":2},"end":{"line":31,"column":null}},"5":{"start":{"line":28,"column":4},"end":{"line":30,"column":null}},"6":{"start":{"line":29,"column":6},"end":{"line":29,"column":null}},"7":{"start":{"line":34,"column":29},"end":{"line":36,"column":null}},"8":{"start":{"line":35,"column":33},"end":{"line":35,"column":58}},"9":{"start":{"line":38,"column":18},"end":{"line":54,"column":null}},"10":{"start":{"line":38,"column":56},"end":{"line":54,"column":4}},"11":{"start":{"line":56,"column":2},"end":{"line":67,"column":null}},"12":{"start":{"line":63,"column":28},"end":{"line":64,"column":null}}},"fnMap":{"0":{"name":"(anonymous_0)","decl":{"start":{"line":18,"column":61},"end":{"line":18,"column":62}},"loc":{"start":{"line":23,"column":6},"end":{"line":69,"column":null}},"line":23},"1":{"name":"(anonymous_1)","decl":{"start":{"line":25,"column":51},"end":{"line":25,"column":52}},"loc":{"start":{"line":25,"column":62},"end":{"line":25,"column":78}},"line":25},"2":{"name":"(anonymous_2)","decl":{"start":{"line":27,"column":12},"end":{"line":27,"column":18}},"loc":{"start":{"line":27,"column":18},"end":{"line":31,"column":5}},"line":27},"3":{"name":"(anonymous_3)","decl":{"start":{"line":35,"column":24},"end":{"line":35,"column":25}},"loc":{"start":{"line":35,"column":33},"end":{"line":35,"column":58}},"line":35},"4":{"name":"(anonymous_4)","decl":{"start":{"line":38,"column":41},"end":{"line":38,"column":42}},"loc":{"start":{"line":38,"column":56},"end":{"line":54,"column":4}},"line":38},"5":{"name":"(anonymous_5)","decl":{"start":{"line":63,"column":20},"end":{"line":63,"column":21}},"loc":{"start":{"line":63,"column":28},"end":{"line":64,"column":null}},"line":63}},"branchMap":{"0":{"loc":{"start":{"line":20,"column":2},"end":{"line":20,"column":null}},"type":"default-arg","locations":[{"start":{"line":20,"column":21},"end":{"line":20,"column":null}}],"line":20},"1":{"loc":{"start":{"line":21,"column":2},"end":{"line":21,"column":null}},"type":"default-arg","locations":[{"start":{"line":21,"column":16},"end":{"line":21,"column":null}}],"line":21},"2":{"loc":{"start":{"line":28,"column":4},"end":{"line":30,"column":null}},"type":"if","locations":[{"start":{"line":28,"column":4},"end":{"line":30,"column":null}},{"start":{},"end":{}}],"line":28},"3":{"loc":{"start":{"line":28,"column":8},"end":{"line":28,"column":47}},"type":"binary-expr","locations":[{"start":{"line":28,"column":8},"end":{"line":28,"column":35}},{"start":{"line":28,"column":35},"end":{"line":28,"column":47}}],"line":28},"4":{"loc":{"start":{"line":34,"column":29},"end":{"line":36,"column":null}},"type":"cond-expr","locations":[{"start":{"line":35,"column":6},"end":{"line":35,"column":null}},{"start":{"line":36,"column":6},"end":{"line":36,"column":null}}],"line":34},"5":{"loc":{"start":{"line":42,"column":9},"end":{"line":42,"column":null}},"type":"binary-expr","locations":[{"start":{"line":42,"column":9},"end":{"line":42,"column":26}},{"start":{"line":42,"column":26},"end":{"line":42,"column":null}}],"line":42},"6":{"loc":{"start":{"line":44,"column":9},"end":{"line":50,"column":null}},"type":"binary-expr","locations":[{"start":{"line":44,"column":9},"end":{"line":44,"column":null}},{"start":{"line":45,"column":10},"end":{"line":50,"column":null}}],"line":44},"7":{"loc":{"start":{"line":46,"column":19},"end":{"line":46,"column":null}},"type":"cond-expr","locations":[{"start":{"line":46,"column":59},"end":{"line":46,"column":69}},{"start":{"line":46,"column":69},"end":{"line":46,"column":null}}],"line":46},"8":{"loc":{"start":{"line":61,"column":23},"end":{"line":61,"column":null}},"type":"cond-expr","locations":[{"start":{"line":61,"column":35},"end":{"line":61,"column":59}},{"start":{"line":61,"column":59},"end":{"line":61,"column":null}}],"line":61},"9":{"loc":{"start":{"line":64,"column":9},"end":{"line":64,"column":42}},"type":"binary-expr","locations":[{"start":{"line":64,"column":9},"end":{"line":64,"column":38}},{"start":{"line":64,"column":38},"end":{"line":64,"column":42}}],"line":64}},"s":{"0":0,"1":0,"2":0,"3":0,"4":0,"5":0,"6":0,"7":0,"8":0,"9":0,"10":0,"11":0,"12":0},"f":{"0":0,"1":0,"2":0,"3":0,"4":0,"5":0},"b":{"0":[0],"1":[0],"2":[0,0],"3":[0,0],"4":[0,0],"5":[0,0],"6":[0,0],"7":[0,0],"8":[0,0],"9":[0,0]},"meta":{"lastBranch":10,"lastFunction":6,"lastStatement":13,"seen":{"s:18:61:69:Infinity":0,"f:18:61:18:62":0,"b:20:21:20:Infinity":0,"b:21:16:21:Infinity":1,"s:24:8:24:Infinity":1,"s:25:32:25:Infinity":2,"f:25:51:25:52":1,"s:25:62:25:78":3,"s:27:2:31:Infinity":4,"f:27:12:27:18":2,"b:28:4:30:Infinity:undefined:undefined:undefined:undefined":2,"s:28:4:30:Infinity":5,"b:28:8:28:35:28:35:28:47":3,"s:29:6:29:Infinity":6,"s:34:29:36:Infinity":7,"b:35:6:35:Infinity:36:6:36:Infinity":4,"f:35:24:35:25":3,"s:35:33:35:58":8,"s:38:18:54:Infinity":9,"f:38:41:38:42":4,"s:38:56:54:4":10,"b:42:9:42:26:42:26:42:Infinity":5,"b:44:9:44:Infinity:45:10:50:Infinity":6,"b:46:59:46:69:46:69:46:Infinity":7,"s:56:2:67:Infinity":11,"b:61:35:61:59:61:59:61:Infinity":8,"f:63:20:63:21":5,"s:63:28:64:Infinity":12,"b:64:9:64:38:64:38:64:42":9}}}
,"/Users/nguyenducmanh/Documents/Work/expense-flow/ExpenseFlow/front-end/src/components/atoms/ChartCard.tsx": {"path":"/Users/nguyenducmanh/Documents/Work/expense-flow/ExpenseFlow/front-end/src/components/atoms/ChartCard.tsx","statementMap":{"0":{"start":{"line":9,"column":24},"end":{"line":9,"column":null}},"1":{"start":{"line":22,"column":51},"end":{"line":59,"column":null}},"2":{"start":{"line":32,"column":2},"end":{"line":57,"column":null}}},"fnMap":{"0":{"name":"(anonymous_0)","decl":{"start":{"line":22,"column":51},"end":{"line":22,"column":52}},"loc":{"start":{"line":31,"column":6},"end":{"line":59,"column":null}},"line":31}},"branchMap":{"0":{"loc":{"start":{"line":26,"column":2},"end":{"line":26,"column":null}},"type":"default-arg","locations":[{"start":{"line":26,"column":12},"end":{"line":26,"column":null}}],"line":26},"1":{"loc":{"start":{"line":28,"column":2},"end":{"line":28,"column":null}},"type":"default-arg","locations":[{"start":{"line":28,"column":11},"end":{"line":28,"column":null}}],"line":28},"2":{"loc":{"start":{"line":29,"column":2},"end":{"line":29,"column":null}},"type":"default-arg","locations":[{"start":{"line":29,"column":14},"end":{"line":29,"column":null}}],"line":29},"3":{"loc":{"start":{"line":30,"column":2},"end":{"line":30,"column":null}},"type":"default-arg","locations":[{"start":{"line":30,"column":12},"end":{"line":30,"column":null}}],"line":30},"4":{"loc":{"start":{"line":40,"column":11},"end":{"line":43,"column":null}},"type":"binary-expr","locations":[{"start":{"line":40,"column":11},"end":{"line":40,"column":null}},{"start":{"line":41,"column":12},"end":{"line":43,"column":null}}],"line":40},"5":{"loc":{"start":{"line":51,"column":9},"end":{"line":54,"column":null}},"type":"cond-expr","locations":[{"start":{"line":52,"column":10},"end":{"line":52,"column":null}},{"start":{"line":54,"column":10},"end":{"line":54,"column":null}}],"line":51}},"s":{"0":0,"1":0,"2":0},"f":{"0":0},"b":{"0":[0],"1":[0],"2":[0],"3":[0],"4":[0,0],"5":[0,0]},"meta":{"lastBranch":6,"lastFunction":1,"lastStatement":3,"seen":{"s:9:24:9:Infinity":0,"s:22:51:59:Infinity":1,"f:22:51:22:52":0,"b:26:12:26:Infinity":0,"b:28:11:28:Infinity":1,"b:29:14:29:Infinity":2,"b:30:12:30:Infinity":3,"s:32:2:57:Infinity":2,"b:40:11:40:Infinity:41:12:43:Infinity":4,"b:52:10:52:Infinity:54:10:54:Infinity":5}}}
,"/Users/nguyenducmanh/Documents/Work/expense-flow/ExpenseFlow/front-end/src/components/atoms/EnumSelect.tsx": {"path":"/Users/nguyenducmanh/Documents/Work/expense-flow/ExpenseFlow/front-end/src/components/atoms/EnumSelect.tsx","statementMap":{"0":{"start":{"line":23,"column":17},"end":{"line":23,"column":null}},"1":{"start":{"line":26,"column":25},"end":{"line":26,"column":null}},"2":{"start":{"line":26,"column":50},"end":{"line":26,"column":80}},"3":{"start":{"line":29,"column":18},"end":{"line":32,"column":null}},"4":{"start":{"line":29,"column":49},"end":{"line":32,"column":4}},"5":{"start":{"line":34,"column":2},"end":{"line":34,"column":null}}},"fnMap":{"0":{"name":"EnumSelect","decl":{"start":{"line":15,"column":16},"end":{"line":15,"column":45}},"loc":{"start":{"line":21,"column":23},"end":{"line":35,"column":null}},"line":21},"1":{"name":"(anonymous_1)","decl":{"start":{"line":26,"column":39},"end":{"line":26,"column":40}},"loc":{"start":{"line":26,"column":50},"end":{"line":26,"column":80}},"line":26},"2":{"name":"(anonymous_2)","decl":{"start":{"line":29,"column":37},"end":{"line":29,"column":38}},"loc":{"start":{"line":29,"column":49},"end":{"line":32,"column":4}},"line":29}},"branchMap":{"0":{"loc":{"start":{"line":18,"column":2},"end":{"line":18,"column":null}},"type":"default-arg","locations":[{"start":{"line":18,"column":18},"end":{"line":18,"column":null}}],"line":18},"1":{"loc":{"start":{"line":19,"column":2},"end":{"line":19,"column":null}},"type":"default-arg","locations":[{"start":{"line":19,"column":16},"end":{"line":19,"column":null}}],"line":19},"2":{"loc":{"start":{"line":23,"column":17},"end":{"line":23,"column":null}},"type":"binary-expr","locations":[{"start":{"line":23,"column":17},"end":{"line":23,"column":32}},{"start":{"line":23,"column":32},"end":{"line":23,"column":null}}],"line":23}},"s":{"0":0,"1":0,"2":0,"3":0,"4":0,"5":0},"f":{"0":0,"1":0,"2":0},"b":{"0":[0],"1":[0],"2":[0,0]},"meta":{"lastBranch":3,"lastFunction":3,"lastStatement":6,"seen":{"f:15:16:15:45":0,"b:18:18:18:Infinity":0,"b:19:16:19:Infinity":1,"s:23:17:23:Infinity":0,"b:23:17:23:32:23:32:23:Infinity":2,"s:26:25:26:Infinity":1,"f:26:39:26:40":1,"s:26:50:26:80":2,"s:29:18:32:Infinity":3,"f:29:37:29:38":2,"s:29:49:32:4":4,"s:34:2:34:Infinity":5}}}
,"/Users/nguyenducmanh/Documents/Work/expense-flow/ExpenseFlow/front-end/src/components/atoms/ProgressCard.tsx": {"path":"/Users/nguyenducmanh/Documents/Work/expense-flow/ExpenseFlow/front-end/src/components/atoms/ProgressCard.tsx","statementMap":{"0":{"start":{"line":9,"column":24},"end":{"line":9,"column":null}},"1":{"start":{"line":22,"column":57},"end":{"line":94,"column":null}},"2":{"start":{"line":32,"column":21},"end":{"line":32,"column":null}},"3":{"start":{"line":33,"column":23},"end":{"line":33,"column":null}},"4":{"start":{"line":35,"column":23},"end":{"line":42,"column":null}},"5":{"start":{"line":36,"column":4},"end":{"line":40,"column":null}},"6":{"start":{"line":37,"column":6},"end":{"line":37,"column":null}},"7":{"start":{"line":38,"column":4},"end":{"line":40,"column":null}},"8":{"start":{"line":39,"column":6},"end":{"line":39,"column":null}},"9":{"start":{"line":41,"column":4},"end":{"line":41,"column":null}},"10":{"start":{"line":44,"column":27},"end":{"line":49,"column":null}},"11":{"start":{"line":45,"column":4},"end":{"line":45,"column":null}},"12":{"start":{"line":45,"column":15},"end":{"line":45,"column":null}},"13":{"start":{"line":46,"column":4},"end":{"line":46,"column":null}},"14":{"start":{"line":46,"column":22},"end":{"line":46,"column":null}},"15":{"start":{"line":47,"column":4},"end":{"line":47,"column":null}},"16":{"start":{"line":47,"column":26},"end":{"line":47,"column":null}},"17":{"start":{"line":48,"column":4},"end":{"line":48,"column":null}},"18":{"start":{"line":51,"column":2},"end":{"line":92,"column":null}}},"fnMap":{"0":{"name":"(anonymous_0)","decl":{"start":{"line":22,"column":57},"end":{"line":22,"column":58}},"loc":{"start":{"line":31,"column":6},"end":{"line":94,"column":null}},"line":31},"1":{"name":"(anonymous_1)","decl":{"start":{"line":35,"column":23},"end":{"line":35,"column":24}},"loc":{"start":{"line":35,"column":51},"end":{"line":42,"column":null}},"line":35},"2":{"name":"(anonymous_2)","decl":{"start":{"line":44,"column":27},"end":{"line":44,"column":41}},"loc":{"start":{"line":44,"column":41},"end":{"line":49,"column":null}},"line":44}},"branchMap":{"0":{"loc":{"start":{"line":26,"column":2},"end":{"line":26,"column":null}},"type":"default-arg","locations":[{"start":{"line":26,"column":13},"end":{"line":26,"column":null}}],"line":26},"1":{"loc":{"start":{"line":32,"column":21},"end":{"line":32,"column":null}},"type":"cond-expr","locations":[{"start":{"line":32,"column":34},"end":{"line":32,"column":73}},{"start":{"line":32,"column":73},"end":{"line":32,"column":null}}],"line":32},"2":{"loc":{"start":{"line":36,"column":4},"end":{"line":40,"column":null}},"type":"if","locations":[{"start":{"line":36,"column":4},"end":{"line":40,"column":null}},{"start":{"line":38,"column":4},"end":{"line":40,"column":null}}],"line":36},"3":{"loc":{"start":{"line":38,"column":4},"end":{"line":40,"column":null}},"type":"if","locations":[{"start":{"line":38,"column":4},"end":{"line":40,"column":null}},{"start":{},"end":{}}],"line":38},"4":{"loc":{"start":{"line":45,"column":4},"end":{"line":45,"column":null}},"type":"if","locations":[{"start":{"line":45,"column":4},"end":{"line":45,"column":null}},{"start":{},"end":{}}],"line":45},"5":{"loc":{"start":{"line":46,"column":4},"end":{"line":46,"column":null}},"type":"if","locations":[{"start":{"line":46,"column":4},"end":{"line":46,"column":null}},{"start":{},"end":{}}],"line":46},"6":{"loc":{"start":{"line":47,"column":4},"end":{"line":47,"column":null}},"type":"if","locations":[{"start":{"line":47,"column":4},"end":{"line":47,"column":null}},{"start":{},"end":{}}],"line":47},"7":{"loc":{"start":{"line":58,"column":11},"end":{"line":61,"column":null}},"type":"binary-expr","locations":[{"start":{"line":58,"column":11},"end":{"line":58,"column":null}},{"start":{"line":59,"column":12},"end":{"line":61,"column":null}}],"line":58},"8":{"loc":{"start":{"line":68,"column":18},"end":{"line":68,"column":null}},"type":"cond-expr","locations":[{"start":{"line":68,"column":33},"end":{"line":68,"column":47}},{"start":{"line":68,"column":47},"end":{"line":68,"column":null}}],"line":68}},"s":{"0":0,"1":0,"2":0,"3":0,"4":0,"5":0,"6":0,"7":0,"8":0,"9":0,"10":0,"11":0,"12":0,"13":0,"14":0,"15":0,"16":0,"17":0,"18":0},"f":{"0":0,"1":0,"2":0},"b":{"0":[0],"1":[0,0],"2":[0,0],"3":[0,0],"4":[0,0],"5":[0,0],"6":[0,0],"7":[0,0],"8":[0,0]},"meta":{"lastBranch":9,"lastFunction":3,"lastStatement":19,"seen":{"s:9:24:9:Infinity":0,"s:22:57:94:Infinity":1,"f:22:57:22:58":0,"b:26:13:26:Infinity":0,"s:32:21:32:Infinity":2,"b:32:34:32:73:32:73:32:Infinity":1,"s:33:23:33:Infinity":3,"s:35:23:42:Infinity":4,"f:35:23:35:24":1,"b:36:4:40:Infinity:38:4:40:Infinity":2,"s:36:4:40:Infinity":5,"s:37:6:37:Infinity":6,"b:38:4:40:Infinity:undefined:undefined:undefined:undefined":3,"s:38:4:40:Infinity":7,"s:39:6:39:Infinity":8,"s:41:4:41:Infinity":9,"s:44:27:49:Infinity":10,"f:44:27:44:41":2,"b:45:4:45:Infinity:undefined:undefined:undefined:undefined":4,"s:45:4:45:Infinity":11,"s:45:15:45:Infinity":12,"b:46:4:46:Infinity:undefined:undefined:undefined:undefined":5,"s:46:4:46:Infinity":13,"s:46:22:46:Infinity":14,"b:47:4:47:Infinity:undefined:undefined:undefined:undefined":6,"s:47:4:47:Infinity":15,"s:47:26:47:Infinity":16,"s:48:4:48:Infinity":17,"s:51:2:92:Infinity":18,"b:58:11:58:Infinity:59:12:61:Infinity":7,"b:68:33:68:47:68:47:68:Infinity":8}}}
,"/Users/nguyenducmanh/Documents/Work/expense-flow/ExpenseFlow/front-end/src/components/atoms/StatCard.tsx": {"path":"/Users/nguyenducmanh/Documents/Work/expense-flow/ExpenseFlow/front-end/src/components/atoms/StatCard.tsx","statementMap":{"0":{"start":{"line":22,"column":49},"end":{"line":78,"column":null}},"1":{"start":{"line":34,"column":24},"end":{"line":37,"column":null}},"2":{"start":{"line":35,"column":4},"end":{"line":35,"column":null}},"3":{"start":{"line":35,"column":16},"end":{"line":35,"column":null}},"4":{"start":{"line":36,"column":4},"end":{"line":36,"column":null}},"5":{"start":{"line":39,"column":23},"end":{"line":42,"column":null}},"6":{"start":{"line":40,"column":4},"end":{"line":40,"column":null}},"7":{"start":{"line":40,"column":16},"end":{"line":40,"column":null}},"8":{"start":{"line":41,"column":4},"end":{"line":41,"column":null}},"9":{"start":{"line":44,"column":2},"end":{"line":76,"column":null}}},"fnMap":{"0":{"name":"(anonymous_0)","decl":{"start":{"line":22,"column":49},"end":{"line":22,"column":50}},"loc":{"start":{"line":33,"column":6},"end":{"line":78,"column":null}},"line":33},"1":{"name":"(anonymous_1)","decl":{"start":{"line":34,"column":24},"end":{"line":34,"column":30}},"loc":{"start":{"line":34,"column":30},"end":{"line":37,"column":null}},"line":34},"2":{"name":"(anonymous_2)","decl":{"start":{"line":39,"column":23},"end":{"line":39,"column":29}},"loc":{"start":{"line":39,"column":29},"end":{"line":42,"column":null}},"line":39}},"branchMap":{"0":{"loc":{"start":{"line":30,"column":2},"end":{"line":30,"column":null}},"type":"default-arg","locations":[{"start":{"line":30,"column":12},"end":{"line":30,"column":null}}],"line":30},"1":{"loc":{"start":{"line":35,"column":4},"end":{"line":35,"column":null}},"type":"if","locations":[{"start":{"line":35,"column":4},"end":{"line":35,"column":null}},{"start":{},"end":{}}],"line":35},"2":{"loc":{"start":{"line":36,"column":11},"end":{"line":36,"column":null}},"type":"cond-expr","locations":[{"start":{"line":36,"column":28},"end":{"line":36,"column":40}},{"start":{"line":36,"column":40},"end":{"line":36,"column":null}}],"line":36},"3":{"loc":{"start":{"line":40,"column":4},"end":{"line":40,"column":null}},"type":"if","locations":[{"start":{"line":40,"column":4},"end":{"line":40,"column":null}},{"start":{},"end":{}}],"line":40},"4":{"loc":{"start":{"line":41,"column":11},"end":{"line":41,"column":null}},"type":"cond-expr","locations":[{"start":{"line":41,"column":28},"end":{"line":41,"column":50}},{"start":{"line":41,"column":50},"end":{"line":41,"column":null}}],"line":41},"5":{"loc":{"start":{"line":53,"column":33},"end":{"line":53,"column":52}},"type":"binary-expr","locations":[{"start":{"line":53,"column":33},"end":{"line":53,"column":42}},{"start":{"line":53,"column":42},"end":{"line":53,"column":52}}],"line":53},"6":{"loc":{"start":{"line":56,"column":11},"end":{"line":60,"column":null}},"type":"binary-expr","locations":[{"start":{"line":56,"column":11},"end":{"line":56,"column":39}},{"start":{"line":56,"column":39},"end":{"line":56,"column":null}},{"start":{"line":57,"column":12},"end":{"line":60,"column":null}}],"line":56},"7":{"loc":{"start":{"line":63,"column":9},"end":{"line":73,"column":null}},"type":"binary-expr","locations":[{"start":{"line":63,"column":9},"end":{"line":63,"column":null}},{"start":{"line":64,"column":10},"end":{"line":73,"column":null}}],"line":63},"8":{"loc":{"start":{"line":67,"column":21},"end":{"line":67,"column":null}},"type":"binary-expr","locations":[{"start":{"line":67,"column":21},"end":{"line":67,"column":30}},{"start":{"line":67,"column":30},"end":{"line":67,"column":null}}],"line":67}},"s":{"0":0,"1":0,"2":0,"3":0,"4":0,"5":0,"6":0,"7":0,"8":0,"9":0},"f":{"0":0,"1":0,"2":0},"b":{"0":[0],"1":[0,0],"2":[0,0],"3":[0,0],"4":[0,0],"5":[0,0],"6":[0,0,0],"7":[0,0],"8":[0,0]},"meta":{"lastBranch":9,"lastFunction":3,"lastStatement":10,"seen":{"s:22:49:78:Infinity":0,"f:22:49:22:50":0,"b:30:12:30:Infinity":0,"s:34:24:37:Infinity":1,"f:34:24:34:30":1,"b:35:4:35:Infinity:undefined:undefined:undefined:undefined":1,"s:35:4:35:Infinity":2,"s:35:16:35:Infinity":3,"s:36:4:36:Infinity":4,"b:36:28:36:40:36:40:36:Infinity":2,"s:39:23:42:Infinity":5,"f:39:23:39:29":2,"b:40:4:40:Infinity:undefined:undefined:undefined:undefined":3,"s:40:4:40:Infinity":6,"s:40:16:40:Infinity":7,"s:41:4:41:Infinity":8,"b:41:28:41:50:41:50:41:Infinity":4,"s:44:2:76:Infinity":9,"b:53:33:53:42:53:42:53:52":5,"b:56:11:56:39:56:39:56:Infinity:57:12:60:Infinity":6,"b:63:9:63:Infinity:64:10:73:Infinity":7,"b:67:21:67:30:67:30:67:Infinity":8}}}
,"/Users/nguyenducmanh/Documents/Work/expense-flow/ExpenseFlow/front-end/src/components/atoms/index.ts": {"path":"/Users/nguyenducmanh/Documents/Work/expense-flow/ExpenseFlow/front-end/src/components/atoms/index.ts","statementMap":{},"fnMap":{},"branchMap":{},"s":{},"f":{},"b":{},"meta":{"lastBranch":0,"lastFunction":0,"lastStatement":0,"seen":{}}}
,"/Users/nguyenducmanh/Documents/Work/expense-flow/ExpenseFlow/front-end/src/components/atoms/Badge/Badge.tsx": {"path":"/Users/nguyenducmanh/Documents/Work/expense-flow/ExpenseFlow/front-end/src/components/atoms/Badge/Badge.tsx","statementMap":{"0":{"start":{"line":15,"column":24},"end":{"line":25,"column":null}},"1":{"start":{"line":16,"column":65},"end":{"line":23,"column":null}},"2":{"start":{"line":24,"column":2},"end":{"line":24,"column":null}},"3":{"start":{"line":27,"column":20},"end":{"line":68,"column":null}},"4":{"start":{"line":38,"column":4},"end":{"line":46,"column":null}},"5":{"start":{"line":40,"column":8},"end":{"line":40,"column":null}},"6":{"start":{"line":42,"column":8},"end":{"line":42,"column":null}},"7":{"start":{"line":45,"column":8},"end":{"line":45,"column":null}},"8":{"start":{"line":49,"column":4},"end":{"line":57,"column":null}},"9":{"start":{"line":51,"column":8},"end":{"line":51,"column":null}},"10":{"start":{"line":53,"column":8},"end":{"line":53,"column":null}},"11":{"start":{"line":56,"column":8},"end":{"line":56,"column":null}},"12":{"start":{"line":60,"column":31},"end":{"line":60,"column":63}},"13":{"start":{"line":63,"column":20},"end":{"line":63,"column":null}},"14":{"start":{"line":64,"column":4},"end":{"line":66,"column":null}},"15":{"start":{"line":86,"column":44},"end":{"line":109,"column":null}},"16":{"start":{"line":96,"column":2},"end":{"line":107,"column":null}}},"fnMap":{"0":{"name":"(anonymous_0)","decl":{"start":{"line":15,"column":24},"end":{"line":15,"column":25}},"loc":{"start":{"line":15,"column":43},"end":{"line":25,"column":null}},"line":15},"1":{"name":"(anonymous_1)","decl":{"start":{"line":37,"column":13},"end":{"line":37,"column":14}},"loc":{"start":{"line":37,"column":24},"end":{"line":47,"column":3}},"line":37},"2":{"name":"(anonymous_2)","decl":{"start":{"line":48,"column":15},"end":{"line":48,"column":16}},"loc":{"start":{"line":48,"column":26},"end":{"line":58,"column":3}},"line":48},"3":{"name":"(anonymous_3)","decl":{"start":{"line":60,"column":19},"end":{"line":60,"column":20}},"loc":{"start":{"line":60,"column":31},"end":{"line":60,"column":63}},"line":60},"4":{"name":"(anonymous_4)","decl":{"start":{"line":62,"column":4},"end":{"line":62,"column":5}},"loc":{"start":{"line":62,"column":15},"end":{"line":68,"column":3}},"line":62},"5":{"name":"(anonymous_5)","decl":{"start":{"line":86,"column":44},"end":{"line":86,"column":45}},"loc":{"start":{"line":95,"column":6},"end":{"line":109,"column":null}},"line":95}},"branchMap":{"0":{"loc":{"start":{"line":24,"column":9},"end":{"line":24,"column":null}},"type":"binary-expr","locations":[{"start":{"line":24,"column":9},"end":{"line":24,"column":28}},{"start":{"line":24,"column":28},"end":{"line":24,"column":null}}],"line":24},"1":{"loc":{"start":{"line":38,"column":4},"end":{"line":46,"column":null}},"type":"switch","locations":[{"start":{"line":39,"column":6},"end":{"line":40,"column":null}},{"start":{"line":41,"column":6},"end":{"line":42,"column":null}},{"start":{"line":43,"column":6},"end":{"line":43,"column":null}},{"start":{"line":44,"column":6},"end":{"line":45,"column":null}}],"line":38},"2":{"loc":{"start":{"line":49,"column":4},"end":{"line":57,"column":null}},"type":"switch","locations":[{"start":{"line":50,"column":6},"end":{"line":51,"column":null}},{"start":{"line":52,"column":6},"end":{"line":53,"column":null}},{"start":{"line":54,"column":6},"end":{"line":54,"column":null}},{"start":{"line":55,"column":6},"end":{"line":56,"column":null}}],"line":49},"3":{"loc":{"start":{"line":60,"column":31},"end":{"line":60,"column":63}},"type":"cond-expr","locations":[{"start":{"line":60,"column":48},"end":{"line":60,"column":57}},{"start":{"line":60,"column":57},"end":{"line":60,"column":63}}],"line":60},"4":{"loc":{"start":{"line":65,"column":26},"end":{"line":65,"column":62}},"type":"binary-expr","locations":[{"start":{"line":65,"column":26},"end":{"line":65,"column":52}},{"start":{"line":65,"column":52},"end":{"line":65,"column":62}}],"line":65},"5":{"loc":{"start":{"line":66,"column":15},"end":{"line":66,"column":47}},"type":"binary-expr","locations":[{"start":{"line":66,"column":15},"end":{"line":66,"column":35}},{"start":{"line":66,"column":35},"end":{"line":66,"column":47}}],"line":66},"6":{"loc":{"start":{"line":88,"column":2},"end":{"line":88,"column":null}},"type":"default-arg","locations":[{"start":{"line":88,"column":10},"end":{"line":88,"column":null}}],"line":88},"7":{"loc":{"start":{"line":89,"column":2},"end":{"line":89,"column":null}},"type":"default-arg","locations":[{"start":{"line":89,"column":9},"end":{"line":89,"column":null}}],"line":89},"8":{"loc":{"start":{"line":94,"column":2},"end":{"line":94,"column":null}},"type":"default-arg","locations":[{"start":{"line":94,"column":12},"end":{"line":94,"column":null}}],"line":94},"9":{"loc":{"start":{"line":105,"column":7},"end":{"line":105,"column":null}},"type":"binary-expr","locations":[{"start":{"line":105,"column":7},"end":{"line":105,"column":15}},{"start":{"line":105,"column":15},"end":{"line":105,"column":null}}],"line":105}},"s":{"0":0,"1":0,"2":0,"3":0,"4":0,"5":0,"6":0,"7":0,"8":0,"9":0,"10":0,"11":0,"12":0,"13":0,"14":0,"15":0,"16":0},"f":{"0":0,"1":0,"2":0,"3":0,"4":0,"5":0},"b":{"0":[0,0],"1":[0,0,0,0],"2":[0,0,0,0],"3":[0,0],"4":[0,0],"5":[0,0],"6":[0],"7":[0],"8":[0],"9":[0,0]},"meta":{"lastBranch":10,"lastFunction":6,"lastStatement":17,"seen":{"s:15:24:25:Infinity":0,"f:15:24:15:25":0,"s:16:65:23:Infinity":1,"s:24:2:24:Infinity":2,"b:24:9:24:28:24:28:24:Infinity":0,"s:27:20:68:Infinity":3,"f:37:13:37:14":1,"b:39:6:40:Infinity:41:6:42:Infinity:43:6:43:Infinity:44:6:45:Infinity":1,"s:38:4:46:Infinity":4,"s:40:8:40:Infinity":5,"s:42:8:42:Infinity":6,"s:45:8:45:Infinity":7,"f:48:15:48:16":2,"b:50:6:51:Infinity:52:6:53:Infinity:54:6:54:Infinity:55:6:56:Infinity":2,"s:49:4:57:Infinity":8,"s:51:8:51:Infinity":9,"s:53:8:53:Infinity":10,"s:56:8:56:Infinity":11,"f:60:19:60:20":3,"s:60:31:60:63":12,"b:60:48:60:57:60:57:60:63":3,"f:62:4:62:5":4,"s:63:20:63:Infinity":13,"s:64:4:66:Infinity":14,"b:65:26:65:52:65:52:65:62":4,"b:66:15:66:35:66:35:66:47":5,"s:86:44:109:Infinity":15,"f:86:44:86:45":5,"b:88:10:88:Infinity":6,"b:89:9:89:Infinity":7,"b:94:12:94:Infinity":8,"s:96:2:107:Infinity":16,"b:105:7:105:15:105:15:105:Infinity":9}}}
,"/Users/nguyenducmanh/Documents/Work/expense-flow/ExpenseFlow/front-end/src/components/atoms/Badge/Badge.types.ts": {"path":"/Users/nguyenducmanh/Documents/Work/expense-flow/ExpenseFlow/front-end/src/components/atoms/Badge/Badge.types.ts","statementMap":{},"fnMap":{},"branchMap":{},"s":{},"f":{},"b":{},"meta":{"lastBranch":0,"lastFunction":0,"lastStatement":0,"seen":{}}}
,"/Users/nguyenducmanh/Documents/Work/expense-flow/ExpenseFlow/front-end/src/components/atoms/Badge/index.ts": {"path":"/Users/nguyenducmanh/Documents/Work/expense-flow/ExpenseFlow/front-end/src/components/atoms/Badge/index.ts","statementMap":{},"fnMap":{},"branchMap":{},"s":{},"f":{},"b":{},"meta":{"lastBranch":0,"lastFunction":0,"lastStatement":0,"seen":{}}}
,"/Users/nguyenducmanh/Documents/Work/expense-flow/ExpenseFlow/front-end/src/components/atoms/Button/Button.tsx": {"path":"/Users/nguyenducmanh/Documents/Work/expense-flow/ExpenseFlow/front-end/src/components/atoms/Button/Button.tsx","statementMap":{"0":{"start":{"line":17,"column":21},"end":{"line":123,"column":null}},"1":{"start":{"line":31,"column":24},"end":{"line":31,"column":86}},"2":{"start":{"line":34,"column":25},"end":{"line":34,"column":51}},"3":{"start":{"line":35,"column":22},"end":{"line":35,"column":44}},"4":{"start":{"line":39,"column":4},"end":{"line":59,"column":null}},"5":{"start":{"line":41,"column":8},"end":{"line":41,"column":null}},"6":{"start":{"line":47,"column":8},"end":{"line":47,"column":null}},"7":{"start":{"line":54,"column":8},"end":{"line":54,"column":null}},"8":{"start":{"line":64,"column":4},"end":{"line":122,"column":null}},"9":{"start":{"line":66,"column":8},"end":{"line":66,"column":null}},"10":{"start":{"line":79,"column":8},"end":{"line":79,"column":null}},"11":{"start":{"line":94,"column":8},"end":{"line":94,"column":null}},"12":{"start":{"line":107,"column":8},"end":{"line":107,"column":null}},"13":{"start":{"line":121,"column":8},"end":{"line":121,"column":null}},"14":{"start":{"line":147,"column":46},"end":{"line":176,"column":null}},"15":{"start":{"line":159,"column":2},"end":{"line":174,"column":null}}},"fnMap":{"0":{"name":"(anonymous_0)","decl":{"start":{"line":31,"column":12},"end":{"line":31,"column":13}},"loc":{"start":{"line":31,"column":24},"end":{"line":31,"column":86}},"line":31},"1":{"name":"(anonymous_1)","decl":{"start":{"line":34,"column":13},"end":{"line":34,"column":14}},"loc":{"start":{"line":34,"column":25},"end":{"line":34,"column":51}},"line":34},"2":{"name":"(anonymous_2)","decl":{"start":{"line":35,"column":11},"end":{"line":35,"column":12}},"loc":{"start":{"line":35,"column":22},"end":{"line":35,"column":44}},"line":35},"3":{"name":"(anonymous_3)","decl":{"start":{"line":38,"column":4},"end":{"line":38,"column":5}},"loc":{"start":{"line":38,"column":15},"end":{"line":60,"column":3}},"line":38},"4":{"name":"(anonymous_4)","decl":{"start":{"line":63,"column":4},"end":{"line":63,"column":5}},"loc":{"start":{"line":63,"column":15},"end":{"line":123,"column":3}},"line":63},"5":{"name":"(anonymous_5)","decl":{"start":{"line":147,"column":46},"end":{"line":147,"column":47}},"loc":{"start":{"line":158,"column":6},"end":{"line":176,"column":null}},"line":158}},"branchMap":{"0":{"loc":{"start":{"line":31,"column":24},"end":{"line":31,"column":86}},"type":"cond-expr","locations":[{"start":{"line":31,"column":60},"end":{"line":31,"column":76}},{"start":{"line":31,"column":76},"end":{"line":31,"column":86}}],"line":31},"1":{"loc":{"start":{"line":31,"column":24},"end":{"line":31,"column":60}},"type":"binary-expr","locations":[{"start":{"line":31,"column":24},"end":{"line":31,"column":43}},{"start":{"line":31,"column":43},"end":{"line":31,"column":60}}],"line":31},"2":{"loc":{"start":{"line":34,"column":25},"end":{"line":34,"column":51}},"type":"cond-expr","locations":[{"start":{"line":34,"column":43},"end":{"line":34,"column":49}},{"start":{"line":34,"column":49},"end":{"line":34,"column":51}}],"line":34},"3":{"loc":{"start":{"line":35,"column":22},"end":{"line":35,"column":44}},"type":"binary-expr","locations":[{"start":{"line":35,"column":22},"end":{"line":35,"column":38}},{"start":{"line":35,"column":38},"end":{"line":35,"column":44}}],"line":35},"4":{"loc":{"start":{"line":39,"column":4},"end":{"line":59,"column":null}},"type":"switch","locations":[{"start":{"line":40,"column":6},"end":{"line":41,"column":null}},{"start":{"line":46,"column":6},"end":{"line":47,"column":null}},{"start":{"line":52,"column":6},"end":{"line":52,"column":null}},{"start":{"line":53,"column":6},"end":{"line":54,"column":null}}],"line":39},"5":{"loc":{"start":{"line":64,"column":4},"end":{"line":122,"column":null}},"type":"switch","locations":[{"start":{"line":65,"column":6},"end":{"line":66,"column":null}},{"start":{"line":78,"column":6},"end":{"line":79,"column":null}},{"start":{"line":93,"column":6},"end":{"line":94,"column":null}},{"start":{"line":106,"column":6},"end":{"line":107,"column":null}},{"start":{"line":120,"column":6},"end":{"line":121,"column":null}}],"line":64},"6":{"loc":{"start":{"line":150,"column":2},"end":{"line":150,"column":null}},"type":"default-arg","locations":[{"start":{"line":150,"column":12},"end":{"line":150,"column":null}}],"line":150},"7":{"loc":{"start":{"line":151,"column":2},"end":{"line":151,"column":null}},"type":"default-arg","locations":[{"start":{"line":151,"column":9},"end":{"line":151,"column":null}}],"line":151},"8":{"loc":{"start":{"line":152,"column":2},"end":{"line":152,"column":null}},"type":"default-arg","locations":[{"start":{"line":152,"column":13},"end":{"line":152,"column":null}}],"line":152},"9":{"loc":{"start":{"line":153,"column":2},"end":{"line":153,"column":null}},"type":"default-arg","locations":[{"start":{"line":153,"column":12},"end":{"line":153,"column":null}}],"line":153},"10":{"loc":{"start":{"line":157,"column":2},"end":{"line":157,"column":null}},"type":"default-arg","locations":[{"start":{"line":157,"column":13},"end":{"line":157,"column":null}}],"line":157},"11":{"loc":{"start":{"line":163,"column":17},"end":{"line":163,"column":null}},"type":"binary-expr","locations":[{"start":{"line":163,"column":17},"end":{"line":163,"column":29}},{"start":{"line":163,"column":29},"end":{"line":163,"column":null}}],"line":163},"12":{"loc":{"start":{"line":168,"column":16},"end":{"line":168,"column":null}},"type":"binary-expr","locations":[{"start":{"line":168,"column":16},"end":{"line":168,"column":28}},{"start":{"line":168,"column":28},"end":{"line":168,"column":null}}],"line":168},"13":{"loc":{"start":{"line":171,"column":7},"end":{"line":171,"column":null}},"type":"binary-expr","locations":[{"start":{"line":171,"column":7},"end":{"line":171,"column":18}},{"start":{"line":171,"column":18},"end":{"line":171,"column":null}}],"line":171},"14":{"loc":{"start":{"line":172,"column":7},"end":{"line":172,"column":null}},"type":"binary-expr","locations":[{"start":{"line":172,"column":7},"end":{"line":172,"column":15}},{"start":{"line":172,"column":15},"end":{"line":172,"column":27}},{"start":{"line":172,"column":27},"end":{"line":172,"column":null}}],"line":172}},"s":{"0":0,"1":0,"2":0,"3":0,"4":0,"5":0,"6":0,"7":0,"8":0,"9":0,"10":0,"11":0,"12":0,"13":0,"14":0,"15":0},"f":{"0":0,"1":0,"2":0,"3":0,"4":0,"5":0},"b":{"0":[0,0],"1":[0,0],"2":[0,0],"3":[0,0],"4":[0,0,0,0],"5":[0,0,0,0,0],"6":[0],"7":[0],"8":[0],"9":[0],"10":[0],"11":[0,0],"12":[0,0],"13":[0,0],"14":[0,0,0]},"meta":{"lastBranch":15,"lastFunction":6,"lastStatement":16,"seen":{"s:17:21:123:Infinity":0,"f:31:12:31:13":0,"s:31:24:31:86":1,"b:31:60:31:76:31:76:31:86":0,"b:31:24:31:43:31:43:31:60":1,"f:34:13:34:14":1,"s:34:25:34:51":2,"b:34:43:34:49:34:49:34:51":2,"f:35:11:35:12":2,"s:35:22:35:44":3,"b:35:22:35:38:35:38:35:44":3,"f:38:4:38:5":3,"b:40:6:41:Infinity:46:6:47:Infinity:52:6:52:Infinity:53:6:54:Infinity":4,"s:39:4:59:Infinity":4,"s:41:8:41:Infinity":5,"s:47:8:47:Infinity":6,"s:54:8:54:Infinity":7,"f:63:4:63:5":4,"b:65:6:66:Infinity:78:6:79:Infinity:93:6:94:Infinity:106:6:107:Infinity:120:6:121:Infinity":5,"s:64:4:122:Infinity":8,"s:66:8:66:Infinity":9,"s:79:8:79:Infinity":10,"s:94:8:94:Infinity":11,"s:107:8:107:Infinity":12,"s:121:8:121:Infinity":13,"s:147:46:176:Infinity":14,"f:147:46:147:47":5,"b:150:12:150:Infinity":6,"b:151:9:151:Infinity":7,"b:152:13:152:Infinity":8,"b:153:12:153:Infinity":9,"b:157:13:157:Infinity":10,"s:159:2:174:Infinity":15,"b:163:17:163:29:163:29:163:Infinity":11,"b:168:16:168:28:168:28:168:Infinity":12,"b:171:7:171:18:171:18:171:Infinity":13,"b:172:7:172:15:172:15:172:27:172:27:172:Infinity":14}}}
,"/Users/nguyenducmanh/Documents/Work/expense-flow/ExpenseFlow/front-end/src/components/atoms/Button/Button.types.ts": {"path":"/Users/nguyenducmanh/Documents/Work/expense-flow/ExpenseFlow/front-end/src/components/atoms/Button/Button.types.ts","statementMap":{},"fnMap":{},"branchMap":{},"s":{},"f":{},"b":{},"meta":{"lastBranch":0,"lastFunction":0,"lastStatement":0,"seen":{}}}
,"/Users/nguyenducmanh/Documents/Work/expense-flow/ExpenseFlow/front-end/src/components/atoms/Button/index.ts": {"path":"/Users/nguyenducmanh/Documents/Work/expense-flow/ExpenseFlow/front-end/src/components/atoms/Button/index.ts","statementMap":{},"fnMap":{},"branchMap":{},"s":{},"f":{},"b":{},"meta":{"lastBranch":0,"lastFunction":0,"lastStatement":0,"seen":{}}}
,"/Users/nguyenducmanh/Documents/Work/expense-flow/ExpenseFlow/front-end/src/components/atoms/Card/Card.tsx": {"path":"/Users/nguyenducmanh/Documents/Work/expense-flow/ExpenseFlow/front-end/src/components/atoms/Card/Card.tsx","statementMap":{"0":{"start":{"line":15,"column":19},"end":{"line":42,"column":null}},"1":{"start":{"line":21,"column":33},"end":{"line":21,"column":68}},"2":{"start":{"line":22,"column":27},"end":{"line":22,"column":45}},"3":{"start":{"line":27,"column":4},"end":{"line":31,"column":24}},"4":{"start":{"line":34,"column":4},"end":{"line":35,"column":null}},"5":{"start":{"line":45,"column":25},"end":{"line":45,"column":null}},"6":{"start":{"line":52,"column":24},"end":{"line":52,"column":null}},"7":{"start":{"line":58,"column":24},"end":{"line":58,"column":null}},"8":{"start":{"line":63,"column":23},"end":{"line":63,"column":null}},"9":{"start":{"line":67,"column":25},"end":{"line":67,"column":null}},"10":{"start":{"line":98,"column":42},"end":{"line":129,"column":null}},"11":{"start":{"line":110,"column":2},"end":{"line":127,"column":null}}},"fnMap":{"0":{"name":"(anonymous_0)","decl":{"start":{"line":21,"column":22},"end":{"line":21,"column":23}},"loc":{"start":{"line":21,"column":33},"end":{"line":21,"column":68}},"line":21},"1":{"name":"(anonymous_1)","decl":{"start":{"line":22,"column":16},"end":{"line":22,"column":17}},"loc":{"start":{"line":22,"column":27},"end":{"line":22,"column":45}},"line":22},"2":{"name":"(anonymous_2)","decl":{"start":{"line":26,"column":4},"end":{"line":26,"column":5}},"loc":{"start":{"line":27,"column":4},"end":{"line":31,"column":24}},"line":27},"3":{"name":"(anonymous_3)","decl":{"start":{"line":33,"column":4},"end":{"line":33,"column":5}},"loc":{"start":{"line":34,"column":4},"end":{"line":35,"column":null}},"line":34},"4":{"name":"(anonymous_4)","decl":{"start":{"line":98,"column":42},"end":{"line":98,"column":43}},"loc":{"start":{"line":109,"column":6},"end":{"line":129,"column":null}},"line":109}},"branchMap":{"0":{"loc":{"start":{"line":21,"column":33},"end":{"line":21,"column":68}},"type":"binary-expr","locations":[{"start":{"line":21,"column":33},"end":{"line":21,"column":59}},{"start":{"line":21,"column":59},"end":{"line":21,"column":68}}],"line":21},"1":{"loc":{"start":{"line":27,"column":4},"end":{"line":31,"column":24}},"type":"cond-expr","locations":[{"start":{"line":28,"column":8},"end":{"line":28,"column":null}},{"start":{"line":29,"column":8},"end":{"line":31,"column":24}}],"line":27},"2":{"loc":{"start":{"line":29,"column":8},"end":{"line":31,"column":24}},"type":"cond-expr","locations":[{"start":{"line":30,"column":8},"end":{"line":30,"column":null}},{"start":{"line":31,"column":8},"end":{"line":31,"column":24}}],"line":29},"3":{"loc":{"start":{"line":34,"column":4},"end":{"line":35,"column":null}},"type":"binary-expr","locations":[{"start":{"line":34,"column":4},"end":{"line":34,"column":null}},{"start":{"line":35,"column":4},"end":{"line":35,"column":null}}],"line":34},"4":{"loc":{"start":{"line":103,"column":2},"end":{"line":103,"column":null}},"type":"default-arg","locations":[{"start":{"line":103,"column":14},"end":{"line":103,"column":null}}],"line":103},"5":{"loc":{"start":{"line":106,"column":2},"end":{"line":106,"column":null}},"type":"default-arg","locations":[{"start":{"line":106,"column":12},"end":{"line":106,"column":null}}],"line":106},"6":{"loc":{"start":{"line":107,"column":2},"end":{"line":107,"column":null}},"type":"default-arg","locations":[{"start":{"line":107,"column":16},"end":{"line":107,"column":null}}],"line":107},"7":{"loc":{"start":{"line":119,"column":8},"end":{"line":123,"column":null}},"type":"binary-expr","locations":[{"start":{"line":119,"column":8},"end":{"line":119,"column":17}},{"start":{"line":119,"column":17},"end":{"line":119,"column":null}},{"start":{"line":120,"column":8},"end":{"line":123,"column":null}}],"line":119},"8":{"loc":{"start":{"line":121,"column":11},"end":{"line":121,"column":null}},"type":"binary-expr","locations":[{"start":{"line":121,"column":11},"end":{"line":121,"column":20}},{"start":{"line":121,"column":20},"end":{"line":121,"column":null}}],"line":121},"9":{"loc":{"start":{"line":122,"column":11},"end":{"line":122,"column":null}},"type":"binary-expr","locations":[{"start":{"line":122,"column":11},"end":{"line":122,"column":20}},{"start":{"line":122,"column":20},"end":{"line":122,"column":null}}],"line":122},"10":{"loc":{"start":{"line":126,"column":7},"end":{"line":126,"column":null}},"type":"binary-expr","locations":[{"start":{"line":126,"column":7},"end":{"line":126,"column":17}},{"start":{"line":126,"column":17},"end":{"line":126,"column":null}}],"line":126}},"s":{"0":0,"1":0,"2":0,"3":0,"4":0,"5":0,"6":0,"7":0,"8":0,"9":0,"10":0,"11":0},"f":{"0":0,"1":0,"2":0,"3":0,"4":0},"b":{"0":[0,0],"1":[0,0],"2":[0,0],"3":[0,0],"4":[0],"5":[0],"6":[0],"7":[0,0,0],"8":[0,0],"9":[0,0],"10":[0,0]},"meta":{"lastBranch":11,"lastFunction":5,"lastStatement":12,"seen":{"s:15:19:42:Infinity":0,"f:21:22:21:23":0,"s:21:33:21:68":1,"b:21:33:21:59:21:59:21:68":0,"f:22:16:22:17":1,"s:22:27:22:45":2,"f:26:4:26:5":2,"s:27:4:31:24":3,"b:28:8:28:Infinity:29:8:31:24":1,"b:30:8:30:Infinity:31:8:31:24":2,"f:33:4:33:5":3,"s:34:4:35:Infinity":4,"b:34:4:34:Infinity:35:4:35:Infinity":3,"s:45:25:45:Infinity":5,"s:52:24:52:Infinity":6,"s:58:24:58:Infinity":7,"s:63:23:63:Infinity":8,"s:67:25:67:Infinity":9,"s:98:42:129:Infinity":10,"f:98:42:98:43":4,"b:103:14:103:Infinity":4,"b:106:12:106:Infinity":5,"b:107:16:107:Infinity":6,"s:110:2:127:Infinity":11,"b:119:8:119:17:119:17:119:Infinity:120:8:123:Infinity":7,"b:121:11:121:20:121:20:121:Infinity":8,"b:122:11:122:20:122:20:122:Infinity":9,"b:126:7:126:17:126:17:126:Infinity":10}}}
,"/Users/nguyenducmanh/Documents/Work/expense-flow/ExpenseFlow/front-end/src/components/atoms/Card/Card.types.ts": {"path":"/Users/nguyenducmanh/Documents/Work/expense-flow/ExpenseFlow/front-end/src/components/atoms/Card/Card.types.ts","statementMap":{},"fnMap":{},"branchMap":{},"s":{},"f":{},"b":{},"meta":{"lastBranch":0,"lastFunction":0,"lastStatement":0,"seen":{}}}
,"/Users/nguyenducmanh/Documents/Work/expense-flow/ExpenseFlow/front-end/src/components/atoms/Card/index.ts": {"path":"/Users/nguyenducmanh/Documents/Work/expense-flow/ExpenseFlow/front-end/src/components/atoms/Card/index.ts","statementMap":{},"fnMap":{},"branchMap":{},"s":{},"f":{},"b":{},"meta":{"lastBranch":0,"lastFunction":0,"lastStatement":0,"seen":{}}}
,"/Users/nguyenducmanh/Documents/Work/expense-flow/ExpenseFlow/front-end/src/components/atoms/Checkbox/Checkbox.tsx": {"path":"/Users/nguyenducmanh/Documents/Work/expense-flow/ExpenseFlow/front-end/src/components/atoms/Checkbox/Checkbox.tsx","statementMap":{"0":{"start":{"line":14,"column":24},"end":{"line":14,"column":null}},"1":{"start":{"line":38,"column":50},"end":{"line":71,"column":null}},"2":{"start":{"line":51,"column":23},"end":{"line":55,"column":null}},"3":{"start":{"line":52,"column":4},"end":{"line":54,"column":null}},"4":{"start":{"line":53,"column":6},"end":{"line":53,"column":null}},"5":{"start":{"line":57,"column":2},"end":{"line":69,"column":null}}},"fnMap":{"0":{"name":"(anonymous_0)","decl":{"start":{"line":38,"column":50},"end":{"line":38,"column":51}},"loc":{"start":{"line":47,"column":6},"end":{"line":71,"column":null}},"line":47},"1":{"name":"(anonymous_1)","decl":{"start":{"line":51,"column":23},"end":{"line":51,"column":24}},"loc":{"start":{"line":51,"column":35},"end":{"line":55,"column":null}},"line":51}},"branchMap":{"0":{"loc":{"start":{"line":43,"column":2},"end":{"line":43,"column":null}},"type":"default-arg","locations":[{"start":{"line":43,"column":13},"end":{"line":43,"column":null}}],"line":43},"1":{"loc":{"start":{"line":44,"column":2},"end":{"line":44,"column":null}},"type":"default-arg","locations":[{"start":{"line":44,"column":18},"end":{"line":44,"column":null}}],"line":44},"2":{"loc":{"start":{"line":46,"column":2},"end":{"line":46,"column":null}},"type":"default-arg","locations":[{"start":{"line":46,"column":14},"end":{"line":46,"column":null}}],"line":46},"3":{"loc":{"start":{"line":52,"column":4},"end":{"line":54,"column":null}},"type":"if","locations":[{"start":{"line":52,"column":4},"end":{"line":54,"column":null}},{"start":{},"end":{}}],"line":52}},"s":{"0":0,"1":0,"2":0,"3":0,"4":0,"5":0},"f":{"0":0,"1":0},"b":{"0":[0],"1":[0],"2":[0],"3":[0,0]},"meta":{"lastBranch":4,"lastFunction":2,"lastStatement":6,"seen":{"s:14:24:14:Infinity":0,"s:38:50:71:Infinity":1,"f:38:50:38:51":0,"b:43:13:43:Infinity":0,"b:44:18:44:Infinity":1,"b:46:14:46:Infinity":2,"s:51:23:55:Infinity":2,"f:51:23:51:24":1,"b:52:4:54:Infinity:undefined:undefined:undefined:undefined":3,"s:52:4:54:Infinity":3,"s:53:6:53:Infinity":4,"s:57:2:69:Infinity":5}}}
,"/Users/nguyenducmanh/Documents/Work/expense-flow/ExpenseFlow/front-end/src/components/atoms/Checkbox/Checkbox.types.ts": {"path":"/Users/nguyenducmanh/Documents/Work/expense-flow/ExpenseFlow/front-end/src/components/atoms/Checkbox/Checkbox.types.ts","statementMap":{},"fnMap":{},"branchMap":{},"s":{},"f":{},"b":{},"meta":{"lastBranch":0,"lastFunction":0,"lastStatement":0,"seen":{}}}
,"/Users/nguyenducmanh/Documents/Work/expense-flow/ExpenseFlow/front-end/src/components/atoms/Checkbox/index.ts": {"path":"/Users/nguyenducmanh/Documents/Work/expense-flow/ExpenseFlow/front-end/src/components/atoms/Checkbox/index.ts","statementMap":{},"fnMap":{},"branchMap":{},"s":{},"f":{},"b":{},"meta":{"lastBranch":0,"lastFunction":0,"lastStatement":0,"seen":{}}}
,"/Users/nguyenducmanh/Documents/Work/expense-flow/ExpenseFlow/front-end/src/components/atoms/CurrencyInput/CurrencyInput.tsx": {"path":"/Users/nguyenducmanh/Documents/Work/expense-flow/ExpenseFlow/front-end/src/components/atoms/CurrencyInput/CurrencyInput.tsx","statementMap":{"0":{"start":{"line":11,"column":60},"end":{"line":90,"column":null}},"1":{"start":{"line":20,"column":38},"end":{"line":20,"column":null}},"2":{"start":{"line":23,"column":2},"end":{"line":29,"column":null}},"3":{"start":{"line":24,"column":4},"end":{"line":28,"column":null}},"4":{"start":{"line":25,"column":6},"end":{"line":25,"column":null}},"5":{"start":{"line":27,"column":6},"end":{"line":27,"column":null}},"6":{"start":{"line":31,"column":23},"end":{"line":63,"column":null}},"7":{"start":{"line":32,"column":21},"end":{"line":32,"column":null}},"8":{"start":{"line":35,"column":27},"end":{"line":35,"column":null}},"9":{"start":{"line":36,"column":4},"end":{"line":36,"column":null}},"10":{"start":{"line":39,"column":23},"end":{"line":39,"column":null}},"11":{"start":{"line":42,"column":10},"end":{"line":42,"column":null}},"12":{"start":{"line":45,"column":4},"end":{"line":53,"column":null}},"13":{"start":{"line":46,"column":6},"end":{"line":48,"column":null}},"14":{"start":{"line":47,"column":8},"end":{"line":47,"column":null}},"15":{"start":{"line":50,"column":6},"end":{"line":52,"column":null}},"16":{"start":{"line":51,"column":8},"end":{"line":51,"column":null}},"17":{"start":{"line":56,"column":4},"end":{"line":62,"column":null}},"18":{"start":{"line":57,"column":6},"end":{"line":57,"column":null}},"19":{"start":{"line":58,"column":6},"end":{"line":58,"column":null}},"20":{"start":{"line":59,"column":4},"end":{"line":62,"column":null}},"21":{"start":{"line":60,"column":6},"end":{"line":60,"column":null}},"22":{"start":{"line":61,"column":6},"end":{"line":61,"column":null}},"23":{"start":{"line":65,"column":22},"end":{"line":70,"column":null}},"24":{"start":{"line":67,"column":4},"end":{"line":69,"column":null}},"25":{"start":{"line":68,"column":6},"end":{"line":68,"column":null}},"26":{"start":{"line":72,"column":21},"end":{"line":77,"column":null}},"27":{"start":{"line":74,"column":4},"end":{"line":76,"column":null}},"28":{"start":{"line":75,"column":6},"end":{"line":75,"column":null}},"29":{"start":{"line":79,"column":2},"end":{"line":88,"column":null}}},"fnMap":{"0":{"name":"(anonymous_0)","decl":{"start":{"line":11,"column":60},"end":{"line":11,"column":61}},"loc":{"start":{"line":19,"column":6},"end":{"line":90,"column":null}},"line":19},"1":{"name":"(anonymous_1)","decl":{"start":{"line":23,"column":12},"end":{"line":23,"column":18}},"loc":{"start":{"line":23,"column":18},"end":{"line":29,"column":5}},"line":23},"2":{"name":"(anonymous_2)","decl":{"start":{"line":31,"column":23},"end":{"line":31,"column":24}},"loc":{"start":{"line":31,"column":67},"end":{"line":63,"column":null}},"line":31},"3":{"name":"(anonymous_3)","decl":{"start":{"line":65,"column":22},"end":{"line":65,"column":28}},"loc":{"start":{"line":65,"column":28},"end":{"line":70,"column":null}},"line":65},"4":{"name":"(anonymous_4)","decl":{"start":{"line":72,"column":21},"end":{"line":72,"column":27}},"loc":{"start":{"line":72,"column":27},"end":{"line":77,"column":null}},"line":72}},"branchMap":{"0":{"loc":{"start":{"line":14,"column":2},"end":{"line":14,"column":null}},"type":"default-arg","locations":[{"start":{"line":14,"column":13},"end":{"line":14,"column":null}}],"line":14},"1":{"loc":{"start":{"line":15,"column":2},"end":{"line":15,"column":null}},"type":"default-arg","locations":[{"start":{"line":15,"column":14},"end":{"line":15,"column":null}}],"line":15},"2":{"loc":{"start":{"line":16,"column":2},"end":{"line":16,"column":null}},"type":"default-arg","locations":[{"start":{"line":16,"column":18},"end":{"line":16,"column":null}}],"line":16},"3":{"loc":{"start":{"line":17,"column":2},"end":{"line":17,"column":null}},"type":"default-arg","locations":[{"start":{"line":17,"column":16},"end":{"line":17,"column":null}}],"line":17},"4":{"loc":{"start":{"line":24,"column":4},"end":{"line":28,"column":null}},"type":"if","locations":[{"start":{"line":24,"column":4},"end":{"line":28,"column":null}},{"start":{"line":26,"column":11},"end":{"line":28,"column":null}}],"line":24},"5":{"loc":{"start":{"line":24,"column":8},"end":{"line":24,"column":47}},"type":"binary-expr","locations":[{"start":{"line":24,"column":8},"end":{"line":24,"column":31}},{"start":{"line":24,"column":31},"end":{"line":24,"column":47}}],"line":24},"6":{"loc":{"start":{"line":45,"column":4},"end":{"line":53,"column":null}},"type":"if","locations":[{"start":{"line":45,"column":4},"end":{"line":53,"column":null}},{"start":{},"end":{}}],"line":45},"7":{"loc":{"start":{"line":46,"column":6},"end":{"line":48,"column":null}},"type":"if","locations":[{"start":{"line":46,"column":6},"end":{"line":48,"column":null}},{"start":{},"end":{}}],"line":46},"8":{"loc":{"start":{"line":46,"column":10},"end":{"line":46,"column":46}},"type":"binary-expr","locations":[{"start":{"line":46,"column":10},"end":{"line":46,"column":28}},{"start":{"line":46,"column":28},"end":{"line":46,"column":46}}],"line":46},"9":{"loc":{"start":{"line":50,"column":6},"end":{"line":52,"column":null}},"type":"if","locations":[{"start":{"line":50,"column":6},"end":{"line":52,"column":null}},{"start":{},"end":{}}],"line":50},"10":{"loc":{"start":{"line":56,"column":4},"end":{"line":62,"column":null}},"type":"if","locations":[{"start":{"line":56,"column":4},"end":{"line":62,"column":null}},{"start":{"line":59,"column":4},"end":{"line":62,"column":null}}],"line":56},"11":{"loc":{"start":{"line":56,"column":8},"end":{"line":56,"column":49}},"type":"binary-expr","locations":[{"start":{"line":56,"column":8},"end":{"line":56,"column":29}},{"start":{"line":56,"column":29},"end":{"line":56,"column":49}}],"line":56},"12":{"loc":{"start":{"line":59,"column":4},"end":{"line":62,"column":null}},"type":"if","locations":[{"start":{"line":59,"column":4},"end":{"line":62,"column":null}},{"start":{},"end":{}}],"line":59},"13":{"loc":{"start":{"line":59,"column":15},"end":{"line":59,"column":67}},"type":"binary-expr","locations":[{"start":{"line":59,"column":15},"end":{"line":59,"column":45}},{"start":{"line":59,"column":45},"end":{"line":59,"column":67}}],"line":59},"14":{"loc":{"start":{"line":67,"column":4},"end":{"line":69,"column":null}},"type":"if","locations":[{"start":{"line":67,"column":4},"end":{"line":69,"column":null}},{"start":{},"end":{}}],"line":67},"15":{"loc":{"start":{"line":67,"column":8},"end":{"line":67,"column":47}},"type":"binary-expr","locations":[{"start":{"line":67,"column":8},"end":{"line":67,"column":31}},{"start":{"line":67,"column":31},"end":{"line":67,"column":47}}],"line":67},"16":{"loc":{"start":{"line":74,"column":4},"end":{"line":76,"column":null}},"type":"if","locations":[{"start":{"line":74,"column":4},"end":{"line":76,"column":null}},{"start":{},"end":{}}],"line":74},"17":{"loc":{"start":{"line":74,"column":8},"end":{"line":74,"column":47}},"type":"binary-expr","locations":[{"start":{"line":74,"column":8},"end":{"line":74,"column":31}},{"start":{"line":74,"column":31},"end":{"line":74,"column":47}}],"line":74}},"s":{"0":0,"1":0,"2":0,"3":0,"4":0,"5":0,"6":0,"7":0,"8":0,"9":0,"10":0,"11":0,"12":0,"13":0,"14":0,"15":0,"16":0,"17":0,"18":0,"19":0,"20":0,"21":0,"22":0,"23":0,"24":0,"25":0,"26":0,"27":0,"28":0,"29":0},"f":{"0":0,"1":0,"2":0,"3":0,"4":0},"b":{"0":[0],"1":[0],"2":[0],"3":[0],"4":[0,0],"5":[0,0],"6":[0,0],"7":[0,0],"8":[0,0],"9":[0,0],"10":[0,0],"11":[0,0],"12":[0,0],"13":[0,0],"14":[0,0],"15":[0,0],"16":[0,0],"17":[0,0]},"meta":{"lastBranch":18,"lastFunction":5,"lastStatement":30,"seen":{"s:11:60:90:Infinity":0,"f:11:60:11:61":0,"b:14:13:14:Infinity":0,"b:15:14:15:Infinity":1,"b:16:18:16:Infinity":2,"b:17:16:17:Infinity":3,"s:20:38:20:Infinity":1,"s:23:2:29:Infinity":2,"f:23:12:23:18":1,"b:24:4:28:Infinity:26:11:28:Infinity":4,"s:24:4:28:Infinity":3,"b:24:8:24:31:24:31:24:47":5,"s:25:6:25:Infinity":4,"s:27:6:27:Infinity":5,"s:31:23:63:Infinity":6,"f:31:23:31:24":2,"s:32:21:32:Infinity":7,"s:35:27:35:Infinity":8,"s:36:4:36:Infinity":9,"s:39:23:39:Infinity":10,"s:42:10:42:Infinity":11,"b:45:4:53:Infinity:undefined:undefined:undefined:undefined":6,"s:45:4:53:Infinity":12,"b:46:6:48:Infinity:undefined:undefined:undefined:undefined":7,"s:46:6:48:Infinity":13,"b:46:10:46:28:46:28:46:46":8,"s:47:8:47:Infinity":14,"b:50:6:52:Infinity:undefined:undefined:undefined:undefined":9,"s:50:6:52:Infinity":15,"s:51:8:51:Infinity":16,"b:56:4:62:Infinity:59:4:62:Infinity":10,"s:56:4:62:Infinity":17,"b:56:8:56:29:56:29:56:49":11,"s:57:6:57:Infinity":18,"s:58:6:58:Infinity":19,"b:59:4:62:Infinity:undefined:undefined:undefined:undefined":12,"s:59:4:62:Infinity":20,"b:59:15:59:45:59:45:59:67":13,"s:60:6:60:Infinity":21,"s:61:6:61:Infinity":22,"s:65:22:70:Infinity":23,"f:65:22:65:28":3,"b:67:4:69:Infinity:undefined:undefined:undefined:undefined":14,"s:67:4:69:Infinity":24,"b:67:8:67:31:67:31:67:47":15,"s:68:6:68:Infinity":25,"s:72:21:77:Infinity":26,"f:72:21:72:27":4,"b:74:4:76:Infinity:undefined:undefined:undefined:undefined":16,"s:74:4:76:Infinity":27,"b:74:8:74:31:74:31:74:47":17,"s:75:6:75:Infinity":28,"s:79:2:88:Infinity":29}}}
,"/Users/nguyenducmanh/Documents/Work/expense-flow/ExpenseFlow/front-end/src/components/atoms/CurrencyInput/CurrencyInput.types.ts": {"path":"/Users/nguyenducmanh/Documents/Work/expense-flow/ExpenseFlow/front-end/src/components/atoms/CurrencyInput/CurrencyInput.types.ts","statementMap":{},"fnMap":{},"branchMap":{},"s":{},"f":{},"b":{},"meta":{"lastBranch":0,"lastFunction":0,"lastStatement":0,"seen":{}}}
,"/Users/nguyenducmanh/Documents/Work/expense-flow/ExpenseFlow/front-end/src/components/atoms/CurrencyInput/index.ts": {"path":"/Users/nguyenducmanh/Documents/Work/expense-flow/ExpenseFlow/front-end/src/components/atoms/CurrencyInput/index.ts","statementMap":{},"fnMap":{},"branchMap":{},"s":{},"f":{},"b":{},"meta":{"lastBranch":0,"lastFunction":0,"lastStatement":0,"seen":{}}}
,"/Users/nguyenducmanh/Documents/Work/expense-flow/ExpenseFlow/front-end/src/components/atoms/DatePicker/DatePicker.tsx": {"path":"/Users/nguyenducmanh/Documents/Work/expense-flow/ExpenseFlow/front-end/src/components/atoms/DatePicker/DatePicker.tsx","statementMap":{"0":{"start":{"line":16,"column":26},"end":{"line":16,"column":null}},"1":{"start":{"line":76,"column":54},"end":{"line":142,"column":null}},"2":{"start":{"line":97,"column":21},"end":{"line":102,"column":null}},"3":{"start":{"line":98,"column":4},"end":{"line":98,"column":null}},"4":{"start":{"line":98,"column":16},"end":{"line":98,"column":null}},"5":{"start":{"line":99,"column":4},"end":{"line":99,"column":null}},"6":{"start":{"line":99,"column":30},"end":{"line":99,"column":null}},"7":{"start":{"line":100,"column":4},"end":{"line":100,"column":null}},"8":{"start":{"line":100,"column":35},"end":{"line":100,"column":null}},"9":{"start":{"line":101,"column":4},"end":{"line":101,"column":null}},"10":{"start":{"line":107,"column":23},"end":{"line":111,"column":null}},"11":{"start":{"line":108,"column":4},"end":{"line":110,"column":null}},"12":{"start":{"line":109,"column":6},"end":{"line":109,"column":null}},"13":{"start":{"line":116,"column":18},"end":{"line":116,"column":null}},"14":{"start":{"line":118,"column":2},"end":{"line":140,"column":null}}},"fnMap":{"0":{"name":"(anonymous_0)","decl":{"start":{"line":76,"column":54},"end":{"line":76,"column":55}},"loc":{"start":{"line":93,"column":6},"end":{"line":142,"column":null}},"line":93},"1":{"name":"(anonymous_1)","decl":{"start":{"line":97,"column":35},"end":{"line":97,"column":41}},"loc":{"start":{"line":97,"column":41},"end":{"line":102,"column":5}},"line":97},"2":{"name":"(anonymous_2)","decl":{"start":{"line":107,"column":23},"end":{"line":107,"column":24}},"loc":{"start":{"line":107,"column":47},"end":{"line":111,"column":null}},"line":107}},"branchMap":{"0":{"loc":{"start":{"line":80,"column":2},"end":{"line":80,"column":null}},"type":"default-arg","locations":[{"start":{"line":80,"column":16},"end":{"line":80,"column":null}}],"line":80},"1":{"loc":{"start":{"line":82,"column":2},"end":{"line":82,"column":null}},"type":"default-arg","locations":[{"start":{"line":82,"column":13},"end":{"line":82,"column":null}}],"line":82},"2":{"loc":{"start":{"line":83,"column":2},"end":{"line":83,"column":null}},"type":"default-arg","locations":[{"start":{"line":83,"column":13},"end":{"line":83,"column":null}}],"line":83},"3":{"loc":{"start":{"line":84,"column":2},"end":{"line":84,"column":null}},"type":"default-arg","locations":[{"start":{"line":84,"column":9},"end":{"line":84,"column":null}}],"line":84},"4":{"loc":{"start":{"line":85,"column":2},"end":{"line":85,"column":null}},"type":"default-arg","locations":[{"start":{"line":85,"column":11},"end":{"line":85,"column":null}}],"line":85},"5":{"loc":{"start":{"line":86,"column":2},"end":{"line":86,"column":null}},"type":"default-arg","locations":[{"start":{"line":86,"column":13},"end":{"line":86,"column":null}}],"line":86},"6":{"loc":{"start":{"line":87,"column":2},"end":{"line":87,"column":null}},"type":"default-arg","locations":[{"start":{"line":87,"column":15},"end":{"line":87,"column":null}}],"line":87},"7":{"loc":{"start":{"line":89,"column":2},"end":{"line":89,"column":null}},"type":"default-arg","locations":[{"start":{"line":89,"column":13},"end":{"line":89,"column":null}}],"line":89},"8":{"loc":{"start":{"line":90,"column":2},"end":{"line":90,"column":null}},"type":"default-arg","locations":[{"start":{"line":90,"column":14},"end":{"line":90,"column":null}}],"line":90},"9":{"loc":{"start":{"line":92,"column":2},"end":{"line":92,"column":null}},"type":"default-arg","locations":[{"start":{"line":92,"column":11},"end":{"line":92,"column":null}}],"line":92},"10":{"loc":{"start":{"line":98,"column":4},"end":{"line":98,"column":null}},"type":"if","locations":[{"start":{"line":98,"column":4},"end":{"line":98,"column":null}},{"start":{},"end":{}}],"line":98},"11":{"loc":{"start":{"line":99,"column":4},"end":{"line":99,"column":null}},"type":"if","locations":[{"start":{"line":99,"column":4},"end":{"line":99,"column":null}},{"start":{},"end":{}}],"line":99},"12":{"loc":{"start":{"line":100,"column":4},"end":{"line":100,"column":null}},"type":"if","locations":[{"start":{"line":100,"column":4},"end":{"line":100,"column":null}},{"start":{},"end":{}}],"line":100},"13":{"loc":{"start":{"line":108,"column":4},"end":{"line":110,"column":null}},"type":"if","locations":[{"start":{"line":108,"column":4},"end":{"line":110,"column":null}},{"start":{},"end":{}}],"line":108},"14":{"loc":{"start":{"line":116,"column":18},"end":{"line":116,"column":null}},"type":"cond-expr","locations":[{"start":{"line":116,"column":37},"end":{"line":116,"column":47}},{"start":{"line":116,"column":47},"end":{"line":116,"column":null}}],"line":116},"15":{"loc":{"start":{"line":116,"column":47},"end":{"line":116,"column":null}},"type":"cond-expr","locations":[{"start":{"line":116,"column":66},"end":{"line":116,"column":76}},{"start":{"line":116,"column":76},"end":{"line":116,"column":null}}],"line":116},"16":{"loc":{"start":{"line":120,"column":7},"end":{"line":121,"column":null}},"type":"binary-expr","locations":[{"start":{"line":120,"column":7},"end":{"line":120,"column":null}},{"start":{"line":121,"column":8},"end":{"line":121,"column":null}}],"line":120},"17":{"loc":{"start":{"line":121,"column":47},"end":{"line":121,"column":73}},"type":"cond-expr","locations":[{"start":{"line":121,"column":58},"end":{"line":121,"column":71}},{"start":{"line":121,"column":71},"end":{"line":121,"column":73}}],"line":121},"18":{"loc":{"start":{"line":127,"column":18},"end":{"line":127,"column":null}},"type":"binary-expr","locations":[{"start":{"line":127,"column":18},"end":{"line":127,"column":30}},{"start":{"line":127,"column":30},"end":{"line":127,"column":null}}],"line":127},"19":{"loc":{"start":{"line":135,"column":16},"end":{"line":135,"column":null}},"type":"cond-expr","locations":[{"start":{"line":135,"column":24},"end":{"line":135,"column":34}},{"start":{"line":135,"column":34},"end":{"line":135,"column":null}}],"line":135},"20":{"loc":{"start":{"line":139,"column":7},"end":{"line":139,"column":null}},"type":"binary-expr","locations":[{"start":{"line":139,"column":7},"end":{"line":139,"column":16}},{"start":{"line":139,"column":16},"end":{"line":139,"column":null}}],"line":139}},"s":{"0":0,"1":0,"2":0,"3":0,"4":0,"5":0,"6":0,"7":0,"8":0,"9":0,"10":0,"11":0,"12":0,"13":0,"14":0},"f":{"0":0,"1":0,"2":0},"b":{"0":[0],"1":[0],"2":[0],"3":[0],"4":[0],"5":[0],"6":[0],"7":[0],"8":[0],"9":[0],"10":[0,0],"11":[0,0],"12":[0,0],"13":[0,0],"14":[0,0],"15":[0,0],"16":[0,0],"17":[0,0],"18":[0,0],"19":[0,0],"20":[0,0]},"meta":{"lastBranch":21,"lastFunction":3,"lastStatement":15,"seen":{"s:16:26:16:Infinity":0,"s:76:54:142:Infinity":1,"f:76:54:76:55":0,"b:80:16:80:Infinity":0,"b:82:13:82:Infinity":1,"b:83:13:83:Infinity":2,"b:84:9:84:Infinity":3,"b:85:11:85:Infinity":4,"b:86:13:86:Infinity":5,"b:87:15:87:Infinity":6,"b:89:13:89:Infinity":7,"b:90:14:90:Infinity":8,"b:92:11:92:Infinity":9,"s:97:21:102:Infinity":2,"f:97:35:97:41":1,"b:98:4:98:Infinity:undefined:undefined:undefined:undefined":10,"s:98:4:98:Infinity":3,"s:98:16:98:Infinity":4,"b:99:4:99:Infinity:undefined:undefined:undefined:undefined":11,"s:99:4:99:Infinity":5,"s:99:30:99:Infinity":6,"b:100:4:100:Infinity:undefined:undefined:undefined:undefined":12,"s:100:4:100:Infinity":7,"s:100:35:100:Infinity":8,"s:101:4:101:Infinity":9,"s:107:23:111:Infinity":10,"f:107:23:107:24":2,"b:108:4:110:Infinity:undefined:undefined:undefined:undefined":13,"s:108:4:110:Infinity":11,"s:109:6:109:Infinity":12,"s:116:18:116:Infinity":13,"b:116:37:116:47:116:47:116:Infinity":14,"b:116:66:116:76:116:76:116:Infinity":15,"s:118:2:140:Infinity":14,"b:120:7:120:Infinity:121:8:121:Infinity":16,"b:121:58:121:71:121:71:121:73":17,"b:127:18:127:30:127:30:127:Infinity":18,"b:135:24:135:34:135:34:135:Infinity":19,"b:139:7:139:16:139:16:139:Infinity":20}}}
,"/Users/nguyenducmanh/Documents/Work/expense-flow/ExpenseFlow/front-end/src/components/atoms/DatePicker/DatePicker.types.ts": {"path":"/Users/nguyenducmanh/Documents/Work/expense-flow/ExpenseFlow/front-end/src/components/atoms/DatePicker/DatePicker.types.ts","statementMap":{},"fnMap":{},"branchMap":{},"s":{},"f":{},"b":{},"meta":{"lastBranch":0,"lastFunction":0,"lastStatement":0,"seen":{}}}
,"/Users/nguyenducmanh/Documents/Work/expense-flow/ExpenseFlow/front-end/src/components/atoms/DatePicker/index.ts": {"path":"/Users/nguyenducmanh/Documents/Work/expense-flow/ExpenseFlow/front-end/src/components/atoms/DatePicker/index.ts","statementMap":{},"fnMap":{},"branchMap":{},"s":{},"f":{},"b":{},"meta":{"lastBranch":0,"lastFunction":0,"lastStatement":0,"seen":{}}}
[...]
pe":"if","locations":[{"start":{"line":148,"column":4},"end":{"line":152,"column":null}},{"start":{},"end":{}}],"line":148},"28":{"loc":{"start":{"line":161,"column":4},"end":{"line":161,"column":null}},"type":"if","locations":[{"start":{"line":161,"column":4},"end":{"line":161,"column":null}},{"start":{},"end":{}}],"line":161},"29":{"loc":{"start":{"line":164,"column":4},"end":{"line":166,"column":null}},"type":"if","locations":[{"start":{"line":164,"column":4},"end":{"line":166,"column":null}},{"start":{},"end":{}}],"line":164},"30":{"loc":{"start":{"line":208,"column":2},"end":{"line":210,"column":null}},"type":"if","locations":[{"start":{"line":208,"column":2},"end":{"line":210,"column":null}},{"start":{},"end":{}}],"line":208},"31":{"loc":{"start":{"line":212,"column":2},"end":{"line":214,"column":null}},"type":"if","locations":[{"start":{"line":212,"column":2},"end":{"line":214,"column":null}},{"start":{},"end":{}}],"line":212},"32":{"loc":{"start":{"line":222,"column":9},"end":{"line":222,"column":null}},"type":"binary-expr","locations":[{"start":{"line":222,"column":9},"end":{"line":222,"column":23}},{"start":{"line":222,"column":23},"end":{"line":222,"column":null}}],"line":222},"33":{"loc":{"start":{"line":227,"column":9},"end":{"line":227,"column":null}},"type":"cond-expr","locations":[{"start":{"line":227,"column":49},"end":{"line":227,"column":66}},{"start":{"line":227,"column":66},"end":{"line":227,"column":null}}],"line":227},"34":{"loc":{"start":{"line":227,"column":9},"end":{"line":227,"column":49}},"type":"binary-expr","locations":[{"start":{"line":227,"column":9},"end":{"line":227,"column":24}},{"start":{"line":227,"column":24},"end":{"line":227,"column":49}}],"line":227},"35":{"loc":{"start":{"line":235,"column":2},"end":{"line":237,"column":null}},"type":"if","locations":[{"start":{"line":235,"column":2},"end":{"line":237,"column":null}},{"start":{},"end":{}}],"line":235},"36":{"loc":{"start":{"line":240,"column":2},"end":{"line":242,"column":null}},"type":"if","locations":[{"start":{"line":240,"column":2},"end":{"line":242,"column":null}},{"start":{},"end":{}}],"line":240},"37":{"loc":{"start":{"line":240,"column":6},"end":{"line":240,"column":76}},"type":"binary-expr","locations":[{"start":{"line":240,"column":6},"end":{"line":240,"column":34}},{"start":{"line":240,"column":34},"end":{"line":240,"column":57}},{"start":{"line":240,"column":57},"end":{"line":240,"column":76}}],"line":240}},"s":{"0":0,"1":0,"2":0,"3":0,"4":0,"5":0,"6":0,"7":0,"8":0,"9":0,"10":0,"11":0,"12":0,"13":0,"14":0,"15":0,"16":0,"17":0,"18":0,"19":0,"20":0,"21":0,"22":0,"23":0,"24":0,"25":0,"26":0,"27":0,"28":0,"29":0,"30":0,"31":0,"32":0,"33":0,"34":0,"35":0,"36":0,"37":0,"38":0,"39":0,"40":0,"41":0,"42":0,"43":0,"44":0,"45":0,"46":0,"47":0,"48":0,"49":0,"50":0,"51":0,"52":0,"53":0,"54":0,"55":0,"56":0,"57":0,"58":0,"59":0,"60":0,"61":0,"62":0,"63":0,"64":0,"65":0,"66":0,"67":0,"68":0,"69":0,"70":0,"71":0,"72":0,"73":0,"74":0,"75":0,"76":0,"77":0,"78":0,"79":0,"80":0,"81":0,"82":0,"83":0,"84":0,"85":0,"86":0,"87":0,"88":0,"89":0,"90":0,"91":0,"92":0,"93":0,"94":0,"95":0,"96":0},"f":{"0":0,"1":0,"2":0,"3":0,"4":0,"5":0,"6":0,"7":0,"8":0,"9":0,"10":0,"11":0,"12":0,"13":0,"14":0,"15":0,"16":0,"17":0,"18":0,"19":0,"20":0,"21":0,"22":0,"23":0,"24":0,"25":0},"b":{"0":[0],"1":[0,0],"2":[0,0],"3":[0,0],"4":[0,0],"5":[0,0],"6":[0,0],"7":[0,0],"8":[0,0],"9":[0,0],"10":[0,0],"11":[0,0],"12":[0,0],"13":[0,0],"14":[0,0],"15":[0],"16":[0],"17":[0,0],"18":[0,0],"19":[0,0],"20":[0],"21":[0],"22":[0,0],"23":[0,0],"24":[0,0],"25":[0,0],"26":[0,0],"27":[0,0],"28":[0,0],"29":[0,0],"30":[0,0],"31":[0,0],"32":[0,0],"33":[0,0],"34":[0,0],"35":[0,0],"36":[0,0],"37":[0,0,0]},"meta":{"lastBranch":38,"lastFunction":26,"lastStatement":97,"seen":{"s:10:30:27:Infinity":0,"f:10:30:10:31":0,"s:10:72:27:Infinity":1,"b:10:45:10:48":0,"f:11:13:11:14":1,"b:12:4:14:Infinity:undefined:undefined:undefined:undefined":1,"s:12:4:14:Infinity":2,"b:12:8:12:18:12:18:12:30":2,"s:13:6:13:Infinity":3,"b:15:4:19:Infinity:undefined:undefined:undefined:undefined":3,"s:15:4:19:Infinity":4,"s:16:6:18:Infinity":5,"b:20:4:24:Infinity:undefined:undefined:undefined:undefined":4,"s:20:4:24:Infinity":6,"b:20:8:20:15:20:15:20:28":5,"s:21:6:23:Infinity":7,"s:25:4:25:Infinity":8,"s:30:34:40:Infinity":9,"f:30:34:30:47":2,"s:30:47:40:Infinity":10,"f:31:13:31:14":3,"b:32:4:34:Infinity:undefined:undefined:undefined:undefined":6,"s:32:4:34:Infinity":11,"s:33:6:33:Infinity":12,"b:35:4:37:Infinity:undefined:undefined:undefined:undefined":7,"s:35:4:37:Infinity":13,"s:36:6:36:Infinity":14,"s:38:4:38:Infinity":15,"s:42:33:52:Infinity":16,"f:42:33:42:34":4,"s:42:69:52:Infinity":17,"f:43:13:43:14":5,"b:46:4:48:Infinity:undefined:undefined:undefined:undefined":8,"s:46:4:48:Infinity":18,"s:47:6:47:Infinity":19,"s:50:4:50:Infinity":20,"s:55:29:58:Infinity":21,"f:55:29:55:42":6,"s:55:42:58:Infinity":22,"s:61:35:71:Infinity":23,"f:61:35:61:48":7,"s:61:48:71:Infinity":24,"f:62:13:62:14":8,"b:63:4:63:Infinity:undefined:undefined:undefined:undefined":9,"s:63:4:63:Infinity":25,"s:63:16:63:Infinity":26,"s:65:23:65:Infinity":27,"b:66:4:68:Infinity:undefined:undefined:undefined:undefined":10,"s:66:4:68:Infinity":28,"s:67:6:67:Infinity":29,"s:69:4:69:Infinity":30,"s:74:32:89:Infinity":31,"f:74:32:74:45":9,"s:74:45:89:Infinity":32,"f:75:13:75:14":10,"b:76:4:76:Infinity:undefined:undefined:undefined:undefined":11,"s:76:4:76:Infinity":33,"s:76:16:76:Infinity":34,"b:78:4:80:Infinity:undefined:undefined:undefined:undefined":12,"s:78:4:80:Infinity":35,"s:79:6:79:Infinity":36,"b:83:4:85:Infinity:undefined:undefined:undefined:undefined":13,"s:83:4:85:Infinity":37,"s:84:6:84:Infinity":38,"s:87:4:87:Infinity":39,"s:92:39:102:Infinity":40,"f:92:39:92:40":11,"s:92:74:102:Infinity":41,"f:93:13:93:14":12,"b:96:4:98:Infinity:undefined:undefined:undefined:undefined":14,"s:96:4:98:Infinity":42,"s:97:6:97:Infinity":43,"s:100:4:100:Infinity":44,"s:105:32:108:Infinity":45,"f:105:32:105:33":13,"s:105:60:108:Infinity":46,"s:111:34:125:Infinity":47,"f:111:34:111:35":14,"s:111:81:125:Infinity":48,"b:111:49:111:52":15,"b:111:66:111:81":16,"f:112:13:112:14":15,"b:113:4:113:Infinity:undefined:undefined:undefined:undefined":17,"s:113:4:113:Infinity":49,"s:113:16:113:Infinity":50,"b:115:4:117:Infinity:undefined:undefined:undefined:undefined":18,"s:115:4:117:Infinity":51,"s:116:6:116:Infinity":52,"b:119:4:121:Infinity:undefined:undefined:undefined:undefined":19,"s:119:4:121:Infinity":53,"s:120:6:120:Infinity":54,"s:123:4:123:Infinity":55,"s:128:34:140:Infinity":56,"f:128:34:128:35":16,"s:128:81:140:Infinity":57,"b:128:49:128:52":20,"b:128:66:128:81":21,"f:129:13:129:14":17,"b:130:4:132:Infinity:undefined:undefined:undefined:undefined":22,"s:130:4:132:Infinity":58,"b:130:8:130:31:130:31:130:47":23,"s:131:6:131:Infinity":59,"b:134:4:136:Infinity:undefined:undefined:undefined:undefined":24,"s:134:4:136:Infinity":60,"b:134:8:134:23:134:23:134:36":25,"s:135:6:135:Infinity":61,"s:138:4:138:Infinity":62,"s:143:36:156:Infinity":63,"f:143:36:143:49":18,"s:143:49:156:Infinity":64,"f:144:13:144:14":19,"b:145:4:145:Infinity:undefined:undefined:undefined:undefined":26,"s:145:4:145:Infinity":65,"s:145:16:145:Infinity":66,"b:148:4:152:Infinity:undefined:undefined:undefined:undefined":27,"s:148:4:152:Infinity":67,"s:149:6:151:Infinity":68,"s:154:4:154:Infinity":69,"s:159:37:170:Infinity":70,"f:159:37:159:50":20,"s:159:50:170:Infinity":71,"f:160:13:160:14":21,"b:161:4:161:Infinity:undefined:undefined:undefined:undefined":28,"s:161:4:161:Infinity":72,"s:161:16:161:Infinity":73,"b:164:4:166:Infinity:undefined:undefined:undefined:undefined":29,"s:164:4:166:Infinity":74,"s:165:6:165:Infinity":75,"s:168:4:168:Infinity":76,"s:173:37:204:Infinity":77,"s:207:35:217:Infinity":78,"f:207:35:207:36":22,"b:208:2:210:Infinity:undefined:undefined:undefined:undefined":30,"s:208:2:210:Infinity":79,"s:209:4:209:Infinity":80,"b:212:2:214:Infinity:undefined:undefined:undefined:undefined":31,"s:212:2:214:Infinity":81,"s:213:4:213:Infinity":82,"s:216:2:216:Infinity":83,"s:220:29:223:Infinity":84,"f:220:29:220:30":23,"s:221:21:221:Infinity":85,"s:222:2:222:Infinity":86,"b:222:9:222:23:222:23:222:Infinity":32,"s:225:29:228:Infinity":87,"f:225:29:225:30":24,"s:226:22:226:Infinity":88,"s:227:2:227:Infinity":89,"b:227:49:227:66:227:66:227:Infinity":33,"b:227:9:227:24:227:24:227:49":34,"s:231:35:245:Infinity":90,"f:231:35:231:Infinity":25,"b:235:2:237:Infinity:undefined:undefined:undefined:undefined":35,"s:235:2:237:Infinity":91,"s:236:4:236:Infinity":92,"s:239:21:239:Infinity":93,"b:240:2:242:Infinity:undefined:undefined:undefined:undefined":36,"s:240:2:242:Infinity":94,"b:240:6:240:34:240:34:240:57:240:57:240:76":37,"s:241:4:241:Infinity":95,"s:244:2:244:Infinity":96}}}
,"/Users/nguyenducmanh/Documents/Work/expense-flow/ExpenseFlow/front-end/src/utils/validators.ts": {"path":"/Users/nguyenducmanh/Documents/Work/expense-flow/ExpenseFlow/front-end/src/utils/validators.ts","statementMap":{"0":{"start":{"line":11,"column":29},"end":{"line":14,"column":null}},"1":{"start":{"line":12,"column":21},"end":{"line":12,"column":null}},"2":{"start":{"line":13,"column":2},"end":{"line":13,"column":null}},"3":{"start":{"line":19,"column":35},"end":{"line":22,"column":null}},"4":{"start":{"line":20,"column":21},"end":{"line":20,"column":null}},"5":{"start":{"line":21,"column":2},"end":{"line":21,"column":null}},"6":{"start":{"line":27,"column":32},"end":{"line":55,"column":null}},"7":{"start":{"line":33,"column":27},"end":{"line":33,"column":null}},"8":{"start":{"line":35,"column":2},"end":{"line":37,"column":null}},"9":{"start":{"line":36,"column":4},"end":{"line":36,"column":null}},"10":{"start":{"line":38,"column":2},"end":{"line":40,"column":null}},"11":{"start":{"line":39,"column":4},"end":{"line":39,"column":null}},"12":{"start":{"line":41,"column":2},"end":{"line":43,"column":null}},"13":{"start":{"line":42,"column":4},"end":{"line":42,"column":null}},"14":{"start":{"line":44,"column":2},"end":{"line":46,"column":null}},"15":{"start":{"line":45,"column":4},"end":{"line":45,"column":null}},"16":{"start":{"line":47,"column":2},"end":{"line":49,"column":null}},"17":{"start":{"line":48,"column":4},"end":{"line":48,"column":null}},"18":{"start":{"line":51,"column":2},"end":{"line":54,"column":null}},"19":{"start":{"line":60,"column":30},"end":{"line":79,"column":null}},"20":{"start":{"line":66,"column":14},"end":{"line":66,"column":null}},"21":{"start":{"line":68,"column":2},"end":{"line":70,"column":null}},"22":{"start":{"line":69,"column":4},"end":{"line":69,"column":null}},"23":{"start":{"line":71,"column":2},"end":{"line":73,"column":null}},"24":{"start":{"line":72,"column":4},"end":{"line":72,"column":null}},"25":{"start":{"line":74,"column":2},"end":{"line":76,"column":null}},"26":{"start":{"line":75,"column":4},"end":{"line":75,"column":null}},"27":{"start":{"line":78,"column":2},"end":{"line":78,"column":null}},"28":{"start":{"line":84,"column":28},"end":{"line":102,"column":null}},"29":{"start":{"line":90,"column":23},"end":{"line":90,"column":null}},"30":{"start":{"line":91,"column":14},"end":{"line":91,"column":null}},"31":{"start":{"line":92,"column":2},"end":{"line":92,"column":null}},"32":{"start":{"line":94,"column":2},"end":{"line":96,"column":null}},"33":{"start":{"line":95,"column":4},"end":{"line":95,"column":null}},"34":{"start":{"line":97,"column":2},"end":{"line":99,"column":null}},"35":{"start":{"line":98,"column":4},"end":{"line":98,"column":null}},"36":{"start":{"line":101,"column":2},"end":{"line":101,"column":null}},"37":{"start":{"line":107,"column":32},"end":{"line":112,"column":null}},"38":{"start":{"line":108,"column":2},"end":{"line":108,"column":null}},"39":{"start":{"line":108,"column":45},"end":{"line":108,"column":null}},"40":{"start":{"line":109,"column":2},"end":{"line":109,"column":null}},"41":{"start":{"line":109,"column":33},"end":{"line":109,"column":null}},"42":{"start":{"line":110,"column":2},"end":{"line":110,"column":null}},"43":{"start":{"line":110,"column":28},"end":{"line":110,"column":null}},"44":{"start":{"line":111,"column":2},"end":{"line":111,"column":null}},"45":{"start":{"line":117,"column":33},"end":{"line":119,"column":null}},"46":{"start":{"line":118,"column":2},"end":{"line":118,"column":null}},"47":{"start":{"line":124,"column":33},"end":{"line":126,"column":null}},"48":{"start":{"line":125,"column":2},"end":{"line":125,"column":null}}},"fnMap":{"0":{"name":"(anonymous_0)","decl":{"start":{"line":11,"column":29},"end":{"line":11,"column":30}},"loc":{"start":{"line":11,"column":57},"end":{"line":14,"column":null}},"line":11},"1":{"name":"(anonymous_1)","decl":{"start":{"line":19,"column":35},"end":{"line":19,"column":36}},"loc":{"start":{"line":19,"column":63},"end":{"line":22,"column":null}},"line":19},"2":{"name":"(anonymous_2)","decl":{"start":{"line":27,"column":32},"end":{"line":27,"column":null}},"loc":{"start":{"line":32,"column":5},"end":{"line":55,"column":null}},"line":32},"3":{"name":"(anonymous_3)","decl":{"start":{"line":60,"column":30},"end":{"line":60,"column":null}},"loc":{"start":{"line":65,"column":5},"end":{"line":79,"column":null}},"line":65},"4":{"name":"(anonymous_4)","decl":{"start":{"line":84,"column":28},"end":{"line":84,"column":null}},"loc":{"start":{"line":89,"column":5},"end":{"line":102,"column":null}},"line":89},"5":{"name":"(anonymous_5)","decl":{"start":{"line":107,"column":32},"end":{"line":107,"column":33}},"loc":{"start":{"line":107,"column":61},"end":{"line":112,"column":null}},"line":107},"6":{"name":"(anonymous_6)","decl":{"start":{"line":117,"column":33},"end":{"line":117,"column":34}},"loc":{"start":{"line":117,"column":80},"end":{"line":119,"column":null}},"line":117},"7":{"name":"(anonymous_7)","decl":{"start":{"line":124,"column":33},"end":{"line":124,"column":34}},"loc":{"start":{"line":124,"column":80},"end":{"line":126,"column":null}},"line":124}},"branchMap":{"0":{"loc":{"start":{"line":35,"column":2},"end":{"line":37,"column":null}},"type":"if","locations":[{"start":{"line":35,"column":2},"end":{"line":37,"column":null}},{"start":{},"end":{}}],"line":35},"1":{"loc":{"start":{"line":38,"column":2},"end":{"line":40,"column":null}},"type":"if","locations":[{"start":{"line":38,"column":2},"end":{"line":40,"column":null}},{"start":{},"end":{}}],"line":38},"2":{"loc":{"start":{"line":41,"column":2},"end":{"line":43,"column":null}},"type":"if","locations":[{"start":{"line":41,"column":2},"end":{"line":43,"column":null}},{"start":{},"end":{}}],"line":41},"3":{"loc":{"start":{"line":44,"column":2},"end":{"line":46,"column":null}},"type":"if","locations":[{"start":{"line":44,"column":2},"end":{"line":46,"column":null}},{"start":{},"end":{}}],"line":44},"4":{"loc":{"start":{"line":47,"column":2},"end":{"line":49,"column":null}},"type":"if","locations":[{"start":{"line":47,"column":2},"end":{"line":49,"column":null}},{"start":{},"end":{}}],"line":47},"5":{"loc":{"start":{"line":66,"column":14},"end":{"line":66,"column":null}},"type":"cond-expr","locations":[{"start":{"line":66,"column":43},"end":{"line":66,"column":64}},{"start":{"line":66,"column":64},"end":{"line":66,"column":null}}],"line":66},"6":{"loc":{"start":{"line":68,"column":2},"end":{"line":70,"column":null}},"type":"if","locations":[{"start":{"line":68,"column":2},"end":{"line":70,"column":null}},{"start":{},"end":{}}],"line":68},"7":{"loc":{"start":{"line":71,"column":2},"end":{"line":73,"column":null}},"type":"if","locations":[{"start":{"line":71,"column":2},"end":{"line":73,"column":null}},{"start":{},"end":{}}],"line":71},"8":{"loc":{"start":{"line":74,"column":2},"end":{"line":76,"column":null}},"type":"if","locations":[{"start":{"line":74,"column":2},"end":{"line":76,"column":null}},{"start":{},"end":{}}],"line":74},"9":{"loc":{"start":{"line":94,"column":2},"end":{"line":96,"column":null}},"type":"if","locations":[{"start":{"line":94,"column":2},"end":{"line":96,"column":null}},{"start":{},"end":{}}],"line":94},"10":{"loc":{"start":{"line":97,"column":2},"end":{"line":99,"column":null}},"type":"if","locations":[{"start":{"line":97,"column":2},"end":{"line":99,"column":null}},{"start":{},"end":{}}],"line":97},"11":{"loc":{"start":{"line":108,"column":2},"end":{"line":108,"column":null}},"type":"if","locations":[{"start":{"line":108,"column":2},"end":{"line":108,"column":null}},{"start":{},"end":{}}],"line":108},"12":{"loc":{"start":{"line":108,"column":6},"end":{"line":108,"column":45}},"type":"binary-expr","locations":[{"start":{"line":108,"column":6},"end":{"line":108,"column":24}},{"start":{"line":108,"column":24},"end":{"line":108,"column":45}}],"line":108},"13":{"loc":{"start":{"line":109,"column":2},"end":{"line":109,"column":null}},"type":"if","locations":[{"start":{"line":109,"column":2},"end":{"line":109,"column":null}},{"start":{},"end":{}}],"line":109},"14":{"loc":{"start":{"line":110,"column":2},"end":{"line":110,"column":null}},"type":"if","locations":[{"start":{"line":110,"column":2},"end":{"line":110,"column":null}},{"start":{},"end":{}}],"line":110}},"s":{"0":1,"1":9,"2":9,"3":1,"4":10,"5":10,"6":1,"7":9,"8":9,"9":2,"10":9,"11":1,"12":9,"13":1,"14":9,"15":2,"16":9,"17":2,"18":9,"19":1,"20":10,"21":10,"22":2,"23":8,"24":1,"25":7,"26":1,"27":6,"28":1,"29":6,"30":6,"31":6,"32":6,"33":1,"34":5,"35":1,"36":4,"37":1,"38":13,"39":2,"40":11,"41":4,"42":7,"43":3,"44":4,"45":1,"46":7,"47":1,"48":8},"f":{"0":9,"1":10,"2":9,"3":10,"4":6,"5":13,"6":7,"7":8},"b":{"0":[2,7],"1":[1,8],"2":[1,8],"3":[2,7],"4":[2,7],"5":[4,6],"6":[2,8],"7":[1,7],"8":[1,6],"9":[1,5],"10":[1,4],"11":[2,11],"12":[13,12],"13":[4,7],"14":[3,4]},"meta":{"lastBranch":15,"lastFunction":8,"lastStatement":49,"seen":{"s:11:29:14:Infinity":0,"f:11:29:11:30":0,"s:12:21:12:Infinity":1,"s:13:2:13:Infinity":2,"s:19:35:22:Infinity":3,"f:19:35:19:36":1,"s:20:21:20:Infinity":4,"s:21:2:21:Infinity":5,"s:27:32:55:Infinity":6,"f:27:32:27:Infinity":2,"s:33:27:33:Infinity":7,"b:35:2:37:Infinity:undefined:undefined:undefined:undefined":0,"s:35:2:37:Infinity":8,"s:36:4:36:Infinity":9,"b:38:2:40:Infinity:undefined:undefined:undefined:undefined":1,"s:38:2:40:Infinity":10,"s:39:4:39:Infinity":11,"b:41:2:43:Infinity:undefined:undefined:undefined:undefined":2,"s:41:2:43:Infinity":12,"s:42:4:42:Infinity":13,"b:44:2:46:Infinity:undefined:undefined:undefined:undefined":3,"s:44:2:46:Infinity":14,"s:45:4:45:Infinity":15,"b:47:2:49:Infinity:undefined:undefined:undefined:undefined":4,"s:47:2:49:Infinity":16,"s:48:4:48:Infinity":17,"s:51:2:54:Infinity":18,"s:60:30:79:Infinity":19,"f:60:30:60:Infinity":3,"s:66:14:66:Infinity":20,"b:66:43:66:64:66:64:66:Infinity":5,"b:68:2:70:Infinity:undefined:undefined:undefined:undefined":6,"s:68:2:70:Infinity":21,"s:69:4:69:Infinity":22,"b:71:2:73:Infinity:undefined:undefined:undefined:undefined":7,"s:71:2:73:Infinity":23,"s:72:4:72:Infinity":24,"b:74:2:76:Infinity:undefined:undefined:undefined:undefined":8,"s:74:2:76:Infinity":25,"s:75:4:75:Infinity":26,"s:78:2:78:Infinity":27,"s:84:28:102:Infinity":28,"f:84:28:84:Infinity":4,"s:90:23:90:Infinity":29,"s:91:14:91:Infinity":30,"s:92:2:92:Infinity":31,"b:94:2:96:Infinity:undefined:undefined:undefined:undefined":9,"s:94:2:96:Infinity":32,"s:95:4:95:Infinity":33,"b:97:2:99:Infinity:undefined:undefined:undefined:undefined":10,"s:97:2:99:Infinity":34,"s:98:4:98:Infinity":35,"s:101:2:101:Infinity":36,"s:107:32:112:Infinity":37,"f:107:32:107:33":5,"b:108:2:108:Infinity:undefined:undefined:undefined:undefined":11,"s:108:2:108:Infinity":38,"b:108:6:108:24:108:24:108:45":12,"s:108:45:108:Infinity":39,"b:109:2:109:Infinity:undefined:undefined:undefined:undefined":13,"s:109:2:109:Infinity":40,"s:109:33:109:Infinity":41,"b:110:2:110:Infinity:undefined:undefined:undefined:undefined":14,"s:110:2:110:Infinity":42,"s:110:28:110:Infinity":43,"s:111:2:111:Infinity":44,"s:117:33:119:Infinity":45,"f:117:33:117:34":6,"s:118:2:118:Infinity":46,"s:124:33:126:Infinity":47,"f:124:33:124:34":7,"s:125:2:125:Infinity":48}}}
}
