TN:
SF:src/App.tsx
FN:20,(anonymous_0)
FN:23,(anonymous_1)
FN:59,App
FNF:3
FNH:0
FNDA:0,(anonymous_0)
FNDA:0,(anonymous_1)
FNDA:0,App
DA:20,0
DA:21,0
DA:23,0
DA:24,0
DA:25,0
DA:26,0
DA:27,0
DA:29,0
DA:30,0
DA:31,0
DA:32,0
DA:34,0
DA:39,0
DA:40,0
DA:49,0
DA:53,0
DA:60,0
LF:17
LH:0
BRDA:30,0,0,0
BRDA:30,0,1,0
BRDA:39,1,0,0
BRDA:39,1,1,0
BRF:4
BRH:0
end_of_record
TN:
SF:src/components/atoms/AccountSelect.tsx
FN:18,(anonymous_0)
FN:25,(anonymous_1)
FN:27,(anonymous_2)
FN:33,(anonymous_3)
FN:42,(anonymous_4)
FN:66,(anonymous_5)
FNF:6
FNH:0
FNDA:0,(anonymous_0)
FNDA:0,(anonymous_1)
FNDA:0,(anonymous_2)
FNDA:0,(anonymous_3)
FNDA:0,(anonymous_4)
FNDA:0,(anonymous_5)
DA:18,0
DA:24,0
DA:25,0
DA:27,0
DA:28,0
DA:29,0
DA:33,0
DA:34,0
DA:35,0
DA:36,0
DA:37,0
DA:39,0
DA:42,0
DA:59,0
DA:66,0
LF:15
LH:0
BRDA:19,0,0,0
BRDA:20,1,0,0
BRDA:21,2,0,0
BRDA:28,3,0,0
BRDA:28,3,1,0
BRDA:28,4,0,0
BRDA:28,4,1,0
BRDA:34,5,0,0
BRDA:34,5,1,0
BRDA:36,6,0,0
BRDA:36,6,1,0
BRDA:47,7,0,0
BRDA:47,7,1,0
BRDA:52,8,0,0
BRDA:52,8,1,0
BRDA:64,9,0,0
BRDA:64,9,1,0
BRDA:67,10,0,0
BRDA:67,10,1,0
BRF:19
BRH:0
end_of_record
TN:
SF:src/components/atoms/AmountInput.tsx
FN:14,(anonymous_0)
FN:19,(anonymous_1)
FN:23,(anonymous_2)
FN:40,(anonymous_3)
FNF:4
FNH:0
FNDA:0,(anonymous_0)
FNDA:0,(anonymous_1)
FNDA:0,(anonymous_2)
FNDA:0,(anonymous_3)
DA:14,0
DA:19,0
DA:20,0
DA:23,0
DA:24,0
DA:25,0
DA:28,0
DA:29,0
DA:30,0
DA:31,0
DA:32,0
DA:33,0
DA:36,0
DA:40,0
DA:41,0
DA:42,0
DA:45,0
LF:17
LH:0
BRDA:16,0,0,0
BRDA:19,1,0,0
BRDA:19,1,1,0
BRDA:20,2,0,0
BRDA:20,2,1,0
BRDA:24,3,0,0
BRDA:24,3,1,0
BRDA:25,4,0,0
BRDA:25,4,1,0
BRDA:28,5,0,0
BRDA:28,5,1,0
BRDA:30,6,0,0
BRDA:30,6,1,0
BRDA:32,7,0,0
BRDA:32,7,1,0
BRDA:41,8,0,0
BRDA:41,8,1,0
BRF:17
BRH:0
end_of_record
TN:
SF:src/components/atoms/CategorySelect.tsx
FN:18,(anonymous_0)
FN:25,(anonymous_1)
FN:27,(anonymous_2)
FN:35,(anonymous_3)
FN:38,(anonymous_4)
FN:63,(anonymous_5)
FNF:6
FNH:0
FNDA:0,(anonymous_0)
FNDA:0,(anonymous_1)
FNDA:0,(anonymous_2)
FNDA:0,(anonymous_3)
FNDA:0,(anonymous_4)
FNDA:0,(anonymous_5)
DA:18,0
DA:24,0
DA:25,0
DA:27,0
DA:28,0
DA:29,0
DA:34,0
DA:35,0
DA:38,0
DA:56,0
DA:63,0
LF:11
LH:0
BRDA:20,0,0,0
BRDA:21,1,0,0
BRDA:28,2,0,0
BRDA:28,2,1,0
BRDA:28,3,0,0
BRDA:28,3,1,0
BRDA:34,4,0,0
BRDA:34,4,1,0
BRDA:42,5,0,0
BRDA:42,5,1,0
BRDA:44,6,0,0
BRDA:44,6,1,0
BRDA:46,7,0,0
BRDA:46,7,1,0
BRDA:61,8,0,0
BRDA:61,8,1,0
BRDA:64,9,0,0
BRDA:64,9,1,0
BRF:18
BRH:0
end_of_record
TN:
SF:src/components/atoms/ChartCard.tsx
FN:22,(anonymous_0)
FNF:1
FNH:0
FNDA:0,(anonymous_0)
DA:9,0
DA:22,0
DA:32,0
LF:3
LH:0
BRDA:26,0,0,0
BRDA:28,1,0,0
BRDA:29,2,0,0
BRDA:30,3,0,0
BRDA:40,4,0,0
BRDA:40,4,1,0
BRDA:51,5,0,0
BRDA:51,5,1,0
BRF:8
BRH:0
end_of_record
TN:
SF:src/components/atoms/EnumSelect.tsx
FN:15,EnumSelect
FN:26,(anonymous_1)
FN:29,(anonymous_2)
FNF:3
FNH:0
FNDA:0,EnumSelect
FNDA:0,(anonymous_1)
FNDA:0,(anonymous_2)
DA:23,0
DA:26,0
DA:29,0
DA:34,0
LF:4
LH:0
BRDA:18,0,0,0
BRDA:19,1,0,0
BRDA:23,2,0,0
BRDA:23,2,1,0
BRF:4
BRH:0
end_of_record
TN:
SF:src/components/atoms/ProgressCard.tsx
FN:22,(anonymous_0)
FN:35,(anonymous_1)
FN:44,(anonymous_2)
FNF:3
FNH:0
FNDA:0,(anonymous_0)
FNDA:0,(anonymous_1)
FNDA:0,(anonymous_2)
DA:9,0
DA:22,0
DA:32,0
DA:33,0
DA:35,0
DA:36,0
DA:37,0
DA:38,0
DA:39,0
DA:41,0
DA:44,0
DA:45,0
DA:46,0
DA:47,0
DA:48,0
DA:51,0
LF:16
LH:0
BRDA:26,0,0,0
BRDA:32,1,0,0
BRDA:32,1,1,0
BRDA:36,2,0,0
BRDA:36,2,1,0
BRDA:38,3,0,0
BRDA:38,3,1,0
BRDA:45,4,0,0
BRDA:45,4,1,0
BRDA:46,5,0,0
BRDA:46,5,1,0
BRDA:47,6,0,0
BRDA:47,6,1,0
BRDA:58,7,0,0
BRDA:58,7,1,0
BRDA:68,8,0,0
BRDA:68,8,1,0
BRF:17
BRH:0
end_of_record
TN:
SF:src/components/atoms/StatCard.tsx
FN:22,(anonymous_0)
FN:34,(anonymous_1)
FN:39,(anonymous_2)
FNF:3
FNH:0
FNDA:0,(anonymous_0)
FNDA:0,(anonymous_1)
FNDA:0,(anonymous_2)
DA:22,0
DA:34,0
DA:35,0
DA:36,0
DA:39,0
DA:40,0
DA:41,0
DA:44,0
LF:8
LH:0
BRDA:30,0,0,0
BRDA:35,1,0,0
BRDA:35,1,1,0
BRDA:36,2,0,0
BRDA:36,2,1,0
BRDA:40,3,0,0
BRDA:40,3,1,0
BRDA:41,4,0,0
BRDA:41,4,1,0
BRDA:53,5,0,0
BRDA:53,5,1,0
BRDA:56,6,0,0
BRDA:56,6,1,0
BRDA:56,6,2,0
BRDA:63,7,0,0
BRDA:63,7,1,0
BRDA:67,8,0,0
BRDA:67,8,1,0
BRF:18
BRH:0
end_of_record
TN:
SF:src/components/atoms/index.ts
FNF:0
FNH:0
LF:0
LH:0
BRF:0
BRH:0
end_of_record
TN:
SF:src/components/atoms/Badge/Badge.tsx
FN:15,(anonymous_0)
FN:37,(anonymous_1)
FN:48,(anonymous_2)
FN:60,(anonymous_3)
FN:62,(anonymous_4)
FN:86,(anonymous_5)
FNF:6
FNH:0
FNDA:0,(anonymous_0)
FNDA:0,(anonymous_1)
FNDA:0,(anonymous_2)
FNDA:0,(anonymous_3)
FNDA:0,(anonymous_4)
FNDA:0,(anonymous_5)
DA:15,0
DA:16,0
DA:24,0
DA:27,0
DA:38,0
DA:40,0
DA:42,0
DA:45,0
DA:49,0
DA:51,0
DA:53,0
DA:56,0
DA:60,0
DA:63,0
DA:64,0
DA:86,0
DA:96,0
LF:17
LH:0
BRDA:24,0,0,0
BRDA:24,0,1,0
BRDA:38,1,0,0
BRDA:38,1,1,0
BRDA:38,1,2,0
BRDA:38,1,3,0
BRDA:49,2,0,0
BRDA:49,2,1,0
BRDA:49,2,2,0
BRDA:49,2,3,0
BRDA:60,3,0,0
BRDA:60,3,1,0
BRDA:65,4,0,0
BRDA:65,4,1,0
BRDA:66,5,0,0
BRDA:66,5,1,0
BRDA:88,6,0,0
BRDA:89,7,0,0
BRDA:94,8,0,0
BRDA:105,9,0,0
BRDA:105,9,1,0
BRF:21
BRH:0
end_of_record
TN:
SF:src/components/atoms/Badge/Badge.types.ts
FNF:0
FNH:0
LF:0
LH:0
BRF:0
BRH:0
end_of_record
TN:
SF:src/components/atoms/Badge/index.ts
FNF:0
FNH:0
LF:0
LH:0
BRF:0
BRH:0
end_of_record
TN:
SF:src/components/atoms/Button/Button.tsx
FN:31,(anonymous_0)
FN:34,(anonymous_1)
FN:35,(anonymous_2)
FN:38,(anonymous_3)
FN:63,(anonymous_4)
FN:147,(anonymous_5)
FNF:6
FNH:0
FNDA:0,(anonymous_0)
FNDA:0,(anonymous_1)
FNDA:0,(anonymous_2)
FNDA:0,(anonymous_3)
FNDA:0,(anonymous_4)
FNDA:0,(anonymous_5)
DA:17,0
DA:31,0
DA:34,0
DA:35,0
DA:39,0
DA:41,0
DA:47,0
DA:54,0
DA:64,0
DA:66,0
DA:79,0
DA:94,0
DA:107,0
DA:121,0
DA:147,0
DA:159,0
LF:16
LH:0
BRDA:31,0,0,0
BRDA:31,0,1,0
BRDA:31,1,0,0
BRDA:31,1,1,0
BRDA:34,2,0,0
BRDA:34,2,1,0
BRDA:35,3,0,0
BRDA:35,3,1,0
BRDA:39,4,0,0
BRDA:39,4,1,0
BRDA:39,4,2,0
BRDA:39,4,3,0
BRDA:64,5,0,0
BRDA:64,5,1,0
BRDA:64,5,2,0
BRDA:64,5,3,0
BRDA:64,5,4,0
BRDA:150,6,0,0
BRDA:151,7,0,0
BRDA:152,8,0,0
BRDA:153,9,0,0
BRDA:157,10,0,0
BRDA:163,11,0,0
BRDA:163,11,1,0
BRDA:168,12,0,0
BRDA:168,12,1,0
BRDA:171,13,0,0
BRDA:171,13,1,0
BRDA:172,14,0,0
BRDA:172,14,1,0
BRDA:172,14,2,0
BRF:31
BRH:0
end_of_record
TN:
SF:src/components/atoms/Button/Button.types.ts
FNF:0
FNH:0
LF:0
LH:0
BRF:0
BRH:0
end_of_record
TN:
SF:src/components/atoms/Button/index.ts
FNF:0
FNH:0
LF:0
LH:0
BRF:0
BRH:0
end_of_record
TN:
SF:src/components/atoms/Card/Card.tsx
FN:21,(anonymous_0)
FN:22,(anonymous_1)
FN:26,(anonymous_2)
FN:33,(anonymous_3)
FN:98,(anonymous_4)
FNF:5
FNH:0
FNDA:0,(anonymous_0)
FNDA:0,(anonymous_1)
FNDA:0,(anonymous_2)
FNDA:0,(anonymous_3)
FNDA:0,(anonymous_4)
DA:15,0
DA:21,0
DA:22,0
DA:27,0
DA:34,0
DA:45,0
DA:52,0
DA:58,0
DA:63,0
DA:67,0
DA:98,0
DA:110,0
LF:12
LH:0
BRDA:21,0,0,0
BRDA:21,0,1,0
BRDA:27,1,0,0
BRDA:27,1,1,0
BRDA:29,2,0,0
BRDA:29,2,1,0
BRDA:34,3,0,0
BRDA:34,3,1,0
BRDA:103,4,0,0
BRDA:106,5,0,0
BRDA:107,6,0,0
BRDA:119,7,0,0
BRDA:119,7,1,0
BRDA:119,7,2,0
BRDA:121,8,0,0
BRDA:121,8,1,0
BRDA:122,9,0,0
BRDA:122,9,1,0
BRDA:126,10,0,0
BRDA:126,10,1,0
BRF:20
BRH:0
end_of_record
TN:
SF:src/components/atoms/Card/Card.types.ts
FNF:0
FNH:0
LF:0
LH:0
BRF:0
BRH:0
end_of_record
TN:
SF:src/components/atoms/Card/index.ts
FNF:0
FNH:0
LF:0
LH:0
BRF:0
BRH:0
end_of_record
TN:
SF:src/components/atoms/Checkbox/Checkbox.tsx
FN:38,(anonymous_0)
FN:51,(anonymous_1)
FNF:2
FNH:0
FNDA:0,(anonymous_0)
FNDA:0,(anonymous_1)
DA:14,0
DA:38,0
DA:51,0
DA:52,0
DA:53,0
DA:57,0
LF:6
LH:0
BRDA:43,0,0,0
BRDA:44,1,0,0
BRDA:46,2,0,0
BRDA:52,3,0,0
BRDA:52,3,1,0
BRF:5
BRH:0
end_of_record
TN:
SF:src/components/atoms/Checkbox/Checkbox.types.ts
FNF:0
FNH:0
LF:0
LH:0
BRF:0
BRH:0
end_of_record
TN:
SF:src/components/atoms/Checkbox/index.ts
FNF:0
FNH:0
LF:0
LH:0
BRF:0
BRH:0
end_of_record
TN:
SF:src/components/atoms/CurrencyInput/CurrencyInput.tsx
FN:11,(anonymous_0)
FN:23,(anonymous_1)
FN:31,(anonymous_2)
FN:65,(anonymous_3)
FN:72,(anonymous_4)
FNF:5
FNH:0
FNDA:0,(anonymous_0)
FNDA:0,(anonymous_1)
FNDA:0,(anonymous_2)
FNDA:0,(anonymous_3)
FNDA:0,(anonymous_4)
DA:11,0
DA:20,0
DA:23,0
DA:24,0
DA:25,0
DA:27,0
DA:31,0
DA:32,0
DA:35,0
DA:36,0
DA:39,0
DA:42,0
DA:45,0
DA:46,0
DA:47,0
DA:50,0
DA:51,0
DA:56,0
DA:57,0
DA:58,0
DA:59,0
DA:60,0
DA:61,0
DA:65,0
DA:67,0
DA:68,0
DA:72,0
DA:74,0
DA:75,0
DA:79,0
LF:30
LH:0
BRDA:14,0,0,0
BRDA:15,1,0,0
BRDA:16,2,0,0
BRDA:17,3,0,0
BRDA:24,4,0,0
BRDA:24,4,1,0
BRDA:24,5,0,0
BRDA:24,5,1,0
BRDA:45,6,0,0
BRDA:45,6,1,0
BRDA:46,7,0,0
BRDA:46,7,1,0
BRDA:46,8,0,0
BRDA:46,8,1,0
BRDA:50,9,0,0
BRDA:50,9,1,0
BRDA:56,10,0,0
BRDA:56,10,1,0
BRDA:56,11,0,0
BRDA:56,11,1,0
BRDA:59,12,0,0
BRDA:59,12,1,0
BRDA:59,13,0,0
BRDA:59,13,1,0
BRDA:67,14,0,0
BRDA:67,14,1,0
BRDA:67,15,0,0
BRDA:67,15,1,0
BRDA:74,16,0,0
BRDA:74,16,1,0
BRDA:74,17,0,0
BRDA:74,17,1,0
BRF:32
BRH:0
end_of_record
TN:
SF:src/components/atoms/CurrencyInput/CurrencyInput.types.ts
FNF:0
FNH:0
LF:0
LH:0
BRF:0
BRH:0
end_of_record
TN:
SF:src/components/atoms/CurrencyInput/index.ts
FNF:0
FNH:0
LF:0
LH:0
BRF:0
BRH:0
end_of_record
TN:
SF:src/components/atoms/DatePicker/DatePicker.tsx
FN:76,(anonymous_0)
FN:97,(anonymous_1)
FN:107,(anonymous_2)
FNF:3
FNH:0
FNDA:0,(anonymous_0)
FNDA:0,(anonymous_1)
FNDA:0,(anonymous_2)
DA:16,0
DA:76,0
DA:97,0
DA:98,0
DA:99,0
DA:100,0
DA:101,0
DA:107,0
DA:108,0
DA:109,0
DA:116,0
DA:118,0
LF:12
LH:0
BRDA:80,0,0,0
BRDA:82,1,0,0
BRDA:83,2,0,0
BRDA:84,3,0,0
BRDA:85,4,0,0
BRDA:86,5,0,0
BRDA:87,6,0,0
BRDA:89,7,0,0
BRDA:90,8,0,0
BRDA:92,9,0,0
BRDA:98,10,0,0
BRDA:98,10,1,0
BRDA:99,11,0,0
BRDA:99,11,1,0
BRDA:100,12,0,0
BRDA:100,12,1,0
BRDA:108,13,0,0
BRDA:108,13,1,0
BRDA:116,14,0,0
BRDA:116,14,1,0
BRDA:116,15,0,0
BRDA:116,15,1,0
BRDA:120,16,0,0
BRDA:120,16,1,0
BRDA:121,17,0,0
BRDA:121,17,1,0
BRDA:127,18,0,0
BRDA:127,18,1,0
BRDA:135,19,0,0
BRDA:135,19,1,0
BRDA:139,20,0,0
BRDA:139,20,1,0
BRF:32
BRH:0
end_of_record
TN:
SF:src/components/atoms/DatePicker/DatePicker.types.ts
FNF:0
FNH:0
LF:0
LH:0
BRF:0
BRH:0
end_of_record
TN:
SF:src/components/atoms/DatePicker/index.ts
FNF:0
FNH:0
LF:0
LH:0
BRF:0
BRH:0
end_of_record
TN:
SF:src/components/atoms/Input/Input.tsx
FN:26,(anonymous_0)
FN:42,(anonymous_1)
FN:48,(anonymous_2)
FN:56,(anonymous_3)
FN:77,(anonymous_4)
FN:146,(anonymous_5)
FN:164,(anonymous_6)
FN:166,(anonymous_7)
FNF:8
FNH:0
FNDA:0,(anonymous_0)
FNDA:0,(anonymous_1)
FNDA:0,(anonymous_2)
FNDA:0,(anonymous_3)
FNDA:0,(anonymous_4)
FNDA:0,(anonymous_5)
FNDA:0,(anonymous_6)
FNDA:0,(anonymous_7)
DA:15,0
DA:19,0
DA:27,0
DA:36,0
DA:42,0
DA:48,0
DA:57,0
DA:59,0
DA:61,0
DA:64,0
DA:69,0
DA:78,0
DA:80,0
DA:82,0
DA:85,0
DA:110,0
DA:117,0
DA:124,0
DA:146,0
DA:164,0
DA:166,0
DA:167,0
DA:168,0
DA:171,0
LF:24
LH:0
BRDA:27,0,0,0
BRDA:27,0,1,0
BRDA:42,1,0,0
BRDA:42,1,1,0
BRDA:48,2,0,0
BRDA:48,2,1,0
BRDA:57,3,0,0
BRDA:57,3,1,0
BRDA:57,3,2,0
BRDA:57,3,3,0
BRDA:78,4,0,0
BRDA:78,4,1,0
BRDA:78,4,2,0
BRDA:78,4,3,0
BRDA:149,5,0,0
BRDA:154,6,0,0
BRDA:155,7,0,0
BRDA:156,8,0,0
BRDA:161,9,0,0
BRDA:162,10,0,0
BRDA:167,11,0,0
BRDA:167,11,1,0
BRDA:167,12,0,0
BRDA:167,12,1,0
BRDA:173,13,0,0
BRDA:173,13,1,0
BRDA:175,14,0,0
BRDA:175,14,1,0
BRDA:188,15,0,0
BRDA:188,15,1,0
BRDA:190,16,0,0
BRDA:190,16,1,0
BRF:32
BRH:0
end_of_record
TN:
SF:src/components/atoms/Input/Input.types.ts
FNF:0
FNH:0
LF:0
LH:0
BRF:0
BRH:0
end_of_record
TN:
SF:src/components/atoms/Input/index.ts
FNF:0
FNH:0
LF:0
LH:0
BRF:0
BRH:0
end_of_record
TN:
SF:src/components/atoms/LoadingSpinner/LoadingSpinner.tsx
FN:35,(anonymous_0)
FN:51,(anonymous_1)
FN:67,(anonymous_2)
FN:102,(anonymous_3)
FNF:4
FNH:0
FNDA:0,(anonymous_0)
FNDA:0,(anonymous_1)
FNDA:0,(anonymous_2)
FNDA:0,(anonymous_3)
DA:15,0
DA:28,0
DA:36,0
DA:48,0
DA:52,0
DA:54,0
DA:56,0
DA:58,0
DA:61,0
DA:68,0
DA:70,0
DA:72,0
DA:75,0
DA:80,0
DA:102,0
DA:109,0
LF:16
LH:0
BRDA:36,0,0,0
BRDA:36,0,1,0
BRDA:52,1,0,0
BRDA:52,1,1,0
BRDA:52,1,2,0
BRDA:52,1,3,0
BRDA:52,1,4,0
BRDA:68,2,0,0
BRDA:68,2,1,0
BRDA:68,2,2,0
BRDA:68,2,3,0
BRDA:103,3,0,0
BRDA:104,4,0,0
BRDA:106,5,0,0
BRDA:112,6,0,0
BRDA:112,6,1,0
BRF:16
BRH:0
end_of_record
TN:
SF:src/components/atoms/LoadingSpinner/LoadingSpinner.types.ts
FNF:0
FNH:0
LF:0
LH:0
BRF:0
BRH:0
end_of_record
TN:
SF:src/components/atoms/LoadingSpinner/index.ts
FNF:0
FNH:0
LF:0
LH:0
BRF:0
BRH:0
end_of_record
TN:
SF:src/components/atoms/Radio/Radio.tsx
FN:42,(anonymous_0)
FN:56,(anonymous_1)
FN:87,(anonymous_2)
FN:111,(anonymous_3)
FNF:4
FNH:0
FNDA:0,(anonymous_0)
FNDA:0,(anonymous_1)
FNDA:0,(anonymous_2)
FNDA:0,(anonymous_3)
DA:14,0
DA:42,0
DA:56,0
DA:57,0
DA:58,0
DA:65,0
DA:70,0
DA:71,0
DA:88,0
DA:97,0
DA:112,0
LF:11
LH:0
BRDA:43,0,0,0
BRDA:47,1,0,0
BRDA:48,2,0,0
BRDA:49,3,0,0
BRDA:51,4,0,0
BRDA:57,5,0,0
BRDA:57,5,1,0
BRDA:65,6,0,0
BRDA:65,6,1,0
BRDA:65,7,0,0
BRDA:65,7,1,0
BRDA:70,8,0,0
BRDA:70,8,1,0
BRDA:83,9,0,0
BRDA:83,9,1,0
BRDA:84,10,0,0
BRDA:84,10,1,0
BRDA:107,11,0,0
BRDA:107,11,1,0
BRDA:108,12,0,0
BRDA:108,12,1,0
BRF:21
BRH:0
end_of_record
TN:
SF:src/components/atoms/Radio/Radio.types.ts
FNF:0
FNH:0
LF:0
LH:0
BRF:0
BRH:0
end_of_record
TN:
SF:src/components/atoms/Radio/index.ts
FNF:0
FNH:0
LF:0
LH:0
BRF:0
BRH:0
end_of_record
TN:
SF:src/components/atoms/Select/Select.tsx
FN:27,(anonymous_0)
FN:41,(anonymous_1)
FN:48,(anonymous_2)
FN:51,(anonymous_3)
FN:70,(anonymous_4)
FN:105,(anonymous_5)
FN:121,(anonymous_6)
FN:139,(anonymous_7)
FN:140,(anonymous_8)
FN:141,(anonymous_9)
FN:145,(anonymous_10)
FN:148,(anonymous_11)
FN:151,(anonymous_12)
FN:181,(anonymous_13)
FN:200,(anonymous_14)
FN:203,(anonymous_15)
FN:205,(anonymous_16)
FN:206,(anonymous_17)
FN:213,(anonymous_18)
FN:216,(anonymous_19)
FN:222,(anonymous_20)
FN:233,(anonymous_21)
FN:257,(anonymous_22)
FN:258,(anonymous_23)
FN:262,(anonymous_24)
FN:267,(anonymous_25)
FNF:26
FNH:0
FNDA:0,(anonymous_0)
FNDA:0,(anonymous_1)
FNDA:0,(anonymous_2)
FNDA:0,(anonymous_3)
FNDA:0,(anonymous_4)
FNDA:0,(anonymous_5)
FNDA:0,(anonymous_6)
FNDA:0,(anonymous_7)
FNDA:0,(anonymous_8)
FNDA:0,(anonymous_9)
FNDA:0,(anonymous_10)
FNDA:0,(anonymous_11)
FNDA:0,(anonymous_12)
FNDA:0,(anonymous_13)
FNDA:0,(anonymous_14)
FNDA:0,(anonymous_15)
FNDA:0,(anonymous_16)
FNDA:0,(anonymous_17)
FNDA:0,(anonymous_18)
FNDA:0,(anonymous_19)
FNDA:0,(anonymous_20)
FNDA:0,(anonymous_21)
FNDA:0,(anonymous_22)
FNDA:0,(anonymous_23)
FNDA:0,(anonymous_24)
FNDA:0,(anonymous_25)
DA:16,0
DA:20,0
DA:28,0
DA:37,0
DA:41,0
DA:48,0
DA:52,0
DA:54,0
DA:56,0
DA:59,0
DA:68,0
DA:71,0
DA:73,0
DA:75,0
DA:78,0
DA:84,0
DA:88,0
DA:100,0
DA:105,0
DA:108,0
DA:121,0
DA:124,0
DA:137,0
DA:139,0
DA:140,0
DA:142,0
DA:143,0
DA:145,0
DA:148,0
DA:151,0
DA:154,0
DA:181,0
DA:195,0
DA:196,0
DA:197,0
DA:199,0
DA:200,0
DA:203,0
DA:205,0
DA:206,0
DA:207,0
DA:208,0
DA:212,0
DA:213,0
DA:216,0
DA:217,0
DA:218,0
DA:219,0
DA:222,0
DA:223,0
DA:224,0
DA:227,0
DA:233,0
DA:257,0
DA:258,0
DA:263,0
DA:267,0
LF:57
LH:0
BRDA:28,0,0,0
BRDA:28,0,1,0
BRDA:41,1,0,0
BRDA:41,1,1,0
BRDA:48,2,0,0
BRDA:48,2,1,0
BRDA:52,3,0,0
BRDA:52,3,1,0
BRDA:52,3,2,0
BRDA:52,3,3,0
BRDA:71,4,0,0
BRDA:71,4,1,0
BRDA:71,4,2,0
BRDA:71,4,3,0
BRDA:105,5,0,0
BRDA:105,5,1,0
BRDA:121,6,0,0
BRDA:121,6,1,0
BRDA:139,7,0,0
BRDA:139,7,1,0
BRDA:140,8,0,0
BRDA:140,8,1,0
BRDA:142,9,0,0
BRDA:142,9,1,0
BRDA:143,10,0,0
BRDA:143,10,1,0
BRDA:145,11,0,0
BRDA:145,11,1,0
BRDA:148,12,0,0
BRDA:148,12,1,0
BRDA:151,13,0,0
BRDA:151,13,1,0
BRDA:183,14,0,0
BRDA:188,15,0,0
BRDA:189,16,0,0
BRDA:190,17,0,0
BRDA:191,18,0,0
BRDA:193,19,0,0
BRDA:199,20,0,0
BRDA:199,20,1,0
BRDA:207,21,0,0
BRDA:207,21,1,0
BRDA:207,22,0,0
BRDA:207,22,1,0
BRDA:229,23,0,0
BRDA:229,23,1,0
BRDA:233,24,0,0
BRDA:233,24,1,0
BRDA:236,25,0,0
BRDA:236,25,1,0
BRDA:242,26,0,0
BRDA:242,26,1,0
BRDA:242,26,2,0
BRDA:242,26,3,0
BRDA:253,27,0,0
BRDA:253,27,1,0
BRDA:261,28,0,0
BRDA:261,28,1,0
BRDA:266,29,0,0
BRDA:266,29,1,0
BRDA:267,30,0,0
BRDA:267,30,1,0
BRDA:279,31,0,0
BRDA:279,31,1,0
BRF:64
BRH:0
end_of_record
TN:
SF:src/components/atoms/Select/Select.types.ts
FNF:0
FNH:0
LF:0
LH:0
BRF:0
BRH:0
end_of_record
TN:
SF:src/components/atoms/Select/index.ts
FNF:0
FNH:0
LF:0
LH:0
BRF:0
BRH:0
end_of_record
TN:
SF:src/components/atoms/StatusTag/StatusTag.tsx
FN:32,(anonymous_0)
FN:111,(anonymous_1)
FN:125,(anonymous_2)
FNF:3
FNH:0
FNDA:0,(anonymous_0)
FNDA:0,(anonymous_1)
FNDA:0,(anonymous_2)
DA:32,0
DA:33,0
DA:35,0
DA:37,0
DA:39,0
DA:41,0
DA:43,0
DA:47,0
DA:49,0
DA:51,0
DA:53,0
DA:55,0
DA:57,0
DA:61,0
DA:63,0
DA:65,0
DA:67,0
DA:69,0
DA:71,0
DA:75,0
DA:77,0
DA:79,0
DA:81,0
DA:83,0
DA:85,0
DA:89,0
DA:91,0
DA:93,0
DA:95,0
DA:97,0
DA:101,0
DA:104,0
DA:111,0
DA:112,0
DA:121,0
DA:122,0
DA:125,0
DA:126,0
DA:127,0
DA:129,0
LF:40
LH:0
BRDA:33,0,0,0
BRDA:33,0,1,0
BRDA:33,0,2,0
BRDA:33,0,3,0
BRDA:33,0,4,0
BRDA:33,0,5,0
BRDA:33,0,6,0
BRDA:35,1,0,0
BRDA:35,1,1,0
BRDA:35,1,2,0
BRDA:35,1,3,0
BRDA:47,2,0,0
BRDA:47,2,1,0
BRDA:47,2,2,0
BRDA:47,2,3,0
BRDA:47,2,4,0
BRDA:61,3,0,0
BRDA:61,3,1,0
BRDA:61,3,2,0
BRDA:61,3,3,0
BRDA:61,3,4,0
BRDA:75,4,0,0
BRDA:75,4,1,0
BRDA:75,4,2,0
BRDA:75,4,3,0
BRDA:75,4,4,0
BRDA:89,5,0,0
BRDA:89,5,1,0
BRDA:89,5,2,0
BRDA:89,5,3,0
BRDA:122,6,0,0
BRDA:122,6,1,0
BRF:32
BRH:0
end_of_record
TN:
SF:src/components/atoms/StatusTag/index.ts
FNF:0
FNH:0
LF:0
LH:0
BRF:0
BRH:0
end_of_record
TN:
SF:src/components/atoms/Tooltip/Tooltip.tsx
FN:29,(anonymous_0)
FNF:1
FNH:0
FNDA:0,(anonymous_0)
DA:29,0
DA:42,0
LF:2
LH:0
BRDA:31,0,0,0
BRDA:32,1,0,0
BRDA:38,2,0,0
BRDA:39,3,0,0
BRDA:40,4,0,0
BRF:5
BRH:0
end_of_record
TN:
SF:src/components/atoms/Tooltip/Tooltip.types.ts
FNF:0
FNH:0
LF:0
LH:0
BRF:0
BRH:0
end_of_record
TN:
SF:src/components/atoms/Tooltip/index.ts
FNF:0
FNH:0
LF:0
LH:0
BRF:0
BRH:0
end_of_record
TN:
SF:src/components/molecules/NotificationDropdown.tsx
FN:82,(anonymous_0)
FN:85,(anonymous_1)
FN:87,(anonymous_2)
FN:98,(anonymous_3)
FN:103,(anonymous_4)
FN:108,(anonymous_5)
FN:113,(anonymous_6)
FN:114,(anonymous_7)
FN:114,(anonymous_8)
FN:116,(anonymous_9)
FN:121,(anonymous_10)
FN:125,(anonymous_11)
FN:159,(anonymous_12)
FN:162,(anonymous_13)
FN:186,(anonymous_14)
FN:196,(anonymous_15)
FN:220,(anonymous_16)
FNF:17
FNH:0
FNDA:0,(anonymous_0)
FNDA:0,(anonymous_1)
FNDA:0,(anonymous_2)
FNDA:0,(anonymous_3)
FNDA:0,(anonymous_4)
FNDA:0,(anonymous_5)
FNDA:0,(anonymous_6)
FNDA:0,(anonymous_7)
FNDA:0,(anonymous_8)
FNDA:0,(anonymous_9)
FNDA:0,(anonymous_10)
FNDA:0,(anonymous_11)
FNDA:0,(anonymous_12)
FNDA:0,(anonymous_13)
FNDA:0,(anonymous_14)
FNDA:0,(anonymous_15)
FNDA:0,(anonymous_16)
DA:20,0
DA:21,0
DA:23,0
DA:25,0
DA:33,0
DA:41,0
DA:62,0
DA:72,0
DA:78,0
DA:82,0
DA:83,0
DA:84,0
DA:85,0
DA:87,0
DA:88,0
DA:95,0
DA:98,0
DA:99,0
DA:100,0
DA:103,0
DA:104,0
DA:105,0
DA:108,0
DA:109,0
DA:110,0
DA:113,0
DA:114,0
DA:116,0
DA:117,0
DA:121,0
DA:122,0
DA:125,0
DA:126,0
DA:127,0
DA:130,0
DA:131,0
DA:136,0
DA:160,0
DA:162,0
DA:186,0
DA:196,0
DA:217,0
DA:220,0
LF:43
LH:0
BRDA:95,0,0,0
BRDA:95,0,1,0
BRDA:126,1,0,0
BRDA:126,1,1,0
BRDA:130,2,0,0
BRDA:130,2,1,0
BRDA:139,3,0,0
BRDA:139,3,1,0
BRDA:146,4,0,0
BRDA:146,4,1,0
BRDA:150,5,0,0
BRDA:150,5,1,0
BRDA:161,6,0,0
BRDA:161,6,1,0
BRDA:181,7,0,0
BRDA:181,7,1,0
BRDA:207,8,0,0
BRDA:207,8,1,0
BRF:18
BRH:0
end_of_record
TN:
SF:src/components/molecules/index.ts
FNF:0
FNH:0
LF:0
LH:0
BRF:0
BRH:0
end_of_record
TN:
SF:src/components/molecules/BudgetForm/BudgetForm.tsx
FN:192,(anonymous_0)
FN:210,(anonymous_1)
FN:235,(anonymous_2)
FN:263,(anonymous_3)
FN:268,(anonymous_4)
FN:331,(anonymous_5)
FN:333,(anonymous_6)
FN:334,(anonymous_7)
FN:376,(anonymous_8)
FN:414,(anonymous_9)
FN:419,(anonymous_10)
FN:425,(anonymous_11)
FN:445,(anonymous_12)
FN:449,(anonymous_13)
FN:450,(anonymous_14)
FNF:15
FNH:0
FNDA:0,(anonymous_0)
FNDA:0,(anonymous_1)
FNDA:0,(anonymous_2)
FNDA:0,(anonymous_3)
FNDA:0,(anonymous_4)
FNDA:0,(anonymous_5)
FNDA:0,(anonymous_6)
FNDA:0,(anonymous_7)
FNDA:0,(anonymous_8)
FNDA:0,(anonymous_9)
FNDA:0,(anonymous_10)
FNDA:0,(anonymous_11)
FNDA:0,(anonymous_12)
FNDA:0,(anonymous_13)
FNDA:0,(anonymous_14)
DA:27,0
DA:28,0
DA:60,0
DA:192,0
DA:200,0
DA:201,0
DA:202,0
DA:203,0
DA:204,0
DA:206,0
DA:207,0
DA:208,0
DA:210,0
DA:211,0
DA:212,0
DA:217,0
DA:218,0
DA:219,0
DA:220,0
DA:222,0
DA:223,0
DA:228,0
DA:229,0
DA:230,0
DA:231,0
DA:235,0
DA:236,0
DA:237,0
DA:240,0
DA:243,0
DA:245,0
DA:246,0
DA:248,0
DA:249,0
DA:251,0
DA:252,0
DA:254,0
DA:255,0
DA:257,0
DA:260,0
DA:263,0
DA:264,0
DA:265,0
DA:268,0
DA:269,0
DA:270,0
DA:271,0
DA:280,0
DA:282,0
DA:302,0
DA:309,0
DA:331,0
DA:333,0
DA:335,0
DA:336,0
DA:377,0
DA:414,0
DA:420,0
DA:425,0
DA:445,0
DA:449,0
DA:451,0
DA:452,0
LF:63
LH:0
BRDA:198,0,0,0
BRDA:206,1,0,0
BRDA:206,1,1,0
BRDA:207,2,0,0
BRDA:207,2,1,0
BRDA:211,3,0,0
BRDA:211,3,1,0
BRDA:214,4,0,0
BRDA:214,4,1,0
BRDA:215,5,0,0
BRDA:215,5,1,0
BRDA:217,6,0,0
BRDA:217,6,1,0
BRDA:218,7,0,0
BRDA:218,7,1,0
BRDA:219,8,0,0
BRDA:219,8,1,0
BRDA:220,9,0,0
BRDA:220,9,1,0
BRDA:240,10,0,0
BRDA:240,10,1,0
BRDA:243,11,0,0
BRDA:243,11,1,0
BRDA:243,11,2,0
BRDA:243,11,3,0
BRDA:243,11,4,0
BRDA:311,12,0,0
BRDA:311,12,1,0
BRDA:331,13,0,0
BRDA:331,13,1,0
BRDA:336,14,0,0
BRDA:336,14,1,0
BRDA:413,15,0,0
BRDA:413,15,1,0
BRDA:423,16,0,0
BRDA:423,16,1,0
BRDA:427,17,0,0
BRDA:427,17,1,0
BRDA:445,18,0,0
BRDA:445,18,1,0
BRDA:452,19,0,0
BRDA:452,19,1,0
BRDA:465,20,0,0
BRDA:465,20,1,0
BRDA:480,21,0,0
BRDA:480,21,1,0
BRDA:504,22,0,0
BRDA:504,22,1,0
BRF:48
BRH:0
end_of_record
TN:
SF:src/components/molecules/BudgetForm/index.ts
FNF:0
FNH:0
LF:0
LH:0
BRF:0
BRH:0
end_of_record
TN:
SF:src/components/molecules/DashboardWidgets/BudgetProgress.tsx
FN:79,(anonymous_0)
FN:80,(anonymous_1)
FN:87,(anonymous_2)
FN:109,(anonymous_3)
FN:129,(anonymous_4)
FNF:5
FNH:0
FNDA:0,(anonymous_0)
FNDA:0,(anonymous_1)
FNDA:0,(anonymous_2)
FNDA:0,(anonymous_3)
FNDA:0,(anonymous_4)
DA:25,0
DA:79,0
DA:80,0
DA:81,0
DA:82,0
DA:83,0
DA:84,0
DA:87,0
DA:88,0
DA:89,0
DA:90,0
DA:91,0
DA:94,0
DA:110,0
DA:111,0
DA:112,0
DA:114,0
DA:129,0
LF:18
LH:0
BRDA:82,0,0,0
BRDA:82,0,1,0
BRDA:83,1,0,0
BRDA:83,1,1,0
BRDA:89,2,0,0
BRDA:89,2,1,0
BRDA:90,3,0,0
BRDA:90,3,1,0
BRDA:104,4,0,0
BRDA:104,4,1,0
BRDA:116,5,0,0
BRDA:116,5,1,0
BRF:12
BRH:0
end_of_record
TN:
SF:src/components/molecules/DashboardWidgets/QuickActions.tsx
FN:64,(anonymous_0)
FN:65,(anonymous_1)
FN:72,(anonymous_2)
FN:73,(anonymous_3)
FN:81,(anonymous_4)
FN:142,(anonymous_5)
FNF:6
FNH:0
FNDA:0,(anonymous_0)
FNDA:0,(anonymous_1)
FNDA:0,(anonymous_2)
FNDA:0,(anonymous_3)
FNDA:0,(anonymous_4)
FNDA:0,(anonymous_5)
DA:26,0
DA:64,0
DA:65,0
DA:72,0
DA:73,0
DA:81,0
DA:89,0
DA:134,0
DA:143,0
LF:9
LH:0
BRDA:64,0,0,0
BRDA:64,0,1,0
BRDA:65,1,0,0
BRDA:65,1,1,0
BRDA:72,2,0,0
BRDA:72,2,1,0
BRDA:73,3,0,0
BRDA:73,3,1,0
BRF:8
BRH:0
end_of_record
TN:
SF:src/components/molecules/DashboardWidgets/RecentTransactions.tsx
FN:111,(anonymous_0)
FN:117,(anonymous_1)
FN:132,(anonymous_2)
FN:171,(anonymous_3)
FNF:4
FNH:0
FNDA:0,(anonymous_0)
FNDA:0,(anonymous_1)
FNDA:0,(anonymous_2)
FNDA:0,(anonymous_3)
DA:30,0
DA:111,0
DA:117,0
DA:118,0
DA:120,0
DA:122,0
DA:124,0
DA:126,0
DA:128,0
DA:132,0
DA:133,0
DA:134,0
DA:135,0
DA:136,0
DA:138,0
DA:139,0
DA:142,0
DA:143,0
DA:146,0
DA:149,0
DA:172,0
LF:21
LH:0
BRDA:113,0,0,0
BRDA:118,1,0,0
BRDA:118,1,1,0
BRDA:120,2,0,0
BRDA:120,2,1,0
BRDA:120,2,2,0
BRDA:120,2,3,0
BRDA:138,3,0,0
BRDA:138,3,1,0
BRDA:142,4,0,0
BRDA:142,4,1,0
BRDA:164,5,0,0
BRDA:164,5,1,0
BRDA:181,6,0,0
BRDA:181,6,1,0
BRDA:181,6,2,0
BRDA:187,7,0,0
BRDA:187,7,1,0
BRDA:190,8,0,0
BRDA:190,8,1,0
BRF:20
BRH:0
end_of_record
TN:
SF:src/components/molecules/DashboardWidgets/SummaryStats.tsx
FN:68,(anonymous_0)
FN:94,(anonymous_1)
FN:112,(anonymous_2)
FN:130,(anonymous_3)
FNF:4
FNH:0
FNDA:0,(anonymous_0)
FNDA:0,(anonymous_1)
FNDA:0,(anonymous_2)
FNDA:0,(anonymous_3)
DA:20,0
DA:68,0
DA:76,0
DA:94,0
DA:112,0
DA:130,0
LF:6
LH:0
BRDA:74,0,0,0
BRDA:97,1,0,0
BRDA:97,1,1,0
BRDA:99,2,0,0
BRDA:99,2,1,0
BRDA:100,3,0,0
BRDA:100,3,1,0
BRDA:115,4,0,0
BRDA:115,4,1,0
BRDA:117,5,0,0
BRDA:117,5,1,0
BRDA:118,6,0,0
BRDA:118,6,1,0
BRF:13
BRH:0
end_of_record
TN:
SF:src/components/molecules/DashboardWidgets/index.ts
FNF:0
FNH:0
LF:0
LH:0
BRF:0
BRH:0
end_of_record
TN:
SF:src/components/molecules/ExpenseChart/ExpenseChart.tsx
FN:27,(anonymous_0)
FN:72,(anonymous_1)
FN:81,(anonymous_2)
FN:94,(anonymous_3)
FN:97,(anonymous_4)
FN:99,(anonymous_5)
FN:117,(anonymous_6)
FN:119,(anonymous_7)
FN:136,(anonymous_8)
FN:147,(anonymous_9)
FN:171,(anonymous_10)
FN:178,(anonymous_11)
FN:189,(anonymous_12)
FNF:13
FNH:0
FNDA:0,(anonymous_0)
FNDA:0,(anonymous_1)
FNDA:0,(anonymous_2)
FNDA:0,(anonymous_3)
FNDA:0,(anonymous_4)
FNDA:0,(anonymous_5)
FNDA:0,(anonymous_6)
FNDA:0,(anonymous_7)
FNDA:0,(anonymous_8)
FNDA:0,(anonymous_9)
FNDA:0,(anonymous_10)
FNDA:0,(anonymous_11)
FNDA:0,(anonymous_12)
DA:24,0
DA:27,0
DA:57,0
DA:72,0
DA:78,0
DA:79,0
DA:81,0
DA:82,0
DA:85,0
DA:86,0
DA:89,0
DA:90,0
DA:93,0
DA:94,0
DA:97,0
DA:99,0
DA:108,0
DA:118,0
DA:119,0
DA:120,0
DA:121,0
DA:129,0
DA:130,0
DA:131,0
DA:132,0
DA:137,0
DA:142,0
DA:143,0
DA:148,0
DA:153,0
DA:165,0
DA:171,0
DA:172,0
DA:173,0
DA:178,0
DA:180,0
DA:190,0
LF:37
LH:0
BRDA:27,0,0,0
BRDA:27,0,1,0
BRDA:74,1,0,0
BRDA:75,2,0,0
BRDA:76,3,0,0
BRDA:82,4,0,0
BRDA:82,4,1,0
BRDA:82,5,0,0
BRDA:82,5,1,0
BRDA:85,6,0,0
BRDA:85,6,1,0
BRDA:90,7,0,0
BRDA:90,7,1,0
BRDA:99,8,0,0
BRDA:99,8,1,0
BRDA:101,9,0,0
BRDA:101,9,1,0
BRDA:101,10,0,0
BRDA:101,10,1,0
BRDA:129,11,0,0
BRDA:129,11,1,0
BRDA:129,12,0,0
BRDA:129,12,1,0
BRDA:130,13,0,0
BRDA:130,13,1,0
BRDA:131,14,0,0
BRDA:131,14,1,0
BRDA:142,15,0,0
BRDA:142,15,1,0
BRDA:172,16,0,0
BRDA:172,16,1,0
BRDA:194,17,0,0
BRDA:194,17,1,0
BRDA:199,18,0,0
BRDA:199,18,1,0
BRF:35
BRH:0
end_of_record
TN:
SF:src/components/molecules/ExpenseChart/index.ts
FNF:0
FNH:0
LF:0
LH:0
BRF:0
BRH:0
end_of_record
TN:
SF:src/components/molecules/FormField/FormField.tsx
FN:145,(anonymous_0)
FNF:1
FNH:0
FNDA:0,(anonymous_0)
DA:97,0
DA:102,0
DA:145,0
DA:160,0
LF:4
LH:0
BRDA:147,0,0,0
BRDA:154,1,0,0
BRDA:155,2,0,0
BRDA:156,3,0,0
BRDA:157,4,0,0
BRDA:162,5,0,0
BRDA:162,5,1,0
BRDA:176,6,0,0
BRDA:176,6,1,0
BRDA:185,7,0,0
BRDA:185,7,1,0
BRDA:190,8,0,0
BRDA:190,8,1,0
BRF:13
BRH:0
end_of_record
TN:
SF:src/components/molecules/FormField/index.ts
FNF:0
FNH:0
LF:0
LH:0
BRF:0
BRH:0
end_of_record
TN:
SF:src/components/molecules/GoalForm/GoalForm.tsx
FN:254,(anonymous_0)
FN:270,(anonymous_1)
FN:293,(anonymous_2)
FN:298,(anonymous_3)
FN:314,(anonymous_4)
FN:440,(anonymous_5)
FN:446,(anonymous_6)
FN:470,(anonymous_7)
FN:472,(anonymous_8)
FN:473,(anonymous_9)
FN:500,(anonymous_10)
FN:512,(anonymous_11)
FN:534,(anonymous_12)
FNF:13
FNH:0
FNDA:0,(anonymous_0)
FNDA:0,(anonymous_1)
FNDA:0,(anonymous_2)
FNDA:0,(anonymous_3)
FNDA:0,(anonymous_4)
FNDA:0,(anonymous_5)
FNDA:0,(anonymous_6)
FNDA:0,(anonymous_7)
FNDA:0,(anonymous_8)
FNDA:0,(anonymous_9)
FNDA:0,(anonymous_10)
FNDA:0,(anonymous_11)
FNDA:0,(anonymous_12)
DA:33,0
DA:67,0
DA:254,0
DA:261,0
DA:262,0
DA:263,0
DA:264,0
DA:266,0
DA:267,0
DA:270,0
DA:271,0
DA:272,0
DA:278,0
DA:279,0
DA:280,0
DA:282,0
DA:283,0
DA:287,0
DA:288,0
DA:289,0
DA:293,0
DA:294,0
DA:295,0
DA:298,0
DA:299,0
DA:300,0
DA:301,0
DA:308,0
DA:310,0
DA:314,0
DA:315,0
DA:317,0
DA:319,0
DA:321,0
DA:323,0
DA:325,0
DA:327,0
DA:331,0
DA:355,0
DA:356,0
DA:357,0
DA:359,0
DA:441,0
DA:442,0
DA:446,0
DA:470,0
DA:472,0
DA:474,0
DA:475,0
DA:500,0
DA:512,0
DA:535,0
LF:52
LH:0
BRDA:259,0,0,0
BRDA:266,1,0,0
BRDA:266,1,1,0
BRDA:267,2,0,0
BRDA:267,2,1,0
BRDA:271,3,0,0
BRDA:271,3,1,0
BRDA:274,4,0,0
BRDA:274,4,1,0
BRDA:278,5,0,0
BRDA:278,5,1,0
BRDA:279,6,0,0
BRDA:279,6,1,0
BRDA:280,7,0,0
BRDA:280,7,1,0
BRDA:315,8,0,0
BRDA:315,8,1,0
BRDA:315,8,2,0
BRDA:315,8,3,0
BRDA:315,8,4,0
BRDA:315,8,5,0
BRDA:355,9,0,0
BRDA:355,9,1,0
BRDA:361,10,0,0
BRDA:361,10,1,0
BRDA:371,11,0,0
BRDA:371,11,1,0
BRDA:384,12,0,0
BRDA:384,12,1,0
BRDA:401,13,0,0
BRDA:401,13,1,0
BRDA:445,14,0,0
BRDA:445,14,1,0
BRDA:465,15,0,0
BRDA:465,15,1,0
BRDA:470,16,0,0
BRDA:470,16,1,0
BRDA:475,17,0,0
BRDA:475,17,1,0
BRDA:500,18,0,0
BRDA:500,18,1,0
BRDA:530,19,0,0
BRDA:530,19,1,0
BRDA:530,19,2,0
BRDA:530,19,3,0
BRDA:544,20,0,0
BRDA:544,20,1,0
BRDA:570,21,0,0
BRDA:570,21,1,0
BRF:49
BRH:0
end_of_record
TN:
SF:src/components/molecules/GoalForm/index.ts
FNF:0
FNH:0
LF:0
LH:0
BRF:0
BRH:0
end_of_record
TN:
SF:src/components/molecules/TransactionForm/TransactionForm.tsx
FN:203,(anonymous_0)
FN:218,(anonymous_1)
FN:220,(anonymous_2)
FN:238,(anonymous_3)
FN:244,(anonymous_4)
FN:249,(anonymous_5)
FN:299,(anonymous_6)
FN:308,(anonymous_7)
FN:313,(anonymous_8)
FN:328,(anonymous_9)
FN:334,(anonymous_10)
FN:353,(anonymous_11)
FN:383,(anonymous_12)
FNF:13
FNH:0
FNDA:0,(anonymous_0)
FNDA:0,(anonymous_1)
FNDA:0,(anonymous_2)
FNDA:0,(anonymous_3)
FNDA:0,(anonymous_4)
FNDA:0,(anonymous_5)
FNDA:0,(anonymous_6)
FNDA:0,(anonymous_7)
FNDA:0,(anonymous_8)
FNDA:0,(anonymous_9)
FNDA:0,(anonymous_10)
FNDA:0,(anonymous_11)
FNDA:0,(anonymous_12)
DA:49,0
DA:203,0
DA:212,0
DA:213,0
DA:214,0
DA:215,0
DA:218,0
DA:220,0
DA:221,0
DA:222,0
DA:226,0
DA:227,0
DA:228,0
DA:230,0
DA:231,0
DA:232,0
DA:233,0
DA:234,0
DA:238,0
DA:239,0
DA:240,0
DA:241,0
DA:244,0
DA:245,0
DA:246,0
DA:249,0
DA:250,0
DA:251,0
DA:252,0
DA:259,0
DA:261,0
DA:265,0
DA:283,0
DA:299,0
DA:309,0
DA:313,0
DA:329,0
DA:334,0
DA:354,0
DA:383,0
LF:40
LH:0
BRDA:210,0,0,0
BRDA:221,1,0,0
BRDA:221,1,1,0
BRDA:224,2,0,0
BRDA:224,2,1,0
BRDA:226,3,0,0
BRDA:226,3,1,0
BRDA:227,4,0,0
BRDA:227,4,1,0
BRDA:228,5,0,0
BRDA:228,5,1,0
BRDA:285,6,0,0
BRDA:285,6,1,0
BRDA:299,7,0,0
BRDA:299,7,1,0
BRDA:312,8,0,0
BRDA:312,8,1,0
BRDA:332,9,0,0
BRDA:332,9,1,0
BRDA:336,10,0,0
BRDA:336,10,1,0
BRDA:401,11,0,0
BRDA:401,11,1,0
BRF:23
BRH:0
end_of_record
TN:
SF:src/components/molecules/TransactionForm/index.ts
FNF:0
FNH:0
LF:0
LH:0
BRF:0
BRH:0
end_of_record
TN:
SF:src/components/organisms/AccountForm.tsx
FN:22,(anonymous_0)
FN:31,(anonymous_1)
FN:40,(anonymous_2)
FN:46,(anonymous_3)
FN:52,(anonymous_4)
FN:105,(anonymous_5)
FNF:6
FNH:0
FNDA:0,(anonymous_0)
FNDA:0,(anonymous_1)
FNDA:0,(anonymous_2)
FNDA:0,(anonymous_3)
FNDA:0,(anonymous_4)
FNDA:0,(anonymous_5)
DA:22,0
DA:28,0
DA:31,0
DA:32,0
DA:33,0
DA:40,0
DA:41,0
DA:42,0
DA:46,0
DA:47,0
DA:48,0
DA:52,0
DA:53,0
DA:55,0
DA:61,0
DA:64,0
DA:73,0
DA:77,0
DA:106,0
LF:19
LH:0
BRDA:26,0,0,0
BRDA:32,1,0,0
BRDA:32,1,1,0
BRDA:41,2,0,0
BRDA:41,2,1,0
BRDA:47,3,0,0
BRDA:47,3,1,0
BRDA:53,4,0,0
BRDA:53,4,1,0
BRDA:68,5,0,0
BRDA:68,5,1,0
BRDA:166,6,0,0
BRDA:166,6,1,0
BRDA:168,7,0,0
BRDA:168,7,1,0
BRF:15
BRH:0
end_of_record
TN:
SF:src/components/organisms/CategoryForm.tsx
FN:22,(anonymous_0)
FN:31,(anonymous_1)
FN:40,(anonymous_2)
FN:78,(anonymous_3)
FNF:4
FNH:0
FNDA:0,(anonymous_0)
FNDA:0,(anonymous_1)
FNDA:0,(anonymous_2)
FNDA:0,(anonymous_3)
DA:22,0
DA:28,0
DA:31,0
DA:32,0
DA:33,0
DA:40,0
DA:41,0
DA:49,0
DA:52,0
DA:79,0
LF:10
LH:0
BRDA:26,0,0,0
BRDA:32,1,0,0
BRDA:32,1,1,0
BRDA:106,2,0,0
BRDA:106,2,1,0
BRDA:108,3,0,0
BRDA:108,3,1,0
BRF:7
BRH:0
end_of_record
TN:
SF:src/components/organisms/TransactionForm.tsx
FN:29,(anonymous_0)
FN:38,(anonymous_1)
FN:39,(anonymous_2)
FN:40,(anonymous_3)
FN:41,(anonymous_4)
FN:47,(anonymous_5)
FN:58,(anonymous_6)
FN:68,(anonymous_7)
FN:80,(anonymous_8)
FN:86,(anonymous_9)
FN:92,(anonymous_10)
FN:131,(anonymous_11)
FN:136,(anonymous_12)
FN:200,(anonymous_13)
FN:223,(anonymous_14)
FNF:15
FNH:0
FNDA:0,(anonymous_0)
FNDA:0,(anonymous_1)
FNDA:0,(anonymous_2)
FNDA:0,(anonymous_3)
FNDA:0,(anonymous_4)
FNDA:0,(anonymous_5)
FNDA:0,(anonymous_6)
FNDA:0,(anonymous_7)
FNDA:0,(anonymous_8)
FNDA:0,(anonymous_9)
FNDA:0,(anonymous_10)
FNDA:0,(anonymous_11)
FNDA:0,(anonymous_12)
FNDA:0,(anonymous_13)
FNDA:0,(anonymous_14)
DA:29,0
DA:34,0
DA:35,0
DA:38,0
DA:39,0
DA:40,0
DA:41,0
DA:44,0
DA:47,0
DA:48,0
DA:49,0
DA:53,0
DA:54,0
DA:55,0
DA:58,0
DA:59,0
DA:60,0
DA:68,0
DA:69,0
DA:70,0
DA:71,0
DA:73,0
DA:74,0
DA:76,0
DA:80,0
DA:81,0
DA:82,0
DA:86,0
DA:87,0
DA:88,0
DA:92,0
DA:93,0
DA:98,0
DA:100,0
DA:108,0
DA:113,0
DA:114,0
DA:119,0
DA:120,0
DA:131,0
DA:136,0
DA:146,0
DA:201,0
DA:224,0
LF:44
LH:0
BRDA:38,0,0,0
BRDA:38,0,1,0
BRDA:39,1,0,0
BRDA:39,1,1,0
BRDA:53,2,0,0
BRDA:53,2,1,0
BRDA:54,3,0,0
BRDA:54,3,1,0
BRDA:55,4,0,0
BRDA:55,4,1,0
BRDA:59,5,0,0
BRDA:59,5,1,0
BRDA:69,6,0,0
BRDA:69,6,1,0
BRDA:70,7,0,0
BRDA:70,7,1,0
BRDA:73,8,0,0
BRDA:73,8,1,0
BRDA:81,9,0,0
BRDA:81,9,1,0
BRDA:87,10,0,0
BRDA:87,10,1,0
BRDA:98,11,0,0
BRDA:98,11,1,0
BRDA:113,12,0,0
BRDA:113,12,1,0
BRDA:119,13,0,0
BRDA:119,13,1,0
BRDA:119,14,0,0
BRDA:119,14,1,0
BRDA:123,15,0,0
BRDA:123,15,1,0
BRDA:123,16,0,0
BRDA:123,16,1,0
BRDA:125,17,0,0
BRDA:125,17,1,0
BRDA:130,18,0,0
BRDA:130,18,1,0
BRDA:135,19,0,0
BRDA:135,19,1,0
BRDA:140,20,0,0
BRDA:140,20,1,0
BRDA:226,21,0,0
BRDA:226,21,1,0
BRDA:256,22,0,0
BRDA:256,22,1,0
BRDA:257,23,0,0
BRDA:257,23,1,0
BRDA:259,24,0,0
BRDA:259,24,1,0
BRF:50
BRH:0
end_of_record
TN:
SF:src/components/templates/AuthLayout/AuthLayout.tsx
FN:63,(anonymous_0)
FNF:1
FNH:0
FNDA:0,(anonymous_0)
DA:16,0
DA:25,0
DA:42,0
DA:63,0
DA:64,0
LF:5
LH:0
BRF:0
BRH:0
end_of_record
TN:
SF:src/components/templates/AuthLayout/index.ts
FNF:0
FNH:0
LF:0
LH:0
BRF:0
BRH:0
end_of_record
TN:
SF:src/components/templates/DashboardLayout/DashboardLayout.tsx
FN:107,(anonymous_0)
FN:175,(anonymous_1)
FN:190,(anonymous_2)
FN:216,(anonymous_3)
FNF:4
FNH:0
FNDA:0,(anonymous_0)
FNDA:0,(anonymous_1)
FNDA:0,(anonymous_2)
FNDA:0,(anonymous_3)
DA:37,0
DA:41,0
DA:63,0
DA:89,0
DA:97,0
DA:107,0
DA:108,0
DA:109,0
DA:110,0
DA:111,0
DA:116,0
DA:162,0
DA:176,0
DA:177,0
DA:182,0
DA:190,0
DA:216,0
LF:17
LH:0
BRDA:189,0,0,0
BRDA:189,0,1,0
BRF:2
BRH:0
end_of_record
TN:
SF:src/components/templates/DashboardLayout/index.ts
FNF:0
FNH:0
LF:0
LH:0
BRF:0
BRH:0
end_of_record
TN:
SF:src/constants/enums.ts
FN:7,(anonymous_0)
FN:16,(anonymous_1)
FN:23,(anonymous_2)
FN:29,(anonymous_3)
FN:39,(anonymous_4)
FN:48,(anonymous_5)
FN:55,(anonymous_6)
FN:65,(anonymous_7)
FN:71,(anonymous_8)
FN:79,(anonymous_9)
FN:89,(anonymous_10)
FN:96,(anonymous_11)
FN:104,(anonymous_12)
FN:112,(anonymous_13)
FN:119,(anonymous_14)
FN:128,(anonymous_15)
FN:138,(anonymous_16)
FNF:17
FNH:17
FNDA:3,(anonymous_0)
FNDA:3,(anonymous_1)
FNDA:3,(anonymous_2)
FNDA:3,(anonymous_3)
FNDA:3,(anonymous_4)
FNDA:3,(anonymous_5)
FNDA:3,(anonymous_6)
FNDA:3,(anonymous_7)
FNDA:3,(anonymous_8)
FNDA:3,(anonymous_9)
FNDA:3,(anonymous_10)
FNDA:3,(anonymous_11)
FNDA:3,(anonymous_12)
FNDA:3,(anonymous_13)
FNDA:3,(anonymous_14)
FNDA:3,(anonymous_15)
FNDA:3,(anonymous_16)
DA:7,3
DA:8,3
DA:9,3
DA:10,3
DA:11,3
DA:12,3
DA:16,3
DA:17,3
DA:18,3
DA:19,3
DA:23,3
DA:24,3
DA:25,3
DA:29,3
DA:30,3
DA:31,3
DA:32,3
DA:33,3
DA:34,3
DA:35,3
DA:39,3
DA:40,3
DA:41,3
DA:42,3
DA:43,3
DA:44,3
DA:48,3
DA:49,3
DA:50,3
DA:51,3
DA:55,3
DA:56,3
DA:57,3
DA:58,3
DA:59,3
DA:60,3
DA:61,3
DA:65,3
DA:66,3
DA:67,3
DA:71,3
DA:72,3
DA:73,3
DA:74,3
DA:75,3
DA:79,3
DA:80,3
DA:81,3
DA:82,3
DA:83,3
DA:84,3
DA:85,3
DA:89,3
DA:90,3
DA:91,3
DA:92,3
DA:96,3
DA:97,3
DA:98,3
DA:99,3
DA:100,3
DA:104,3
DA:105,3
DA:106,3
DA:107,3
DA:108,3
DA:112,3
DA:113,3
DA:114,3
DA:115,3
DA:119,3
DA:120,3
DA:121,3
DA:122,3
DA:123,3
DA:124,3
DA:128,3
DA:129,3
DA:130,3
DA:131,3
DA:132,3
DA:133,3
DA:134,3
DA:138,3
DA:139,3
DA:140,3
DA:141,3
DA:142,3
LF:88
LH:88
BRDA:7,0,0,3
BRDA:7,0,1,3
BRDA:16,1,0,3
BRDA:16,1,1,3
BRDA:23,2,0,3
BRDA:23,2,1,3
BRDA:29,3,0,3
BRDA:29,3,1,3
BRDA:39,4,0,3
BRDA:39,4,1,3
BRDA:48,5,0,3
BRDA:48,5,1,3
BRDA:55,6,0,3
BRDA:55,6,1,3
BRDA:65,7,0,3
BRDA:65,7,1,3
BRDA:71,8,0,3
BRDA:71,8,1,3
BRDA:79,9,0,3
BRDA:79,9,1,3
BRDA:89,10,0,3
BRDA:89,10,1,3
BRDA:96,11,0,3
BRDA:96,11,1,3
BRDA:104,12,0,3
BRDA:104,12,1,3
BRDA:112,13,0,3
BRDA:112,13,1,3
BRDA:119,14,0,3
BRDA:119,14,1,3
BRDA:128,15,0,3
BRDA:128,15,1,3
BRDA:138,16,0,3
BRDA:138,16,1,3
BRF:34
BRH:34
end_of_record
TN:
SF:src/constants/index.ts
FNF:0
FNH:0
LF:0
LH:0
BRF:0
BRH:0
end_of_record
TN:
SF:src/hooks/index.ts
FNF:0
FNH:0
LF:0
LH:0
BRF:0
BRH:0
end_of_record
TN:
SF:src/hooks/useAuth.ts
FN:13,useAuth
FN:24,(anonymous_1)
FN:38,(anonymous_2)
FN:46,(anonymous_3)
FN:61,(anonymous_4)
FNF:5
FNH:0
FNDA:0,useAuth
FNDA:0,(anonymous_1)
FNDA:0,(anonymous_2)
FNDA:0,(anonymous_3)
FNDA:0,(anonymous_4)
DA:14,0
DA:15,0
DA:16,0
DA:17,0
DA:18,0
DA:23,0
DA:25,0
DA:38,0
DA:39,0
DA:45,0
DA:47,0
DA:61,0
DA:62,0
DA:65,0
LF:14
LH:0
BRF:0
BRH:0
end_of_record
TN:
SF:src/hooks/useDebounce.ts
FN:21,(anonymous_0)
FN:24,(anonymous_1)
FN:26,(anonymous_2)
FN:31,(anonymous_3)
FNF:4
FNH:4
FNDA:60,(anonymous_0)
FNDA:42,(anonymous_1)
FNDA:17,(anonymous_2)
FNDA:42,(anonymous_3)
DA:21,1
DA:22,60
DA:24,60
DA:26,42
DA:27,17
DA:31,42
DA:32,42
DA:36,60
LF:8
LH:8
BRDA:21,0,0,60
BRF:1
BRH:1
end_of_record
TN:
SF:src/hooks/useLocalStorage.ts
FN:21,(anonymous_0)
FN:26,(anonymous_1)
FN:37,(anonymous_2)
FN:57,(anonymous_3)
FN:58,(anonymous_4)
FN:69,(anonymous_5)
FNF:6
FNH:0
FNDA:0,(anonymous_0)
FNDA:0,(anonymous_1)
FNDA:0,(anonymous_2)
FNDA:0,(anonymous_3)
FNDA:0,(anonymous_4)
FNDA:0,(anonymous_5)
DA:21,0
DA:26,0
DA:27,0
DA:28,0
DA:29,0
DA:31,0
DA:32,0
DA:37,0
DA:38,0
DA:39,0
DA:40,0
DA:41,0
DA:44,0
DA:52,0
DA:57,0
DA:58,0
DA:59,0
DA:60,0
DA:61,0
DA:63,0
DA:68,0
DA:69,0
DA:72,0
LF:23
LH:0
BRDA:29,0,0,0
BRDA:29,0,1,0
BRDA:39,1,0,0
BRDA:39,1,1,0
BRDA:59,2,0,0
BRDA:59,2,1,0
BRDA:59,3,0,0
BRDA:59,3,1,0
BRF:8
BRH:0
end_of_record
TN:
SF:src/hooks/useNotification.ts
FN:44,(anonymous_0)
FN:48,(anonymous_1)
FN:59,(anonymous_2)
FN:70,(anonymous_3)
FN:81,(anonymous_4)
FN:92,(anonymous_5)
FN:105,(anonymous_6)
FN:112,(anonymous_7)
FN:129,(anonymous_8)
FN:140,(anonymous_9)
FN:147,(anonymous_10)
FN:158,(anonymous_11)
FNF:12
FNH:0
FNDA:0,(anonymous_0)
FNDA:0,(anonymous_1)
FNDA:0,(anonymous_2)
FNDA:0,(anonymous_3)
FNDA:0,(anonymous_4)
FNDA:0,(anonymous_5)
FNDA:0,(anonymous_6)
FNDA:0,(anonymous_7)
FNDA:0,(anonymous_8)
FNDA:0,(anonymous_9)
FNDA:0,(anonymous_10)
FNDA:0,(anonymous_11)
DA:44,0
DA:48,0
DA:49,0
DA:59,0
DA:60,0
DA:70,0
DA:71,0
DA:81,0
DA:82,0
DA:92,0
DA:93,0
DA:94,0
DA:99,0
DA:105,0
DA:106,0
DA:112,0
DA:118,0
DA:129,0
DA:134,0
DA:140,0
DA:141,0
DA:147,0
DA:152,0
DA:158,0
DA:159,0
DA:162,0
LF:26
LH:0
BRDA:51,0,0,0
BRDA:51,0,1,0
BRDA:62,1,0,0
BRDA:62,1,1,0
BRDA:73,2,0,0
BRDA:73,2,1,0
BRDA:84,3,0,0
BRDA:84,3,1,0
BRDA:93,4,0,0
BRDA:93,4,1,0
BRDA:121,5,0,0
BRDA:121,5,1,0
BRDA:122,6,0,0
BRDA:122,6,1,0
BRF:14
BRH:0
end_of_record
TN:
SF:src/hooks/usePagination.ts
FN:47,(anonymous_0)
FN:56,(anonymous_1)
FN:71,(anonymous_2)
FN:77,(anonymous_3)
FN:81,(anonymous_4)
FN:85,(anonymous_5)
FN:90,(anonymous_6)
FNF:7
FNH:0
FNDA:0,(anonymous_0)
FNDA:0,(anonymous_1)
FNDA:0,(anonymous_2)
FNDA:0,(anonymous_3)
FNDA:0,(anonymous_4)
FNDA:0,(anonymous_5)
FNDA:0,(anonymous_6)
DA:47,0
DA:51,0
DA:52,0
DA:53,0
DA:56,0
DA:57,0
DA:58,0
DA:59,0
DA:60,0
DA:62,0
DA:71,0
DA:72,0
DA:73,0
DA:74,0
DA:77,0
DA:78,0
DA:81,0
DA:82,0
DA:85,0
DA:86,0
DA:87,0
DA:90,0
DA:95,0
LF:23
LH:0
BRDA:49,0,0,0
BRF:1
BRH:0
end_of_record
TN:
SF:src/hooks/useRedux.ts
FN:12,(anonymous_0)
FNF:1
FNH:0
FNDA:0,(anonymous_0)
DA:12,0
DA:17,0
LF:2
LH:0
BRF:0
BRH:0
end_of_record
TN:
SF:src/pages/accounts/AccountListPage.tsx
FN:71,(anonymous_0)
FN:75,(anonymous_1)
FN:76,(anonymous_2)
FN:77,(anonymous_3)
FN:84,(anonymous_4)
FN:89,(anonymous_5)
FN:95,(anonymous_6)
FN:109,(anonymous_7)
FN:114,(anonymous_8)
FN:124,(anonymous_9)
FN:130,(anonymous_10)
FN:163,(anonymous_11)
FN:179,(anonymous_12)
FN:186,(anonymous_13)
FN:205,(anonymous_14)
FN:213,(anonymous_15)
FN:219,(anonymous_16)
FN:224,(anonymous_17)
FN:246,(anonymous_18)
FN:255,(anonymous_19)
FN:262,(anonymous_20)
FN:263,(anonymous_21)
FNF:22
FNH:0
FNDA:0,(anonymous_0)
FNDA:0,(anonymous_1)
FNDA:0,(anonymous_2)
FNDA:0,(anonymous_3)
FNDA:0,(anonymous_4)
FNDA:0,(anonymous_5)
FNDA:0,(anonymous_6)
FNDA:0,(anonymous_7)
FNDA:0,(anonymous_8)
FNDA:0,(anonymous_9)
FNDA:0,(anonymous_10)
FNDA:0,(anonymous_11)
FNDA:0,(anonymous_12)
FNDA:0,(anonymous_13)
FNDA:0,(anonymous_14)
FNDA:0,(anonymous_15)
FNDA:0,(anonymous_16)
FNDA:0,(anonymous_17)
FNDA:0,(anonymous_18)
FNDA:0,(anonymous_19)
FNDA:0,(anonymous_20)
FNDA:0,(anonymous_21)
DA:22,0
DA:56,0
DA:61,0
DA:71,0
DA:72,0
DA:75,0
DA:76,0
DA:77,0
DA:80,0
DA:81,0
DA:84,0
DA:85,0
DA:89,0
DA:90,0
DA:91,0
DA:95,0
DA:96,0
DA:97,0
DA:103,0
DA:104,0
DA:109,0
DA:110,0
DA:114,0
DA:115,0
DA:116,0
DA:118,0
DA:120,0
DA:124,0
DA:125,0
DA:126,0
DA:130,0
DA:132,0
DA:134,0
DA:136,0
DA:137,0
DA:139,0
DA:142,0
DA:143,0
DA:149,0
DA:150,0
DA:158,0
DA:164,0
DA:179,0
DA:187,0
DA:206,0
DA:214,0
DA:219,0
DA:224,0
DA:236,0
DA:246,0
DA:255,0
DA:262,0
DA:264,0
LF:53
LH:0
BRDA:75,0,0,0
BRDA:75,0,1,0
BRDA:96,1,0,0
BRDA:96,1,1,0
BRDA:115,2,0,0
BRDA:115,2,1,0
BRDA:130,3,0,0
BRDA:134,4,0,0
BRDA:134,4,1,0
BRDA:136,5,0,0
BRDA:136,5,1,0
BRDA:137,6,0,0
BRDA:137,6,1,0
BRDA:137,7,0,0
BRDA:137,7,1,0
BRDA:166,8,0,0
BRDA:166,8,1,0
BRDA:169,9,0,0
BRDA:169,9,1,0
BRDA:190,10,0,0
BRDA:190,10,1,0
BRDA:206,11,0,0
BRDA:206,11,1,0
BRDA:206,12,0,0
BRDA:206,12,1,0
BRDA:280,13,0,0
BRDA:280,13,1,0
BRDA:287,14,0,0
BRDA:287,14,1,0
BRDA:288,15,0,0
BRDA:288,15,1,0
BRF:31
BRH:0
end_of_record
TN:
SF:src/pages/accounts/index.ts
FNF:0
FNH:0
LF:0
LH:0
BRF:0
BRH:0
end_of_record
TN:
SF:src/pages/auth/ForgotPasswordPage.tsx
FN:67,(anonymous_0)
FN:76,(anonymous_1)
FN:94,(anonymous_2)
FNF:3
FNH:0
FNDA:0,(anonymous_0)
FNDA:0,(anonymous_1)
FNDA:0,(anonymous_2)
DA:17,0
DA:67,0
DA:68,0
DA:69,0
DA:70,0
DA:71,0
DA:76,0
DA:77,0
DA:78,0
DA:79,0
DA:80,0
DA:81,0
DA:82,0
DA:84,0
DA:85,0
DA:87,0
DA:94,0
DA:95,0
DA:96,0
DA:97,0
DA:101,0
DA:102,0
DA:125,0
LF:23
LH:0
BRDA:84,0,0,0
BRDA:84,0,1,0
BRDA:95,1,0,0
BRDA:95,1,1,0
BRDA:101,2,0,0
BRDA:101,2,1,0
BRF:6
BRH:0
end_of_record
TN:
SF:src/pages/auth/LoginPage.tsx
FN:77,(anonymous_0)
FN:88,(anonymous_1)
FN:106,(anonymous_2)
FN:115,(anonymous_3)
FNF:4
FNH:0
FNDA:0,(anonymous_0)
FNDA:0,(anonymous_1)
FNDA:0,(anonymous_2)
FNDA:0,(anonymous_3)
DA:18,0
DA:77,0
DA:78,0
DA:79,0
DA:80,0
DA:81,0
DA:82,0
DA:83,0
DA:88,0
DA:89,0
DA:91,0
DA:98,0
DA:99,0
DA:106,0
DA:107,0
DA:108,0
DA:115,0
DA:116,0
DA:117,0
DA:118,0
DA:122,0
LF:21
LH:0
BRDA:98,0,0,0
BRDA:98,0,1,0
BRDA:107,1,0,0
BRDA:107,1,1,0
BRDA:116,2,0,0
BRDA:116,2,1,0
BRDA:116,3,0,0
BRDA:116,3,1,0
BRF:8
BRH:0
end_of_record
TN:
SF:src/pages/auth/SignupPage.tsx
FN:68,(anonymous_0)
FN:79,(anonymous_1)
FN:98,(anonymous_2)
FN:107,(anonymous_3)
FN:168,(anonymous_4)
FN:169,(anonymous_5)
FNF:6
FNH:0
FNDA:0,(anonymous_0)
FNDA:0,(anonymous_1)
FNDA:0,(anonymous_2)
FNDA:0,(anonymous_3)
FNDA:0,(anonymous_4)
FNDA:0,(anonymous_5)
DA:18,0
DA:68,0
DA:69,0
DA:70,0
DA:71,0
DA:72,0
DA:73,0
DA:74,0
DA:79,0
DA:80,0
DA:82,0
DA:90,0
DA:91,0
DA:98,0
DA:99,0
DA:100,0
DA:107,0
DA:108,0
DA:109,0
DA:110,0
DA:114,0
DA:168,0
DA:170,0
DA:171,0
DA:173,0
LF:25
LH:0
BRDA:90,0,0,0
BRDA:90,0,1,0
BRDA:99,1,0,0
BRDA:99,1,1,0
BRDA:108,2,0,0
BRDA:108,2,1,0
BRDA:108,3,0,0
BRDA:108,3,1,0
BRDA:170,4,0,0
BRDA:170,4,1,0
BRDA:170,5,0,0
BRDA:170,5,1,0
BRF:12
BRH:0
end_of_record
TN:
SF:src/pages/budgets/BudgetListPage.tsx
FN:15,(anonymous_0)
FN:17,(anonymous_1)
FN:22,(anonymous_2)
FN:26,(anonymous_3)
FN:31,(anonymous_4)
FN:36,(anonymous_5)
FN:44,(anonymous_6)
FN:49,(anonymous_7)
FN:70,(anonymous_8)
FN:84,(anonymous_9)
FN:93,(anonymous_10)
FN:99,(anonymous_11)
FN:106,(anonymous_12)
FN:119,(anonymous_13)
FN:124,(anonymous_14)
FN:129,(anonymous_15)
FN:135,(anonymous_16)
FN:142,(anonymous_17)
FN:158,(anonymous_18)
FN:175,(anonymous_19)
FN:184,(anonymous_20)
FNF:21
FNH:0
FNDA:0,(anonymous_0)
FNDA:0,(anonymous_1)
FNDA:0,(anonymous_2)
FNDA:0,(anonymous_3)
FNDA:0,(anonymous_4)
FNDA:0,(anonymous_5)
FNDA:0,(anonymous_6)
FNDA:0,(anonymous_7)
FNDA:0,(anonymous_8)
FNDA:0,(anonymous_9)
FNDA:0,(anonymous_10)
FNDA:0,(anonymous_11)
FNDA:0,(anonymous_12)
FNDA:0,(anonymous_13)
FNDA:0,(anonymous_14)
FNDA:0,(anonymous_15)
FNDA:0,(anonymous_16)
FNDA:0,(anonymous_17)
FNDA:0,(anonymous_18)
FNDA:0,(anonymous_19)
FNDA:0,(anonymous_20)
DA:15,0
DA:16,0
DA:17,0
DA:19,0
DA:20,0
DA:22,0
DA:23,0
DA:26,0
DA:28,0
DA:31,0
DA:32,0
DA:33,0
DA:36,0
DA:37,0
DA:38,0
DA:39,0
DA:40,0
DA:44,0
DA:46,0
DA:49,0
DA:50,0
DA:51,0
DA:52,0
DA:55,0
DA:56,0
DA:58,0
DA:59,0
DA:60,0
DA:61,0
DA:64,0
DA:70,0
DA:79,0
DA:86,0
DA:93,0
DA:100,0
DA:107,0
DA:119,0
DA:125,0
DA:129,0
DA:135,0
DA:142,0
DA:150,0
DA:160,0
DA:175,0
DA:184,0
LF:45
LH:0
BRDA:37,0,0,0
BRDA:37,0,1,0
BRDA:51,1,0,0
BRDA:51,1,1,0
BRDA:58,2,0,0
BRDA:58,2,1,0
BRDA:60,3,0,0
BRDA:60,3,1,0
BRDA:86,4,0,0
BRDA:86,4,1,0
BRDA:109,5,0,0
BRDA:109,5,1,0
BRF:12
BRH:0
end_of_record
TN:
SF:src/pages/budgets/index.ts
FNF:0
FNH:0
LF:0
LH:0
BRF:0
BRH:0
end_of_record
TN:
SF:src/pages/categories/CategoryListPage.tsx
FN:60,(anonymous_0)
FN:64,(anonymous_1)
FN:65,(anonymous_2)
FN:72,(anonymous_3)
FN:77,(anonymous_4)
FN:83,(anonymous_5)
FN:97,(anonymous_6)
FN:102,(anonymous_7)
FN:112,(anonymous_8)
FN:123,(anonymous_9)
FN:145,(anonymous_10)
FN:155,(anonymous_11)
FN:163,(anonymous_12)
FN:171,(anonymous_13)
FN:177,(anonymous_14)
FN:183,(anonymous_15)
FN:205,(anonymous_16)
FN:214,(anonymous_17)
FN:219,(anonymous_18)
FNF:19
FNH:0
FNDA:0,(anonymous_0)
FNDA:0,(anonymous_1)
FNDA:0,(anonymous_2)
FNDA:0,(anonymous_3)
FNDA:0,(anonymous_4)
FNDA:0,(anonymous_5)
FNDA:0,(anonymous_6)
FNDA:0,(anonymous_7)
FNDA:0,(anonymous_8)
FNDA:0,(anonymous_9)
FNDA:0,(anonymous_10)
FNDA:0,(anonymous_11)
FNDA:0,(anonymous_12)
FNDA:0,(anonymous_13)
FNDA:0,(anonymous_14)
FNDA:0,(anonymous_15)
FNDA:0,(anonymous_16)
FNDA:0,(anonymous_17)
FNDA:0,(anonymous_18)
DA:20,0
DA:60,0
DA:61,0
DA:64,0
DA:65,0
DA:68,0
DA:69,0
DA:72,0
DA:73,0
DA:77,0
DA:78,0
DA:79,0
DA:83,0
DA:84,0
DA:85,0
DA:91,0
DA:92,0
DA:97,0
DA:98,0
DA:102,0
DA:103,0
DA:104,0
DA:106,0
DA:108,0
DA:112,0
DA:113,0
DA:114,0
DA:118,0
DA:124,0
DA:146,0
DA:156,0
DA:164,0
DA:172,0
DA:177,0
DA:183,0
DA:195,0
DA:205,0
DA:214,0
DA:219,0
LF:39
LH:0
BRDA:64,0,0,0
BRDA:64,0,1,0
BRDA:84,1,0,0
BRDA:84,1,1,0
BRDA:103,2,0,0
BRDA:103,2,1,0
BRDA:125,3,0,0
BRDA:125,3,1,0
BRDA:126,4,0,0
BRDA:126,4,1,0
BRDA:134,5,0,0
BRDA:134,5,1,0
BRDA:146,6,0,0
BRDA:146,6,1,0
BRDA:156,7,0,0
BRDA:156,7,1,0
BRDA:156,8,0,0
BRDA:156,8,1,0
BRDA:164,9,0,0
BRDA:164,9,1,0
BRDA:164,10,0,0
BRDA:164,10,1,0
BRDA:234,11,0,0
BRDA:234,11,1,0
BRDA:241,12,0,0
BRDA:241,12,1,0
BRDA:242,13,0,0
BRDA:242,13,1,0
BRF:28
BRH:0
end_of_record
TN:
SF:src/pages/categories/index.ts
FNF:0
FNH:0
LF:0
LH:0
BRF:0
BRH:0
end_of_record
TN:
SF:src/pages/dashboard/DashboardPage.tsx
FN:18,(anonymous_0)
FN:104,(anonymous_1)
FN:109,(anonymous_2)
FN:110,(anonymous_3)
FN:113,(anonymous_4)
FN:118,(anonymous_5)
FN:124,(anonymous_6)
FN:125,(anonymous_7)
FN:128,(anonymous_8)
FN:129,(anonymous_9)
FN:138,(anonymous_10)
FN:141,(anonymous_11)
FN:152,(anonymous_12)
FN:159,(anonymous_13)
FN:165,(anonymous_14)
FN:172,(anonymous_15)
FN:180,(anonymous_16)
FN:194,(anonymous_17)
FN:199,(anonymous_18)
FN:265,(anonymous_19)
FN:269,(anonymous_20)
FNF:21
FNH:0
FNDA:0,(anonymous_0)
FNDA:0,(anonymous_1)
FNDA:0,(anonymous_2)
FNDA:0,(anonymous_3)
FNDA:0,(anonymous_4)
FNDA:0,(anonymous_5)
FNDA:0,(anonymous_6)
FNDA:0,(anonymous_7)
FNDA:0,(anonymous_8)
FNDA:0,(anonymous_9)
FNDA:0,(anonymous_10)
FNDA:0,(anonymous_11)
FNDA:0,(anonymous_12)
FNDA:0,(anonymous_13)
FNDA:0,(anonymous_14)
FNDA:0,(anonymous_15)
FNDA:0,(anonymous_16)
FNDA:0,(anonymous_17)
FNDA:0,(anonymous_18)
FNDA:0,(anonymous_19)
FNDA:0,(anonymous_20)
DA:18,0
DA:19,0
DA:20,0
DA:25,0
DA:34,0
DA:104,0
DA:105,0
DA:106,0
DA:109,0
DA:110,0
DA:113,0
DA:114,0
DA:118,0
DA:119,0
DA:120,0
DA:123,0
DA:124,0
DA:125,0
DA:127,0
DA:128,0
DA:129,0
DA:131,0
DA:132,0
DA:134,0
DA:138,0
DA:139,0
DA:140,0
DA:141,0
DA:146,0
DA:152,0
DA:159,0
DA:165,0
DA:172,0
DA:181,0
DA:182,0
DA:195,0
DA:199,0
DA:207,0
DA:265,0
DA:269,0
LF:40
LH:0
BRDA:18,0,0,0
BRDA:19,1,0,0
BRDA:19,1,1,0
BRDA:109,2,0,0
BRDA:109,2,1,0
BRDA:119,3,0,0
BRDA:119,3,1,0
BRDA:132,4,0,0
BRDA:132,4,1,0
BRDA:139,5,0,0
BRDA:139,5,1,0
BRDA:159,6,0,0
BRDA:159,6,1,0
BRDA:165,7,0,0
BRDA:165,7,1,0
BRDA:172,8,0,0
BRDA:172,8,1,0
BRDA:183,9,0,0
BRDA:183,9,1,0
BRDA:184,10,0,0
BRDA:184,10,1,0
BRDA:275,11,0,0
BRDA:275,11,1,0
BRDA:277,12,0,0
BRDA:277,12,1,0
BRF:25
BRH:0
end_of_record
TN:
SF:src/pages/debts/DebtsListPage.tsx
FN:23,(anonymous_0)
FN:25,(anonymous_1)
FN:26,(anonymous_2)
FN:33,(anonymous_3)
FN:38,(anonymous_4)
FN:38,(anonymous_5)
FN:40,(anonymous_6)
FN:40,(anonymous_7)
FN:44,(anonymous_8)
FN:48,(anonymous_9)
FN:53,(anonymous_10)
FN:61,(anonymous_11)
FN:65,(anonymous_12)
FN:69,(anonymous_13)
FN:87,(anonymous_14)
FN:93,(anonymous_15)
FN:101,(anonymous_16)
FN:107,(anonymous_17)
FN:113,(anonymous_18)
FN:137,(anonymous_19)
FN:142,(anonymous_20)
FN:149,(anonymous_21)
FN:157,(anonymous_22)
FN:164,(anonymous_23)
FN:181,(anonymous_24)
FN:199,(anonymous_25)
FN:209,(anonymous_26)
FN:227,(anonymous_27)
FN:238,(anonymous_28)
FNF:29
FNH:0
FNDA:0,(anonymous_0)
FNDA:0,(anonymous_1)
FNDA:0,(anonymous_2)
FNDA:0,(anonymous_3)
FNDA:0,(anonymous_4)
FNDA:0,(anonymous_5)
FNDA:0,(anonymous_6)
FNDA:0,(anonymous_7)
FNDA:0,(anonymous_8)
FNDA:0,(anonymous_9)
FNDA:0,(anonymous_10)
FNDA:0,(anonymous_11)
FNDA:0,(anonymous_12)
FNDA:0,(anonymous_13)
FNDA:0,(anonymous_14)
FNDA:0,(anonymous_15)
FNDA:0,(anonymous_16)
FNDA:0,(anonymous_17)
FNDA:0,(anonymous_18)
FNDA:0,(anonymous_19)
FNDA:0,(anonymous_20)
FNDA:0,(anonymous_21)
FNDA:0,(anonymous_22)
FNDA:0,(anonymous_23)
FNDA:0,(anonymous_24)
FNDA:0,(anonymous_25)
FNDA:0,(anonymous_26)
FNDA:0,(anonymous_27)
FNDA:0,(anonymous_28)
DA:21,0
DA:23,0
DA:24,0
DA:25,0
DA:26,0
DA:28,0
DA:29,0
DA:30,0
DA:33,0
DA:34,0
DA:38,0
DA:39,0
DA:40,0
DA:44,0
DA:45,0
DA:48,0
DA:49,0
DA:50,0
DA:53,0
DA:54,0
DA:55,0
DA:56,0
DA:57,0
DA:61,0
DA:62,0
DA:65,0
DA:66,0
DA:69,0
DA:70,0
DA:71,0
DA:72,0
DA:73,0
DA:74,0
DA:75,0
DA:76,0
DA:79,0
DA:82,0
DA:87,0
DA:94,0
DA:101,0
DA:107,0
DA:114,0
DA:116,0
DA:117,0
DA:118,0
DA:120,0
DA:138,0
DA:142,0
DA:149,0
DA:157,0
DA:164,0
DA:172,0
DA:182,0
DA:199,0
DA:210,0
DA:227,0
DA:238,0
LF:57
LH:0
BRDA:54,0,0,0
BRDA:54,0,1,0
BRDA:71,1,0,0
BRDA:71,1,1,0
BRDA:73,2,0,0
BRDA:73,2,1,0
BRDA:75,3,0,0
BRDA:75,3,1,0
BRDA:101,4,0,0
BRDA:101,4,1,0
BRDA:114,5,0,0
BRDA:114,5,1,0
BRDA:121,6,0,0
BRDA:121,6,1,0
BRDA:123,7,0,0
BRDA:123,7,1,0
BRDA:145,8,0,0
BRDA:145,8,1,0
BRDA:194,9,0,0
BRDA:194,9,1,0
BRDA:222,10,0,0
BRDA:222,10,1,0
BRF:22
BRH:0
end_of_record
TN:
SF:src/pages/debts/index.ts
FNF:0
FNH:0
LF:0
LH:0
BRF:0
BRH:0
end_of_record
TN:
SF:src/pages/events/EventsListPage.tsx
FN:77,(anonymous_0)
FN:79,(anonymous_1)
FN:80,(anonymous_2)
FN:85,(anonymous_3)
FN:92,(anonymous_4)
FN:93,(anonymous_5)
FN:94,(anonymous_6)
FN:95,(anonymous_7)
FN:98,(anonymous_8)
FN:103,(anonymous_9)
FN:108,(anonymous_10)
FN:113,(anonymous_11)
FN:118,(anonymous_12)
FN:126,(anonymous_13)
FN:141,(anonymous_14)
FN:159,(anonymous_15)
FN:176,(anonymous_16)
FN:195,(anonymous_17)
FN:211,(anonymous_18)
FN:220,(anonymous_19)
FN:227,(anonymous_20)
FN:234,(anonymous_21)
FN:237,(anonymous_22)
FN:240,(anonymous_23)
FN:247,(anonymous_24)
FN:286,(anonymous_25)
FN:296,(anonymous_26)
FN:315,(anonymous_27)
FN:325,(anonymous_28)
FNF:29
FNH:0
FNDA:0,(anonymous_0)
FNDA:0,(anonymous_1)
FNDA:0,(anonymous_2)
FNDA:0,(anonymous_3)
FNDA:0,(anonymous_4)
FNDA:0,(anonymous_5)
FNDA:0,(anonymous_6)
FNDA:0,(anonymous_7)
FNDA:0,(anonymous_8)
FNDA:0,(anonymous_9)
FNDA:0,(anonymous_10)
FNDA:0,(anonymous_11)
FNDA:0,(anonymous_12)
FNDA:0,(anonymous_13)
FNDA:0,(anonymous_14)
FNDA:0,(anonymous_15)
FNDA:0,(anonymous_16)
FNDA:0,(anonymous_17)
FNDA:0,(anonymous_18)
FNDA:0,(anonymous_19)
FNDA:0,(anonymous_20)
FNDA:0,(anonymous_21)
FNDA:0,(anonymous_22)
FNDA:0,(anonymous_23)
FNDA:0,(anonymous_24)
FNDA:0,(anonymous_25)
FNDA:0,(anonymous_26)
FNDA:0,(anonymous_27)
FNDA:0,(anonymous_28)
DA:37,0
DA:77,0
DA:78,0
DA:79,0
DA:80,0
DA:82,0
DA:83,0
DA:85,0
DA:86,0
DA:90,0
DA:92,0
DA:93,0
DA:94,0
DA:95,0
DA:98,0
DA:99,0
DA:103,0
DA:104,0
DA:108,0
DA:109,0
DA:113,0
DA:114,0
DA:115,0
DA:118,0
DA:119,0
DA:120,0
DA:121,0
DA:122,0
DA:126,0
DA:127,0
DA:133,0
DA:136,0
DA:142,0
DA:160,0
DA:177,0
DA:178,0
DA:181,0
DA:182,0
DA:183,0
DA:185,0
DA:195,0
DA:212,0
DA:220,0
DA:227,0
DA:235,0
DA:237,0
DA:240,0
DA:247,0
DA:255,0
DA:286,0
DA:296,0
DA:315,0
DA:325,0
LF:53
LH:0
BRDA:94,0,0,0
BRDA:94,0,1,0
BRDA:95,1,0,0
BRDA:95,1,1,0
BRDA:119,2,0,0
BRDA:119,2,1,0
BRDA:133,3,0,0
BRDA:133,3,1,0
BRDA:144,4,0,0
BRDA:144,4,1,0
BRDA:147,5,0,0
BRDA:147,5,1,0
BRDA:164,6,0,0
BRDA:164,6,1,0
BRDA:177,7,0,0
BRDA:177,7,1,0
BRDA:181,8,0,0
BRDA:181,8,1,0
BRDA:194,9,0,0
BRDA:194,9,1,0
BRDA:194,10,0,0
BRDA:194,10,1,0
BRDA:197,11,0,0
BRDA:197,11,1,0
BRDA:227,12,0,0
BRDA:227,12,1,0
BRDA:295,13,0,0
BRDA:295,13,1,0
BRDA:310,14,0,0
BRDA:310,14,1,0
BRF:30
BRH:0
end_of_record
TN:
SF:src/pages/events/EventsListPage_OLD.tsx
FN:100,(anonymous_0)
FN:102,(anonymous_1)
FN:103,(anonymous_2)
FN:108,(anonymous_3)
FN:112,(anonymous_4)
FN:127,(anonymous_5)
FN:142,(anonymous_6)
FN:159,(anonymous_7)
FN:163,(anonymous_8)
FN:168,(anonymous_9)
FN:173,(anonymous_10)
FN:180,(anonymous_11)
FN:192,(anonymous_12)
FN:204,(anonymous_13)
FN:211,(anonymous_14)
FN:217,(anonymous_15)
FN:230,(anonymous_16)
FN:250,(anonymous_17)
FN:253,(anonymous_18)
FN:256,(anonymous_19)
FN:263,(anonymous_20)
FN:272,(anonymous_21)
FN:273,(anonymous_22)
FN:274,(anonymous_23)
FN:275,(anonymous_24)
FN:293,(anonymous_25)
FN:303,(anonymous_26)
FN:343,(anonymous_27)
FN:352,(anonymous_28)
FNF:29
FNH:0
FNDA:0,(anonymous_0)
FNDA:0,(anonymous_1)
FNDA:0,(anonymous_2)
FNDA:0,(anonymous_3)
FNDA:0,(anonymous_4)
FNDA:0,(anonymous_5)
FNDA:0,(anonymous_6)
FNDA:0,(anonymous_7)
FNDA:0,(anonymous_8)
FNDA:0,(anonymous_9)
FNDA:0,(anonymous_10)
FNDA:0,(anonymous_11)
FNDA:0,(anonymous_12)
FNDA:0,(anonymous_13)
FNDA:0,(anonymous_14)
FNDA:0,(anonymous_15)
FNDA:0,(anonymous_16)
FNDA:0,(anonymous_17)
FNDA:0,(anonymous_18)
FNDA:0,(anonymous_19)
FNDA:0,(anonymous_20)
FNDA:0,(anonymous_21)
FNDA:0,(anonymous_22)
FNDA:0,(anonymous_23)
FNDA:0,(anonymous_24)
FNDA:0,(anonymous_25)
FNDA:0,(anonymous_26)
FNDA:0,(anonymous_27)
FNDA:0,(anonymous_28)
DA:35,0
DA:100,0
DA:101,0
DA:102,0
DA:103,0
DA:105,0
DA:106,0
DA:108,0
DA:109,0
DA:112,0
DA:113,0
DA:115,0
DA:117,0
DA:119,0
DA:121,0
DA:123,0
DA:127,0
DA:128,0
DA:130,0
DA:132,0
DA:134,0
DA:136,0
DA:138,0
DA:142,0
DA:143,0
DA:145,0
DA:147,0
DA:149,0
DA:151,0
DA:153,0
DA:155,0
DA:159,0
DA:160,0
DA:163,0
DA:164,0
DA:165,0
DA:168,0
DA:170,0
DA:173,0
DA:174,0
DA:181,0
DA:182,0
DA:187,0
DA:193,0
DA:204,0
DA:211,0
DA:218,0
DA:231,0
DA:232,0
DA:251,0
DA:253,0
DA:256,0
DA:263,0
DA:272,0
DA:273,0
DA:274,0
DA:275,0
DA:277,0
DA:293,0
DA:303,0
DA:343,0
DA:352,0
LF:62
LH:0
BRDA:113,0,0,0
BRDA:113,0,1,0
BRDA:113,0,2,0
BRDA:113,0,3,0
BRDA:113,0,4,0
BRDA:128,1,0,0
BRDA:128,1,1,0
BRDA:128,1,2,0
BRDA:128,1,3,0
BRDA:128,1,4,0
BRDA:143,2,0,0
BRDA:143,2,1,0
BRDA:143,2,2,0
BRDA:143,2,3,0
BRDA:143,2,4,0
BRDA:143,2,5,0
BRDA:160,3,0,0
BRDA:160,3,1,0
BRDA:195,4,0,0
BRDA:195,4,1,0
BRDA:220,5,0,0
BRDA:220,5,1,0
BRDA:239,6,0,0
BRDA:239,6,1,0
BRDA:356,7,0,0
BRDA:356,7,1,0
BRDA:397,8,0,0
BRDA:397,8,1,0
BRDA:403,9,0,0
BRDA:403,9,1,0
BRDA:409,10,0,0
BRDA:409,10,1,0
BRF:32
BRH:0
end_of_record
TN:
SF:src/pages/events/index.ts
FNF:0
FNH:0
LF:0
LH:0
BRF:0
BRH:0
end_of_record
TN:
SF:src/pages/goals/GoalsListPage.tsx
FN:21,(anonymous_0)
FN:23,(anonymous_1)
FN:28,(anonymous_2)
FN:32,(anonymous_3)
FN:37,(anonymous_4)
FN:42,(anonymous_5)
FN:50,(anonymous_6)
FN:55,(anonymous_7)
FN:60,(anonymous_8)
FN:76,(anonymous_9)
FN:85,(anonymous_10)
FN:101,(anonymous_11)
FN:107,(anonymous_12)
FN:113,(anonymous_13)
FN:130,(anonymous_14)
FN:141,(anonymous_15)
FN:146,(anonymous_16)
FN:153,(anonymous_17)
FN:161,(anonymous_18)
FN:168,(anonymous_19)
FN:184,(anonymous_20)
FN:201,(anonymous_21)
FN:210,(anonymous_22)
FNF:23
FNH:0
FNDA:0,(anonymous_0)
FNDA:0,(anonymous_1)
FNDA:0,(anonymous_2)
FNDA:0,(anonymous_3)
FNDA:0,(anonymous_4)
FNDA:0,(anonymous_5)
FNDA:0,(anonymous_6)
FNDA:0,(anonymous_7)
FNDA:0,(anonymous_8)
FNDA:0,(anonymous_9)
FNDA:0,(anonymous_10)
FNDA:0,(anonymous_11)
FNDA:0,(anonymous_12)
FNDA:0,(anonymous_13)
FNDA:0,(anonymous_14)
FNDA:0,(anonymous_15)
FNDA:0,(anonymous_16)
FNDA:0,(anonymous_17)
FNDA:0,(anonymous_18)
FNDA:0,(anonymous_19)
FNDA:0,(anonymous_20)
FNDA:0,(anonymous_21)
FNDA:0,(anonymous_22)
DA:21,0
DA:22,0
DA:23,0
DA:25,0
DA:26,0
DA:28,0
DA:29,0
DA:32,0
DA:34,0
DA:37,0
DA:38,0
DA:39,0
DA:42,0
DA:43,0
DA:44,0
DA:45,0
DA:46,0
DA:50,0
DA:52,0
DA:55,0
DA:57,0
DA:60,0
DA:61,0
DA:63,0
DA:64,0
DA:65,0
DA:66,0
DA:67,0
DA:70,0
DA:76,0
DA:85,0
DA:86,0
DA:87,0
DA:88,0
DA:89,0
DA:90,0
DA:93,0
DA:96,0
DA:101,0
DA:107,0
DA:114,0
DA:115,0
DA:116,0
DA:118,0
DA:130,0
DA:142,0
DA:146,0
DA:153,0
DA:161,0
DA:168,0
DA:176,0
DA:186,0
DA:201,0
DA:210,0
LF:54
LH:0
BRDA:43,0,0,0
BRDA:43,0,1,0
BRDA:64,1,0,0
BRDA:64,1,1,0
BRDA:66,2,0,0
BRDA:66,2,1,0
BRDA:87,3,0,0
BRDA:87,3,1,0
BRDA:89,4,0,0
BRDA:89,4,1,0
BRDA:119,5,0,0
BRDA:119,5,1,0
BRDA:121,6,0,0
BRDA:121,6,1,0
BRDA:149,7,0,0
BRDA:149,7,1,0
BRF:16
BRH:0
end_of_record
TN:
SF:src/pages/goals/index.ts
FNF:0
FNH:0
LF:0
LH:0
BRF:0
BRH:0
end_of_record
TN:
SF:src/pages/loans/LoanDetailPage.tsx
FN:96,(anonymous_0)
FN:108,(anonymous_1)
FN:129,(anonymous_2)
FN:144,(anonymous_3)
FN:151,(anonymous_4)
FN:179,(anonymous_5)
FN:186,(anonymous_6)
FN:193,(anonymous_7)
FN:202,(anonymous_8)
FN:209,(anonymous_9)
FN:218,(anonymous_10)
FN:230,(anonymous_11)
FN:237,(anonymous_12)
FN:246,(anonymous_13)
FN:253,(anonymous_14)
FN:259,(anonymous_15)
FN:268,(anonymous_16)
FN:271,(anonymous_17)
FN:293,(anonymous_18)
FN:304,(anonymous_19)
FN:315,(anonymous_20)
FN:401,(anonymous_21)
FN:418,(anonymous_22)
FNF:23
FNH:0
FNDA:0,(anonymous_0)
FNDA:0,(anonymous_1)
FNDA:0,(anonymous_2)
FNDA:0,(anonymous_3)
FNDA:0,(anonymous_4)
FNDA:0,(anonymous_5)
FNDA:0,(anonymous_6)
FNDA:0,(anonymous_7)
FNDA:0,(anonymous_8)
FNDA:0,(anonymous_9)
FNDA:0,(anonymous_10)
FNDA:0,(anonymous_11)
FNDA:0,(anonymous_12)
FNDA:0,(anonymous_13)
FNDA:0,(anonymous_14)
FNDA:0,(anonymous_15)
FNDA:0,(anonymous_16)
FNDA:0,(anonymous_17)
FNDA:0,(anonymous_18)
FNDA:0,(anonymous_19)
FNDA:0,(anonymous_20)
FNDA:0,(anonymous_21)
FNDA:0,(anonymous_22)
DA:51,0
DA:95,0
DA:97,0
DA:99,0
DA:101,0
DA:103,0
DA:105,0
DA:109,0
DA:111,0
DA:113,0
DA:115,0
DA:117,0
DA:129,0
DA:130,0
DA:131,0
DA:132,0
DA:135,0
DA:136,0
DA:137,0
DA:138,0
DA:141,0
DA:144,0
DA:145,0
DA:146,0
DA:147,0
DA:148,0
DA:151,0
DA:152,0
DA:156,0
DA:157,0
DA:169,0
DA:170,0
DA:173,0
DA:179,0
DA:186,0
DA:194,0
DA:202,0
DA:210,0
DA:219,0
DA:225,0
DA:230,0
DA:238,0
DA:246,0
DA:253,0
DA:259,0
DA:263,0
DA:268,0
DA:271,0
DA:293,0
DA:304,0
DA:315,0
DA:401,0
DA:418,0
LF:53
LH:0
BRDA:97,0,0,0
BRDA:97,0,1,0
BRDA:97,0,2,0
BRDA:97,0,3,0
BRDA:109,1,0,0
BRDA:109,1,1,0
BRDA:109,1,2,0
BRDA:109,1,3,0
BRDA:145,2,0,0
BRDA:145,2,1,0
BRDA:156,3,0,0
BRDA:156,3,1,0
BRDA:161,4,0,0
BRDA:161,4,1,0
BRDA:259,5,0,0
BRDA:259,5,1,0
BRDA:333,6,0,0
BRDA:333,6,1,0
BRDA:370,7,0,0
BRDA:370,7,1,0
BRDA:375,8,0,0
BRDA:375,8,1,0
BRF:22
BRH:0
end_of_record
TN:
SF:src/pages/loans/LoanForm.tsx
FN:132,(anonymous_0)
FN:149,(anonymous_1)
FN:154,(anonymous_2)
FN:160,(anonymous_3)
FN:183,(anonymous_4)
FN:216,(anonymous_5)
FN:225,(anonymous_6)
FN:263,(anonymous_7)
FN:304,(anonymous_8)
FN:329,(anonymous_9)
FN:330,(anonymous_10)
FN:403,(anonymous_11)
FN:428,(anonymous_12)
FNF:13
FNH:0
FNDA:0,(anonymous_0)
FNDA:0,(anonymous_1)
FNDA:0,(anonymous_2)
FNDA:0,(anonymous_3)
FNDA:0,(anonymous_4)
FNDA:0,(anonymous_5)
FNDA:0,(anonymous_6)
FNDA:0,(anonymous_7)
FNDA:0,(anonymous_8)
FNDA:0,(anonymous_9)
FNDA:0,(anonymous_10)
FNDA:0,(anonymous_11)
FNDA:0,(anonymous_12)
DA:40,0
DA:132,0
DA:133,0
DA:134,0
DA:135,0
DA:136,0
DA:137,0
DA:139,0
DA:142,0
DA:143,0
DA:146,0
DA:149,0
DA:150,0
DA:151,0
DA:154,0
DA:155,0
DA:160,0
DA:161,0
DA:162,0
DA:174,0
DA:183,0
DA:188,0
DA:190,0
DA:191,0
DA:192,0
DA:196,0
DA:200,0
DA:203,0
DA:204,0
DA:205,0
DA:207,0
DA:216,0
DA:217,0
DA:225,0
DA:226,0
DA:227,0
DA:238,0
DA:239,0
DA:248,0
DA:251,0
DA:252,0
DA:254,0
DA:258,0
DA:263,0
DA:305,0
DA:329,0
DA:330,0
DA:403,0
DA:428,0
LF:49
LH:0
BRDA:150,0,0,0
BRDA:150,0,1,0
BRDA:150,1,0,0
BRDA:150,1,1,0
BRDA:161,2,0,0
BRDA:161,2,1,0
BRDA:161,3,0,0
BRDA:161,3,1,0
BRDA:190,4,0,0
BRDA:190,4,1,0
BRDA:190,5,0,0
BRDA:190,5,1,0
BRDA:190,5,2,0
BRDA:233,6,0,0
BRDA:233,6,1,0
BRDA:238,7,0,0
BRDA:238,7,1,0
BRDA:238,8,0,0
BRDA:238,8,1,0
BRDA:251,9,0,0
BRDA:251,9,1,0
BRDA:267,10,0,0
BRDA:267,10,1,0
BRDA:268,11,0,0
BRDA:268,11,1,0
BRDA:401,12,0,0
BRDA:401,12,1,0
BRDA:421,13,0,0
BRDA:421,13,1,0
BRDA:455,14,0,0
BRDA:455,14,1,0
BRDA:461,15,0,0
BRDA:461,15,1,0
BRF:33
BRH:0
end_of_record
TN:
SF:src/pages/loans/LoansListPage.tsx
FN:126,(anonymous_0)
FN:138,(anonymous_1)
FN:158,(anonymous_2)
FN:163,(anonymous_3)
FN:168,(anonymous_4)
FN:173,(anonymous_5)
FN:174,(anonymous_6)
FN:175,(anonymous_7)
FN:176,(anonymous_8)
FN:177,(anonymous_9)
FN:178,(anonymous_10)
FN:190,(anonymous_11)
FN:207,(anonymous_12)
FN:212,(anonymous_13)
FN:217,(anonymous_14)
FN:253,(anonymous_15)
FN:263,(anonymous_16)
FN:273,(anonymous_17)
FN:310,(anonymous_18)
FN:316,(anonymous_19)
FN:384,(anonymous_20)
FN:394,(anonymous_21)
FN:405,(anonymous_22)
FNF:23
FNH:0
FNDA:0,(anonymous_0)
FNDA:0,(anonymous_1)
FNDA:0,(anonymous_2)
FNDA:0,(anonymous_3)
FNDA:0,(anonymous_4)
FNDA:0,(anonymous_5)
FNDA:0,(anonymous_6)
FNDA:0,(anonymous_7)
FNDA:0,(anonymous_8)
FNDA:0,(anonymous_9)
FNDA:0,(anonymous_10)
FNDA:0,(anonymous_11)
FNDA:0,(anonymous_12)
FNDA:0,(anonymous_13)
FNDA:0,(anonymous_14)
FNDA:0,(anonymous_15)
FNDA:0,(anonymous_16)
FNDA:0,(anonymous_17)
FNDA:0,(anonymous_18)
FNDA:0,(anonymous_19)
FNDA:0,(anonymous_20)
FNDA:0,(anonymous_21)
FNDA:0,(anonymous_22)
DA:33,0
DA:125,0
DA:127,0
DA:129,0
DA:131,0
DA:133,0
DA:135,0
DA:139,0
DA:141,0
DA:143,0
DA:145,0
DA:147,0
DA:158,0
DA:159,0
DA:160,0
DA:163,0
DA:164,0
DA:165,0
DA:168,0
DA:169,0
DA:173,0
DA:174,0
DA:175,0
DA:176,0
DA:177,0
DA:178,0
DA:180,0
DA:190,0
DA:191,0
DA:193,0
DA:195,0
DA:197,0
DA:199,0
DA:202,0
DA:207,0
DA:208,0
DA:212,0
DA:213,0
DA:217,0
DA:218,0
DA:221,0
DA:253,0
DA:263,0
DA:273,0
DA:311,0
DA:314,0
DA:316,0
DA:385,0
DA:386,0
DA:395,0
DA:396,0
DA:406,0
DA:407,0
LF:53
LH:0
BRDA:127,0,0,0
BRDA:127,0,1,0
BRDA:127,0,2,0
BRDA:127,0,3,0
BRDA:139,1,0,0
BRDA:139,1,1,0
BRDA:139,1,2,0
BRDA:139,1,3,0
BRDA:191,2,0,0
BRDA:191,2,1,0
BRDA:191,2,2,0
BRDA:191,2,3,0
BRDA:191,2,4,0
BRDA:191,2,5,0
BRDA:281,3,0,0
BRDA:281,3,1,0
BRDA:288,4,0,0
BRDA:288,4,1,0
BRDA:288,5,0,0
BRDA:288,5,1,0
BRDA:292,6,0,0
BRDA:292,6,1,0
BRDA:369,7,0,0
BRDA:369,7,1,0
BRF:24
BRH:0
end_of_record
TN:
SF:src/pages/reminders/RemindersListPage.tsx
FN:74,(anonymous_0)
FN:85,(anonymous_1)
FN:87,(anonymous_2)
FN:93,(anonymous_3)
FN:102,(anonymous_4)
FN:108,(anonymous_5)
FN:117,(anonymous_6)
FN:121,(anonymous_7)
FN:125,(anonymous_8)
FN:126,(anonymous_9)
FN:144,(anonymous_10)
FN:153,(anonymous_11)
FN:168,(anonymous_12)
FN:179,(anonymous_13)
FN:187,(anonymous_14)
FN:188,(anonymous_15)
FN:194,(anonymous_16)
FN:205,(anonymous_17)
FN:217,(anonymous_18)
FN:223,(anonymous_19)
FN:232,(anonymous_20)
FN:239,(anonymous_21)
FN:280,(anonymous_22)
FN:324,(anonymous_23)
FN:390,(anonymous_24)
FN:394,(anonymous_25)
FNF:26
FNH:0
FNDA:0,(anonymous_0)
FNDA:0,(anonymous_1)
FNDA:0,(anonymous_2)
FNDA:0,(anonymous_3)
FNDA:0,(anonymous_4)
FNDA:0,(anonymous_5)
FNDA:0,(anonymous_6)
FNDA:0,(anonymous_7)
FNDA:0,(anonymous_8)
FNDA:0,(anonymous_9)
FNDA:0,(anonymous_10)
FNDA:0,(anonymous_11)
FNDA:0,(anonymous_12)
FNDA:0,(anonymous_13)
FNDA:0,(anonymous_14)
FNDA:0,(anonymous_15)
FNDA:0,(anonymous_16)
FNDA:0,(anonymous_17)
FNDA:0,(anonymous_18)
FNDA:0,(anonymous_19)
FNDA:0,(anonymous_20)
FNDA:0,(anonymous_21)
FNDA:0,(anonymous_22)
FNDA:0,(anonymous_23)
FNDA:0,(anonymous_24)
FNDA:0,(anonymous_25)
DA:49,0
DA:50,0
DA:56,0
DA:62,0
DA:68,0
DA:72,0
DA:74,0
DA:85,0
DA:86,0
DA:87,0
DA:89,0
DA:90,0
DA:91,0
DA:93,0
DA:94,0
DA:95,0
DA:102,0
DA:103,0
DA:104,0
DA:105,0
DA:108,0
DA:109,0
DA:110,0
DA:114,0
DA:117,0
DA:118,0
DA:121,0
DA:122,0
DA:125,0
DA:126,0
DA:127,0
DA:131,0
DA:133,0
DA:134,0
DA:136,0
DA:139,0
DA:140,0
DA:144,0
DA:145,0
DA:146,0
DA:153,0
DA:154,0
DA:160,0
DA:163,0
DA:169,0
DA:180,0
DA:187,0
DA:188,0
DA:195,0
DA:206,0
DA:218,0
DA:223,0
DA:232,0
DA:239,0
DA:256,0
DA:281,0
DA:324,0
DA:391,0
DA:395,0
LF:59
LH:0
BRDA:74,0,0,0
BRDA:74,0,1,0
BRDA:133,1,0,0
BRDA:133,1,1,0
BRDA:160,2,0,0
BRDA:160,2,1,0
BRDA:171,3,0,0
BRDA:171,3,1,0
BRDA:196,4,0,0
BRDA:196,4,1,0
BRDA:197,5,0,0
BRDA:197,5,1,0
BRDA:197,5,2,0
BRDA:206,6,0,0
BRDA:206,6,1,0
BRDA:219,7,0,0
BRDA:219,7,1,0
BRDA:274,8,0,0
BRDA:274,8,1,0
BRDA:296,9,0,0
BRDA:296,9,1,0
BRDA:332,10,0,0
BRDA:332,10,1,0
BRDA:337,11,0,0
BRDA:337,11,1,0
BRDA:395,12,0,0
BRDA:395,12,1,0
BRF:27
BRH:0
end_of_record
TN:
SF:src/pages/reminders/index.ts
FNF:0
FNH:0
LF:0
LH:0
BRF:0
BRH:0
end_of_record
TN:
SF:src/pages/reports/ReportsPage.tsx
FN:63,(anonymous_0)
FN:65,(anonymous_1)
FN:70,(anonymous_2)
FN:75,(anonymous_3)
FN:80,(anonymous_4)
FN:90,(anonymous_5)
FN:92,(anonymous_6)
FN:93,(anonymous_7)
FN:95,(anonymous_8)
FN:96,(anonymous_9)
FN:104,(anonymous_10)
FN:107,(anonymous_11)
FN:122,(anonymous_12)
FN:137,(anonymous_13)
FN:146,(anonymous_14)
FN:154,(anonymous_15)
FN:175,(anonymous_16)
FN:182,(anonymous_17)
FN:244,(anonymous_18)
FNF:19
FNH:0
FNDA:0,(anonymous_0)
FNDA:0,(anonymous_1)
FNDA:0,(anonymous_2)
FNDA:0,(anonymous_3)
FNDA:0,(anonymous_4)
FNDA:0,(anonymous_5)
FNDA:0,(anonymous_6)
FNDA:0,(anonymous_7)
FNDA:0,(anonymous_8)
FNDA:0,(anonymous_9)
FNDA:0,(anonymous_10)
FNDA:0,(anonymous_11)
FNDA:0,(anonymous_12)
FNDA:0,(anonymous_13)
FNDA:0,(anonymous_14)
FNDA:0,(anonymous_15)
FNDA:0,(anonymous_16)
FNDA:0,(anonymous_17)
FNDA:0,(anonymous_18)
DA:19,0
DA:63,0
DA:64,0
DA:65,0
DA:67,0
DA:70,0
DA:71,0
DA:75,0
DA:76,0
DA:77,0
DA:80,0
DA:81,0
DA:82,0
DA:90,0
DA:91,0
DA:92,0
DA:93,0
DA:94,0
DA:95,0
DA:96,0
DA:97,0
DA:98,0
DA:100,0
DA:104,0
DA:105,0
DA:107,0
DA:108,0
DA:109,0
DA:111,0
DA:112,0
DA:115,0
DA:116,0
DA:117,0
DA:118,0
DA:122,0
DA:126,0
DA:138,0
DA:147,0
DA:155,0
DA:160,0
DA:175,0
DA:184,0
DA:244,0
LF:43
LH:0
BRDA:76,0,0,0
BRDA:76,0,1,0
BRDA:76,1,0,0
BRDA:76,1,1,0
BRDA:76,1,2,0
BRDA:83,2,0,0
BRDA:83,2,1,0
BRDA:98,3,0,0
BRDA:98,3,1,0
BRDA:108,4,0,0
BRDA:108,4,1,0
BRDA:111,5,0,0
BRDA:111,5,1,0
BRDA:115,6,0,0
BRDA:115,6,1,0
BRDA:117,7,0,0
BRDA:117,7,1,0
BRDA:233,8,0,0
BRDA:233,8,1,0
BRF:19
BRH:0
end_of_record
TN:
SF:src/pages/reports/index.ts
FNF:0
FNH:0
LF:0
LH:0
BRF:0
BRH:0
end_of_record
TN:
SF:src/pages/transactions/TransactionDetailPage.tsx
FN:66,(anonymous_0)
FN:76,(anonymous_1)
FN:85,(anonymous_2)
FN:96,(anonymous_3)
FN:105,(anonymous_4)
FNF:5
FNH:0
FNDA:0,(anonymous_0)
FNDA:0,(anonymous_1)
FNDA:0,(anonymous_2)
FNDA:0,(anonymous_3)
FNDA:0,(anonymous_4)
DA:24,0
DA:66,0
DA:67,0
DA:68,0
DA:69,0
DA:70,0
DA:71,0
DA:76,0
DA:77,0
DA:78,0
DA:85,0
DA:86,0
DA:87,0
DA:88,0
DA:89,0
DA:96,0
DA:97,0
DA:98,0
DA:105,0
DA:106,0
DA:109,0
DA:110,0
DA:117,0
DA:118,0
DA:128,0
DA:130,0
LF:26
LH:0
BRDA:77,0,0,0
BRDA:77,0,1,0
BRDA:86,1,0,0
BRDA:86,1,1,0
BRDA:97,2,0,0
BRDA:97,2,1,0
BRDA:109,3,0,0
BRDA:109,3,1,0
BRDA:117,4,0,0
BRDA:117,4,1,0
BRDA:142,5,0,0
BRDA:142,5,1,0
BRDA:143,6,0,0
BRDA:143,6,1,0
BRDA:149,7,0,0
BRDA:149,7,1,0
BRDA:149,7,2,0
BRDA:152,8,0,0
BRDA:152,8,1,0
BRDA:152,9,0,0
BRDA:152,9,1,0
BRDA:165,10,0,0
BRDA:165,10,1,0
BRF:23
BRH:0
end_of_record
TN:
SF:src/pages/transactions/TransactionListPage.tsx
FN:100,(anonymous_0)
FN:104,(anonymous_1)
FN:105,(anonymous_2)
FN:113,(anonymous_3)
FN:118,(anonymous_4)
FN:122,(anonymous_5)
FN:123,(anonymous_6)
FN:124,(anonymous_7)
FN:125,(anonymous_8)
FN:140,(anonymous_9)
FN:146,(anonymous_10)
FN:154,(anonymous_11)
FN:165,(anonymous_12)
FN:172,(anonymous_13)
FN:179,(anonymous_14)
FN:184,(anonymous_15)
FN:192,(anonymous_16)
FN:213,(anonymous_17)
FN:223,(anonymous_18)
FN:234,(anonymous_19)
FN:247,(anonymous_20)
FN:258,(anonymous_21)
FN:270,(anonymous_22)
FN:276,(anonymous_23)
FN:282,(anonymous_24)
FN:308,(anonymous_25)
FN:317,(anonymous_26)
FN:324,(anonymous_27)
FN:339,(anonymous_28)
FN:395,(anonymous_29)
FN:400,(anonymous_30)
FN:411,(anonymous_31)
FN:412,(anonymous_32)
FN:449,(anonymous_33)
FN:454,(anonymous_34)
FN:468,(anonymous_35)
FN:473,(anonymous_36)
FN:491,(anonymous_37)
FNF:38
FNH:0
FNDA:0,(anonymous_0)
FNDA:0,(anonymous_1)
FNDA:0,(anonymous_2)
FNDA:0,(anonymous_3)
FNDA:0,(anonymous_4)
FNDA:0,(anonymous_5)
FNDA:0,(anonymous_6)
FNDA:0,(anonymous_7)
FNDA:0,(anonymous_8)
FNDA:0,(anonymous_9)
FNDA:0,(anonymous_10)
FNDA:0,(anonymous_11)
FNDA:0,(anonymous_12)
FNDA:0,(anonymous_13)
FNDA:0,(anonymous_14)
FNDA:0,(anonymous_15)
FNDA:0,(anonymous_16)
FNDA:0,(anonymous_17)
FNDA:0,(anonymous_18)
FNDA:0,(anonymous_19)
FNDA:0,(anonymous_20)
FNDA:0,(anonymous_21)
FNDA:0,(anonymous_22)
FNDA:0,(anonymous_23)
FNDA:0,(anonymous_24)
FNDA:0,(anonymous_25)
FNDA:0,(anonymous_26)
FNDA:0,(anonymous_27)
FNDA:0,(anonymous_28)
FNDA:0,(anonymous_29)
FNDA:0,(anonymous_30)
FNDA:0,(anonymous_31)
FNDA:0,(anonymous_32)
FNDA:0,(anonymous_33)
FNDA:0,(anonymous_34)
FNDA:0,(anonymous_35)
FNDA:0,(anonymous_36)
FNDA:0,(anonymous_37)
DA:44,0
DA:45,0
DA:51,0
DA:98,0
DA:100,0
DA:103,0
DA:104,0
DA:105,0
DA:113,0
DA:114,0
DA:115,0
DA:118,0
DA:119,0
DA:120,0
DA:121,0
DA:122,0
DA:123,0
DA:124,0
DA:125,0
DA:128,0
DA:129,0
DA:130,0
DA:131,0
DA:132,0
DA:133,0
DA:134,0
DA:137,0
DA:140,0
DA:141,0
DA:144,0
DA:145,0
DA:147,0
DA:153,0
DA:154,0
DA:155,0
DA:156,0
DA:164,0
DA:165,0
DA:168,0
DA:172,0
DA:173,0
DA:174,0
DA:175,0
DA:179,0
DA:180,0
DA:181,0
DA:184,0
DA:185,0
DA:186,0
DA:187,0
DA:188,0
DA:192,0
DA:193,0
DA:194,0
DA:203,0
DA:204,0
DA:205,0
DA:206,0
DA:208,0
DA:213,0
DA:214,0
DA:215,0
DA:219,0
DA:223,0
DA:224,0
DA:225,0
DA:229,0
DA:234,0
DA:248,0
DA:259,0
DA:271,0
DA:276,0
DA:282,0
DA:293,0
DA:308,0
DA:317,0
DA:324,0
DA:340,0
DA:341,0
DA:396,0
DA:397,0
DA:400,0
DA:411,0
DA:413,0
DA:414,0
DA:415,0
DA:416,0
DA:449,0
DA:454,0
DA:468,0
DA:473,0
DA:491,0
LF:92
LH:0
BRDA:100,0,0,0
BRDA:100,0,1,0
BRDA:104,1,0,0
BRDA:104,1,1,0
BRDA:105,2,0,0
BRDA:105,2,1,0
BRDA:141,3,0,0
BRDA:141,3,1,0
BRDA:144,4,0,0
BRDA:144,4,1,0
BRDA:147,5,0,0
BRDA:147,5,1,0
BRDA:153,6,0,0
BRDA:153,6,1,0
BRDA:153,7,0,0
BRDA:153,7,1,0
BRDA:153,7,2,0
BRDA:157,8,0,0
BRDA:157,8,1,0
BRDA:164,9,0,0
BRDA:164,9,1,0
BRDA:200,10,0,0
BRDA:200,10,1,0
BRDA:201,11,0,0
BRDA:201,11,1,0
BRDA:249,12,0,0
BRDA:249,12,1,0
BRDA:352,13,0,0
BRDA:352,13,1,0
BRDA:360,14,0,0
BRDA:360,14,1,0
BRDA:360,15,0,0
BRDA:360,15,1,0
BRDA:364,16,0,0
BRDA:364,16,1,0
BRDA:364,17,0,0
BRDA:364,17,1,0
BRDA:370,18,0,0
BRDA:370,18,1,0
BRDA:370,19,0,0
BRDA:370,19,1,0
BRDA:380,20,0,0
BRDA:380,20,1,0
BRDA:409,21,0,0
BRDA:409,21,1,0
BRDA:410,22,0,0
BRDA:410,22,1,0
BRDA:418,23,0,0
BRDA:418,23,1,0
BRDA:455,24,0,0
BRDA:455,24,1,0
BRDA:474,25,0,0
BRDA:474,25,1,0
BRF:53
BRH:0
end_of_record
TN:
SF:src/pages/transactions/TransactionsPage.tsx
FN:36,(anonymous_0)
FN:40,(anonymous_1)
FN:41,(anonymous_2)
FN:42,(anonymous_3)
FN:51,(anonymous_4)
FN:61,(anonymous_5)
FN:73,(anonymous_6)
FN:85,(anonymous_7)
FN:91,(anonymous_8)
FN:97,(anonymous_9)
FN:104,(anonymous_10)
FN:111,(anonymous_11)
FN:117,(anonymous_12)
FN:137,(anonymous_13)
FN:150,(anonymous_14)
FN:164,(anonymous_15)
FN:171,(anonymous_16)
FN:182,(anonymous_17)
FN:203,(anonymous_18)
FN:208,(anonymous_19)
FN:217,(anonymous_20)
FN:252,(anonymous_21)
FN:298,(anonymous_22)
FNF:23
FNH:0
FNDA:0,(anonymous_0)
FNDA:0,(anonymous_1)
FNDA:0,(anonymous_2)
FNDA:0,(anonymous_3)
FNDA:0,(anonymous_4)
FNDA:0,(anonymous_5)
FNDA:0,(anonymous_6)
FNDA:0,(anonymous_7)
FNDA:0,(anonymous_8)
FNDA:0,(anonymous_9)
FNDA:0,(anonymous_10)
FNDA:0,(anonymous_11)
FNDA:0,(anonymous_12)
FNDA:0,(anonymous_13)
FNDA:0,(anonymous_14)
FNDA:0,(anonymous_15)
FNDA:0,(anonymous_16)
FNDA:0,(anonymous_17)
FNDA:0,(anonymous_18)
FNDA:0,(anonymous_19)
FNDA:0,(anonymous_20)
FNDA:0,(anonymous_21)
FNDA:0,(anonymous_22)
DA:31,0
DA:36,0
DA:37,0
DA:40,0
DA:41,0
DA:42,0
DA:45,0
DA:46,0
DA:47,0
DA:48,0
DA:51,0
DA:52,0
DA:61,0
DA:62,0
DA:73,0
DA:74,0
DA:85,0
DA:86,0
DA:87,0
DA:91,0
DA:92,0
DA:93,0
DA:97,0
DA:98,0
DA:105,0
DA:111,0
DA:112,0
DA:113,0
DA:117,0
DA:118,0
DA:120,0
DA:131,0
DA:137,0
DA:151,0
DA:164,0
DA:172,0
DA:173,0
DA:183,0
DA:184,0
DA:185,0
DA:204,0
DA:208,0
DA:217,0
DA:227,0
DA:252,0
DA:298,0
LF:46
LH:0
BRDA:40,0,0,0
BRDA:40,0,1,0
BRDA:66,1,0,0
BRDA:66,1,1,0
BRDA:78,2,0,0
BRDA:78,2,1,0
BRDA:124,3,0,0
BRDA:124,3,1,0
BRDA:151,4,0,0
BRDA:151,4,1,0
BRDA:153,5,0,0
BRDA:153,5,1,0
BRDA:164,6,0,0
BRDA:164,6,1,0
BRDA:172,7,0,0
BRDA:172,7,1,0
BRDA:183,8,0,0
BRDA:183,8,1,0
BRDA:184,9,0,0
BRDA:184,9,1,0
BRDA:307,10,0,0
BRDA:307,10,1,0
BRF:22
BRH:0
end_of_record
TN:
SF:src/pages/transactions/index.ts
FNF:0
FNH:0
LF:0
LH:0
BRF:0
BRH:0
end_of_record
TN:
SF:src/redux/rootSaga.ts
FN:22,rootSaga
FNF:1
FNH:0
FNDA:0,rootSaga
DA:23,0
DA:24,0
DA:25,0
DA:26,0
DA:27,0
DA:28,0
DA:29,0
DA:30,0
DA:31,0
DA:32,0
DA:33,0
DA:34,0
LF:12
LH:0
BRF:0
BRH:0
end_of_record
TN:
SF:src/redux/store.ts
FN:42,(anonymous_0)
FNF:1
FNH:0
FNDA:0,(anonymous_0)
DA:22,0
DA:27,0
DA:43,0
DA:53,0
LF:4
LH:0
BRF:0
BRH:0
end_of_record
TN:
SF:src/redux/modules/accounts/accountSaga.ts
FN:21,listAccountsSaga
FN:59,createAccountSaga
FN:85,updateAccountSaga
FN:104,deleteAccountSaga
FN:123,getAccountDetailSaga
FN:137,accountSaga
FNF:6
FNH:6
FNDA:17,listAccountsSaga
FNDA:5,createAccountSaga
FNDA:5,updateAccountSaga
FNDA:4,deleteAccountSaga
FNDA:4,getAccountDetailSaga
FNDA:27,accountSaga
DA:22,17
DA:23,17
DA:26,15
DA:27,15
DA:28,15
DA:29,17
DA:31,17
DA:33,12
DA:34,12
DA:35,3
DA:37,3
DA:38,3
DA:39,3
DA:40,3
DA:43,15
DA:52,2
DA:62,5
DA:64,5
DA:65,5
DA:71,5
DA:73,3
DA:76,3
DA:78,2
DA:88,5
DA:89,5
DA:90,5
DA:92,3
DA:95,3
DA:97,2
DA:107,4
DA:108,4
DA:109,4
DA:111,2
DA:114,2
DA:116,2
DA:124,4
DA:125,4
DA:126,4
DA:128,2
DA:130,2
DA:138,27
DA:139,27
DA:140,27
DA:141,27
DA:142,27
LF:45
LH:45
BRDA:28,0,0,15
BRDA:28,0,1,1
BRDA:29,1,0,17
BRDA:29,1,1,1
BRDA:31,2,0,12
BRDA:31,2,1,3
BRDA:35,3,0,3
BRDA:35,3,1,0
BRDA:35,4,0,3
BRDA:35,4,1,3
BRDA:37,5,0,3
BRDA:37,5,1,0
BRDA:38,6,0,3
BRDA:38,6,1,2
BRDA:38,6,2,1
BRDA:39,7,0,3
BRDA:39,7,1,2
BRDA:39,7,2,1
BRDA:40,8,0,3
BRDA:40,8,1,2
BRDA:40,8,2,1
BRDA:52,9,0,2
BRDA:52,9,1,1
BRDA:78,10,0,2
BRDA:78,10,1,1
BRDA:97,11,0,2
BRDA:97,11,1,1
BRDA:116,12,0,2
BRDA:116,12,1,1
BRDA:130,13,0,2
BRDA:130,13,1,1
BRF:31
BRH:29
end_of_record
TN:
SF:src/redux/modules/accounts/accountSelectors.ts
FN:13,(anonymous_0)
FN:19,(anonymous_1)
FN:23,(anonymous_2)
FN:28,(anonymous_3)
FN:31,(anonymous_4)
FN:33,(anonymous_5)
FN:37,(anonymous_6)
FN:40,(anonymous_7)
FN:44,(anonymous_8)
FN:54,(anonymous_9)
FN:55,(anonymous_10)
FN:55,(anonymous_11)
FN:60,(anonymous_12)
FN:61,(anonymous_13)
FN:67,(anonymous_14)
FN:68,(anonymous_15)
FN:74,(anonymous_16)
FN:76,(anonymous_17)
FN:90,(anonymous_18)
FNF:19
FNH:0
FNDA:0,(anonymous_0)
FNDA:0,(anonymous_1)
FNDA:0,(anonymous_2)
FNDA:0,(anonymous_3)
FNDA:0,(anonymous_4)
FNDA:0,(anonymous_5)
FNDA:0,(anonymous_6)
FNDA:0,(anonymous_7)
FNDA:0,(anonymous_8)
FNDA:0,(anonymous_9)
FNDA:0,(anonymous_10)
FNDA:0,(anonymous_11)
FNDA:0,(anonymous_12)
FNDA:0,(anonymous_13)
FNDA:0,(anonymous_14)
FNDA:0,(anonymous_15)
FNDA:0,(anonymous_16)
FNDA:0,(anonymous_17)
FNDA:0,(anonymous_18)
DA:13,0
DA:19,0
DA:21,0
DA:23,0
DA:26,0
DA:28,0
DA:31,0
DA:33,0
DA:35,0
DA:37,0
DA:40,0
DA:42,0
DA:44,0
DA:54,0
DA:55,0
DA:60,0
DA:61,0
DA:67,0
DA:68,0
DA:74,0
DA:75,0
DA:76,0
DA:77,0
DA:78,0
DA:80,0
DA:82,0
DA:88,0
DA:90,0
LF:28
LH:0
BRDA:77,0,0,0
BRDA:77,0,1,0
BRF:2
BRH:0
end_of_record
TN:
SF:src/redux/modules/accounts/accountSlice.ts
FN:24,(anonymous_0)
FN:30,(anonymous_1)
FN:53,(anonymous_2)
FN:62,(anonymous_3)
FN:68,(anonymous_4)
FN:75,(anonymous_5)
FN:84,(anonymous_6)
FN:90,(anonymous_7)
FN:91,(anonymous_8)
FN:100,(anonymous_9)
FN:109,(anonymous_10)
FN:115,(anonymous_11)
FN:116,(anonymous_12)
FN:122,(anonymous_13)
FN:131,(anonymous_14)
FN:136,(anonymous_15)
FN:142,(anonymous_16)
FN:150,(anonymous_17)
FN:158,(anonymous_18)
FN:165,(anonymous_19)
FN:173,(anonymous_20)
FNF:21
FNH:21
FNDA:1,(anonymous_0)
FNDA:3,(anonymous_1)
FNDA:1,(anonymous_2)
FNDA:1,(anonymous_3)
FNDA:4,(anonymous_4)
FNDA:1,(anonymous_5)
FNDA:1,(anonymous_6)
FNDA:4,(anonymous_7)
FNDA:3,(anonymous_8)
FNDA:1,(anonymous_9)
FNDA:1,(anonymous_10)
FNDA:4,(anonymous_11)
FNDA:5,(anonymous_12)
FNDA:1,(anonymous_13)
FNDA:1,(anonymous_14)
FNDA:1,(anonymous_15)
FNDA:1,(anonymous_16)
FNDA:1,(anonymous_17)
FNDA:1,(anonymous_18)
FNDA:1,(anonymous_19)
FNDA:1,(anonymous_20)
DA:17,2
DA:25,1
DA:26,1
DA:27,1
DA:39,3
DA:40,3
DA:41,3
DA:47,3
DA:48,3
DA:49,3
DA:50,3
DA:54,1
DA:55,1
DA:56,1
DA:63,1
DA:64,1
DA:65,1
DA:69,4
DA:70,4
DA:71,4
DA:72,4
DA:76,1
DA:77,1
DA:78,1
DA:85,1
DA:86,1
DA:87,1
DA:91,4
DA:92,4
DA:93,2
DA:95,4
DA:96,4
DA:97,4
DA:101,1
DA:102,1
DA:103,1
DA:110,1
DA:111,1
DA:112,1
DA:116,5
DA:117,4
DA:118,4
DA:119,4
DA:123,1
DA:124,1
DA:125,1
DA:132,1
DA:133,1
DA:137,1
DA:138,1
DA:139,1
DA:143,1
DA:144,1
DA:151,1
DA:152,1
DA:159,1
DA:166,1
DA:167,1
DA:174,1
DA:179,2
DA:180,2
LF:61
LH:61
BRDA:92,0,0,2
BRDA:92,0,1,2
BRF:2
BRH:2
end_of_record
TN:
SF:src/redux/modules/accounts/accountTypes.ts
FNF:0
FNH:0
DA:130,2
LF:1
LH:1
BRF:0
BRH:0
end_of_record
TN:
SF:src/redux/modules/accounts/index.ts
FNF:0
FNH:0
LF:0
LH:0
BRF:0
BRH:0
end_of_record
TN:
SF:src/redux/modules/auth/authSaga.ts
FN:22,loginSaga
FN:62,signupSaga
FN:103,logoutSaga
FN:132,refreshTokenSaga
FN:167,authSaga
FNF:5
FNH:0
FNDA:0,loginSaga
FNDA:0,signupSaga
FNDA:0,logoutSaga
FNDA:0,refreshTokenSaga
FNDA:0,authSaga
DA:23,0
DA:25,0
DA:31,0
DA:32,0
DA:33,0
DA:36,0
DA:44,0
DA:45,0
DA:49,0
DA:50,0
DA:52,0
DA:53,0
DA:63,0
DA:65,0
DA:72,0
DA:73,0
DA:74,0
DA:77,0
DA:85,0
DA:86,0
DA:90,0
DA:91,0
DA:93,0
DA:94,0
DA:104,0
DA:106,0
DA:109,0
DA:110,0
DA:111,0
DA:114,0
DA:116,0
DA:117,0
DA:120,0
DA:121,0
DA:124,0
DA:133,0
DA:135,0
DA:138,0
DA:139,0
DA:142,0
DA:149,0
DA:150,0
DA:154,0
DA:155,0
DA:157,0
DA:158,0
DA:168,0
DA:169,0
DA:170,0
DA:171,0
LF:50
LH:0
BRDA:44,0,0,0
BRDA:44,0,1,0
BRDA:49,1,0,0
BRDA:49,1,1,0
BRDA:52,2,0,0
BRDA:52,2,1,0
BRDA:85,3,0,0
BRDA:85,3,1,0
BRDA:90,4,0,0
BRDA:90,4,1,0
BRDA:93,5,0,0
BRDA:93,5,1,0
BRDA:116,6,0,0
BRDA:116,6,1,0
BRDA:120,7,0,0
BRDA:120,7,1,0
BRDA:149,8,0,0
BRDA:149,8,1,0
BRDA:154,9,0,0
BRDA:154,9,1,0
BRDA:157,10,0,0
BRDA:157,10,1,0
BRF:22
BRH:0
end_of_record
TN:
SF:src/redux/modules/auth/authSelectors.ts
FN:12,(anonymous_0)
FN:17,(anonymous_1)
FN:22,(anonymous_2)
FN:27,(anonymous_3)
FN:34,(anonymous_4)
FN:40,(anonymous_5)
FN:45,(anonymous_6)
FN:50,(anonymous_7)
FNF:8
FNH:0
FNDA:0,(anonymous_0)
FNDA:0,(anonymous_1)
FNDA:0,(anonymous_2)
FNDA:0,(anonymous_3)
FNDA:0,(anonymous_4)
FNDA:0,(anonymous_5)
FNDA:0,(anonymous_6)
FNDA:0,(anonymous_7)
DA:12,0
DA:17,0
DA:22,0
DA:27,0
DA:32,0
DA:34,0
DA:40,0
DA:45,0
DA:50,0
LF:9
LH:0
BRF:0
BRH:0
end_of_record
TN:
SF:src/redux/modules/auth/authSlice.ts
FN:32,(anonymous_0)
FN:40,(anonymous_1)
FN:59,(anonymous_2)
FN:71,(anonymous_3)
FN:79,(anonymous_4)
FN:98,(anonymous_5)
FN:107,(anonymous_6)
FN:119,(anonymous_7)
FN:127,(anonymous_8)
FN:143,(anonymous_9)
FN:155,(anonymous_10)
FN:162,(anonymous_11)
FNF:12
FNH:0
FNDA:0,(anonymous_0)
FNDA:0,(anonymous_1)
FNDA:0,(anonymous_2)
FNDA:0,(anonymous_3)
FNDA:0,(anonymous_4)
FNDA:0,(anonymous_5)
FNDA:0,(anonymous_6)
FNDA:0,(anonymous_7)
FNDA:0,(anonymous_8)
FNDA:0,(anonymous_9)
FNDA:0,(anonymous_10)
FNDA:0,(anonymous_11)
DA:13,0
DA:25,0
DA:33,0
DA:34,0
DA:48,0
DA:49,0
DA:50,0
DA:51,0
DA:52,0
DA:53,0
DA:60,0
DA:61,0
DA:62,0
DA:63,0
DA:64,0
DA:65,0
DA:72,0
DA:73,0
DA:87,0
DA:88,0
DA:89,0
DA:90,0
DA:91,0
DA:92,0
DA:99,0
DA:100,0
DA:101,0
DA:108,0
DA:109,0
DA:110,0
DA:111,0
DA:112,0
DA:113,0
DA:120,0
DA:121,0
DA:134,0
DA:135,0
DA:136,0
DA:137,0
DA:144,0
DA:145,0
DA:146,0
DA:147,0
DA:148,0
DA:149,0
DA:156,0
DA:170,0
DA:171,0
DA:172,0
DA:173,0
DA:178,0
DA:179,0
LF:52
LH:0
BRF:0
BRH:0
end_of_record
TN:
SF:src/redux/modules/auth/authTypes.ts
FNF:0
FNH:0
LF:0
LH:0
BRF:0
BRH:0
end_of_record
TN:
SF:src/redux/modules/auth/index.ts
FNF:0
FNH:0
LF:0
LH:0
BRF:0
BRH:0
end_of_record
TN:
SF:src/redux/modules/budgets/budgetSaga.ts
FN:36,fetchBudgetsSaga
FN:51,createBudgetSaga
FN:53,(anonymous_2)
FN:66,updateBudgetSaga
FN:82,deleteBudgetSaga
FN:98,fetchBudgetProgressSaga
FN:115,budgetSaga
FNF:7
FNH:0
FNDA:0,fetchBudgetsSaga
FNDA:0,createBudgetSaga
FNDA:0,(anonymous_2)
FNDA:0,updateBudgetSaga
FNDA:0,deleteBudgetSaga
FNDA:0,fetchBudgetProgressSaga
FNDA:0,budgetSaga
DA:37,0
DA:38,0
DA:39,0
DA:40,0
DA:42,0
DA:43,0
DA:44,0
DA:52,0
DA:53,0
DA:54,0
DA:55,0
DA:57,0
DA:58,0
DA:59,0
DA:67,0
DA:68,0
DA:69,0
DA:70,0
DA:71,0
DA:73,0
DA:74,0
DA:75,0
DA:83,0
DA:84,0
DA:85,0
DA:86,0
DA:87,0
DA:89,0
DA:90,0
DA:91,0
DA:101,0
DA:102,0
DA:103,0
DA:104,0
DA:106,0
DA:107,0
DA:108,0
DA:116,0
DA:117,0
DA:118,0
DA:119,0
DA:120,0
LF:42
LH:0
BRDA:38,0,0,0
BRDA:38,1,0,0
BRDA:42,2,0,0
BRDA:42,2,1,0
BRDA:57,3,0,0
BRDA:57,3,1,0
BRDA:73,4,0,0
BRDA:73,4,1,0
BRDA:89,5,0,0
BRDA:89,5,1,0
BRDA:106,6,0,0
BRDA:106,6,1,0
BRF:12
BRH:0
end_of_record
TN:
SF:src/redux/modules/budgets/budgetSlice.ts
FN:28,(anonymous_0)
FN:32,(anonymous_1)
FN:37,(anonymous_2)
FN:43,(anonymous_3)
FN:47,(anonymous_4)
FN:52,(anonymous_5)
FN:58,(anonymous_6)
FN:62,(anonymous_7)
FN:64,(anonymous_8)
FN:73,(anonymous_9)
FN:79,(anonymous_10)
FN:83,(anonymous_11)
FN:85,(anonymous_12)
FN:93,(anonymous_13)
FN:99,(anonymous_14)
FN:103,(anonymous_15)
FN:108,(anonymous_16)
FN:114,(anonymous_17)
FN:119,(anonymous_18)
FN:124,(anonymous_19)
FNF:20
FNH:0
FNDA:0,(anonymous_0)
FNDA:0,(anonymous_1)
FNDA:0,(anonymous_2)
[...]
FNDA:0,(anonymous_1)
FNDA:0,(anonymous_2)
FNDA:0,(anonymous_3)
FNDA:0,(anonymous_4)
FNDA:0,(anonymous_5)
FNDA:0,(anonymous_6)
FNDA:0,(anonymous_7)
FNDA:0,(anonymous_8)
FNDA:0,(anonymous_9)
FNDA:0,(anonymous_10)
FNDA:0,(anonymous_11)
FNDA:0,(anonymous_12)
FNDA:0,(anonymous_13)
FNDA:0,(anonymous_14)
FNDA:0,(anonymous_15)
FNDA:0,(anonymous_16)
FNDA:0,(anonymous_17)
FNDA:0,(anonymous_18)
FNDA:0,(anonymous_19)
FNDA:0,(anonymous_20)
FNDA:0,(anonymous_21)
FNDA:0,(anonymous_22)
FNDA:0,(anonymous_23)
FNDA:0,(anonymous_24)
FNDA:0,(anonymous_25)
FNDA:0,(anonymous_26)
FNDA:0,(anonymous_27)
FNDA:0,(anonymous_28)
FNDA:0,(anonymous_29)
FNDA:0,(anonymous_30)
FNDA:0,(anonymous_31)
FNDA:0,(anonymous_32)
DA:13,0
DA:19,0
DA:21,0
DA:24,0
DA:26,0
DA:33,0
DA:35,0
DA:38,0
DA:40,0
DA:43,0
DA:45,0
DA:48,0
DA:50,0
DA:53,0
DA:55,0
DA:58,0
DA:60,0
DA:67,0
DA:69,0
DA:72,0
DA:74,0
DA:77,0
DA:79,0
DA:82,0
DA:84,0
DA:87,0
DA:89,0
DA:96,0
DA:98,0
DA:101,0
DA:103,0
DA:106,0
DA:108,0
DA:111,0
DA:113,0
DA:116,0
DA:118,0
DA:121,0
DA:123,0
DA:130,0
DA:132,0
DA:142,0
DA:143,0
DA:144,0
DA:145,0
DA:151,0
DA:152,0
DA:153,0
DA:154,0
DA:160,0
DA:162,0
DA:168,0
DA:171,0
DA:172,0
DA:179,0
DA:180,0
DA:181,0
DA:182,0
DA:183,0
DA:185,0
DA:187,0
DA:193,0
DA:194,0
DA:195,0
DA:196,0
DA:197,0
DA:199,0
DA:201,0
LF:68
LH:0
BRDA:171,0,0,0
BRDA:171,0,1,0
BRDA:182,1,0,0
BRDA:182,1,1,0
BRDA:196,2,0,0
BRDA:196,2,1,0
BRF:6
BRH:0
end_of_record
TN:
SF:src/redux/modules/transactions/transactionSlice.ts
FN:24,(anonymous_0)
FN:30,(anonymous_1)
FN:52,(anonymous_2)
FN:61,(anonymous_3)
FN:68,(anonymous_4)
FN:77,(anonymous_5)
FN:86,(anonymous_6)
FN:93,(anonymous_7)
FN:94,(anonymous_8)
FN:107,(anonymous_9)
FN:116,(anonymous_10)
FN:123,(anonymous_11)
FN:124,(anonymous_12)
FN:135,(anonymous_13)
FN:144,(anonymous_14)
FN:149,(anonymous_15)
FN:155,(anonymous_16)
FN:163,(anonymous_17)
FN:168,(anonymous_18)
FN:176,(anonymous_19)
FN:180,(anonymous_20)
FN:188,(anonymous_21)
FN:193,(anonymous_22)
FN:197,(anonymous_23)
FNF:24
FNH:0
FNDA:0,(anonymous_0)
FNDA:0,(anonymous_1)
FNDA:0,(anonymous_2)
FNDA:0,(anonymous_3)
FNDA:0,(anonymous_4)
FNDA:0,(anonymous_5)
FNDA:0,(anonymous_6)
FNDA:0,(anonymous_7)
FNDA:0,(anonymous_8)
FNDA:0,(anonymous_9)
FNDA:0,(anonymous_10)
FNDA:0,(anonymous_11)
FNDA:0,(anonymous_12)
FNDA:0,(anonymous_13)
FNDA:0,(anonymous_14)
FNDA:0,(anonymous_15)
FNDA:0,(anonymous_16)
FNDA:0,(anonymous_17)
FNDA:0,(anonymous_18)
FNDA:0,(anonymous_19)
FNDA:0,(anonymous_20)
FNDA:0,(anonymous_21)
FNDA:0,(anonymous_22)
FNDA:0,(anonymous_23)
DA:17,0
DA:25,0
DA:26,0
DA:27,0
DA:39,0
DA:40,0
DA:41,0
DA:47,0
DA:48,0
DA:49,0
DA:53,0
DA:54,0
DA:55,0
DA:62,0
DA:63,0
DA:64,0
DA:65,0
DA:69,0
DA:70,0
DA:71,0
DA:72,0
DA:73,0
DA:74,0
DA:78,0
DA:79,0
DA:80,0
DA:87,0
DA:88,0
DA:89,0
DA:90,0
DA:94,0
DA:95,0
DA:96,0
DA:98,0
DA:99,0
DA:101,0
DA:102,0
DA:103,0
DA:104,0
DA:108,0
DA:109,0
DA:110,0
DA:117,0
DA:118,0
DA:119,0
DA:120,0
DA:124,0
DA:125,0
DA:126,0
DA:127,0
DA:129,0
DA:130,0
DA:131,0
DA:132,0
DA:136,0
DA:137,0
DA:138,0
DA:145,0
DA:146,0
DA:150,0
DA:151,0
DA:152,0
DA:156,0
DA:157,0
DA:164,0
DA:165,0
DA:169,0
DA:170,0
DA:177,0
DA:181,0
DA:182,0
DA:189,0
DA:190,0
DA:194,0
DA:198,0
DA:203,0
LF:76
LH:0
BRDA:95,0,0,0
BRDA:95,0,1,0
BRDA:98,1,0,0
BRDA:98,1,1,0
BRDA:126,2,0,0
BRDA:126,2,1,0
BRF:6
BRH:0
end_of_record
TN:
SF:src/redux/modules/transactions/transactionTypes.ts
FNF:0
FNH:0
DA:181,0
LF:1
LH:0
BRF:0
BRH:0
end_of_record
TN:
SF:src/routes/PrivateRoute.tsx
FN:19,(anonymous_0)
FNF:1
FNH:0
FNDA:0,(anonymous_0)
DA:19,0
DA:20,0
DA:22,0
DA:23,0
DA:26,0
LF:5
LH:0
BRDA:22,0,0,0
BRDA:22,0,1,0
BRF:2
BRH:0
end_of_record
TN:
SF:src/routes/export.ts
FNF:0
FNH:0
LF:0
LH:0
BRF:0
BRH:0
end_of_record
TN:
SF:src/routes/index.tsx
FN:34,(anonymous_0)
FNF:1
FNH:0
FNDA:0,(anonymous_0)
DA:34,0
DA:35,0
LF:2
LH:0
BRF:0
BRH:0
end_of_record
TN:
SF:src/services/accountService.ts
FN:19,(anonymous_0)
FN:26,(anonymous_1)
FN:33,(anonymous_2)
FN:40,(anonymous_3)
FN:50,(anonymous_4)
FN:60,(anonymous_5)
FNF:6
FNH:0
FNDA:0,(anonymous_0)
FNDA:0,(anonymous_1)
FNDA:0,(anonymous_2)
FNDA:0,(anonymous_3)
FNDA:0,(anonymous_4)
FNDA:0,(anonymous_5)
DA:15,1
DA:20,0
DA:27,0
DA:34,0
DA:41,0
DA:51,0
DA:61,0
LF:7
LH:1
BRF:0
BRH:0
end_of_record
TN:
SF:src/services/api.ts
FN:56,(anonymous_0)
FN:68,(anonymous_1)
FN:81,(anonymous_2)
FN:100,(anonymous_3)
FN:144,(anonymous_4)
FN:153,(anonymous_5)
FN:165,(anonymous_6)
FNF:7
FNH:0
FNDA:0,(anonymous_0)
FNDA:0,(anonymous_1)
FNDA:0,(anonymous_2)
FNDA:0,(anonymous_3)
FNDA:0,(anonymous_4)
FNDA:0,(anonymous_5)
FNDA:0,(anonymous_6)
DA:38,2
DA:55,2
DA:57,0
DA:58,0
DA:59,0
DA:62,0
DA:63,0
DA:66,0
DA:69,0
DA:80,2
DA:82,0
DA:83,0
DA:87,0
DA:88,0
DA:89,0
DA:94,0
DA:95,0
DA:98,0
DA:102,0
DA:103,0
DA:104,0
DA:105,0
DA:106,0
DA:107,0
DA:108,0
DA:112,0
DA:113,0
DA:114,0
DA:118,0
DA:119,0
DA:120,0
DA:124,0
DA:125,0
DA:126,0
DA:130,0
DA:131,0
DA:133,0
DA:134,0
DA:137,0
DA:144,2
DA:149,0
DA:154,0
DA:155,0
DA:156,0
DA:165,2
DA:166,0
DA:171,0
DA:172,0
DA:173,0
DA:174,0
DA:175,0
DA:176,0
DA:179,2
LF:53
LH:6
BRDA:58,0,0,0
BRDA:58,0,1,0
BRDA:62,1,0,0
BRDA:62,1,1,0
BRDA:82,2,0,0
BRDA:82,2,1,0
BRDA:88,3,0,0
BRDA:88,3,1,0
BRDA:88,4,0,0
BRDA:88,4,1,0
BRDA:94,5,0,0
BRDA:94,5,1,0
BRDA:94,6,0,0
BRDA:94,6,1,0
BRDA:94,6,2,0
BRDA:102,7,0,0
BRDA:102,7,1,0
BRDA:112,8,0,0
BRDA:112,8,1,0
BRDA:118,9,0,0
BRDA:118,9,1,0
BRDA:124,10,0,0
BRDA:124,10,1,0
BRDA:124,11,0,0
BRDA:124,11,1,0
BRDA:130,12,0,0
BRDA:130,12,1,0
BRDA:130,12,2,0
BRDA:133,13,0,0
BRDA:133,13,1,0
BRDA:154,14,0,0
BRDA:154,14,1,0
BRDA:154,15,0,0
BRDA:154,15,1,0
BRF:34
BRH:0
end_of_record
TN:
SF:src/services/authService.ts
FN:42,(anonymous_0)
FN:49,(anonymous_1)
FN:56,(anonymous_2)
FN:63,(anonymous_3)
FN:70,(anonymous_4)
FN:77,(anonymous_5)
FNF:6
FNH:0
FNDA:0,(anonymous_0)
FNDA:0,(anonymous_1)
FNDA:0,(anonymous_2)
FNDA:0,(anonymous_3)
FNDA:0,(anonymous_4)
FNDA:0,(anonymous_5)
DA:38,0
DA:43,0
DA:50,0
DA:57,0
DA:64,0
DA:71,0
DA:78,0
LF:7
LH:0
BRF:0
BRH:0
end_of_record
TN:
SF:src/services/budgetService.ts
FN:18,(anonymous_0)
FN:25,(anonymous_1)
FN:32,(anonymous_2)
FN:42,(anonymous_3)
FN:52,(anonymous_4)
FNF:5
FNH:0
FNDA:0,(anonymous_0)
FNDA:0,(anonymous_1)
FNDA:0,(anonymous_2)
FNDA:0,(anonymous_3)
FNDA:0,(anonymous_4)
DA:14,0
DA:19,0
DA:26,0
DA:33,0
DA:43,0
DA:53,0
LF:6
LH:0
BRF:0
BRH:0
end_of_record
TN:
SF:src/services/categoryService.ts
FN:18,(anonymous_0)
FN:25,(anonymous_1)
FN:32,(anonymous_2)
FN:42,(anonymous_3)
FN:52,(anonymous_4)
FNF:5
FNH:0
FNDA:0,(anonymous_0)
FNDA:0,(anonymous_1)
FNDA:0,(anonymous_2)
FNDA:0,(anonymous_3)
FNDA:0,(anonymous_4)
DA:14,1
DA:19,0
DA:26,0
DA:33,0
DA:43,0
DA:53,0
LF:6
LH:1
BRF:0
BRH:0
end_of_record
TN:
SF:src/services/debtService.ts
FN:20,(anonymous_0)
FN:27,(anonymous_1)
FN:34,(anonymous_2)
FN:44,(anonymous_3)
FN:54,(anonymous_4)
FN:64,(anonymous_5)
FN:71,(anonymous_6)
FNF:7
FNH:0
FNDA:0,(anonymous_0)
FNDA:0,(anonymous_1)
FNDA:0,(anonymous_2)
FNDA:0,(anonymous_3)
FNDA:0,(anonymous_4)
FNDA:0,(anonymous_5)
FNDA:0,(anonymous_6)
DA:16,0
DA:21,0
DA:28,0
DA:35,0
DA:45,0
DA:55,0
DA:65,0
DA:75,0
LF:8
LH:0
BRF:0
BRH:0
end_of_record
TN:
SF:src/services/eventService.ts
FN:19,(anonymous_0)
FN:26,(anonymous_1)
FN:33,(anonymous_2)
FN:40,(anonymous_3)
FN:50,(anonymous_4)
FN:60,(anonymous_5)
FNF:6
FNH:0
FNDA:0,(anonymous_0)
FNDA:0,(anonymous_1)
FNDA:0,(anonymous_2)
FNDA:0,(anonymous_3)
FNDA:0,(anonymous_4)
FNDA:0,(anonymous_5)
DA:15,0
DA:20,0
DA:27,0
DA:34,0
DA:41,0
DA:51,0
DA:61,0
LF:7
LH:0
BRF:0
BRH:0
end_of_record
TN:
SF:src/services/goalService.ts
FN:19,(anonymous_0)
FN:26,(anonymous_1)
FN:33,(anonymous_2)
FN:43,(anonymous_3)
FN:53,(anonymous_4)
FN:63,(anonymous_5)
FNF:6
FNH:0
FNDA:0,(anonymous_0)
FNDA:0,(anonymous_1)
FNDA:0,(anonymous_2)
FNDA:0,(anonymous_3)
FNDA:0,(anonymous_4)
FNDA:0,(anonymous_5)
DA:15,0
DA:20,0
DA:27,0
DA:34,0
DA:44,0
DA:54,0
DA:64,0
LF:7
LH:0
BRF:0
BRH:0
end_of_record
TN:
SF:src/services/index.ts
FNF:0
FNH:0
LF:0
LH:0
BRF:0
BRH:0
end_of_record
TN:
SF:src/services/notificationService.ts
FN:14,(anonymous_0)
FN:21,(anonymous_1)
FN:28,(anonymous_2)
FN:35,(anonymous_3)
FN:42,(anonymous_4)
FN:52,(anonymous_5)
FN:62,(anonymous_6)
FNF:7
FNH:0
FNDA:0,(anonymous_0)
FNDA:0,(anonymous_1)
FNDA:0,(anonymous_2)
FNDA:0,(anonymous_3)
FNDA:0,(anonymous_4)
FNDA:0,(anonymous_5)
FNDA:0,(anonymous_6)
DA:10,0
DA:15,0
DA:22,0
DA:29,0
DA:36,0
DA:43,0
DA:53,0
DA:63,0
LF:8
LH:0
BRF:0
BRH:0
end_of_record
TN:
SF:src/services/reminderService.ts
FN:19,(anonymous_0)
FN:26,(anonymous_1)
FN:33,(anonymous_2)
FN:40,(anonymous_3)
FN:49,(anonymous_4)
FN:59,(anonymous_5)
FN:69,(anonymous_6)
FN:79,(anonymous_7)
FNF:8
FNH:0
FNDA:0,(anonymous_0)
FNDA:0,(anonymous_1)
FNDA:0,(anonymous_2)
FNDA:0,(anonymous_3)
FNDA:0,(anonymous_4)
FNDA:0,(anonymous_5)
FNDA:0,(anonymous_6)
FNDA:0,(anonymous_7)
DA:15,0
DA:20,0
DA:27,0
DA:34,0
DA:41,0
DA:50,0
DA:60,0
DA:70,0
DA:80,0
LF:9
LH:0
BRF:0
BRH:0
end_of_record
TN:
SF:src/services/reportService.ts
FN:26,(anonymous_0)
FN:35,(anonymous_1)
FN:46,(anonymous_2)
FN:55,(anonymous_3)
FN:64,(anonymous_4)
FN:75,(anonymous_5)
FN:84,(anonymous_6)
FNF:7
FNH:0
FNDA:0,(anonymous_0)
FNDA:0,(anonymous_1)
FNDA:0,(anonymous_2)
FNDA:0,(anonymous_3)
FNDA:0,(anonymous_4)
FNDA:0,(anonymous_5)
FNDA:0,(anonymous_6)
DA:22,0
DA:27,0
DA:38,0
DA:47,0
DA:56,0
DA:67,0
DA:76,0
DA:85,0
LF:8
LH:0
BRF:0
BRH:0
end_of_record
TN:
SF:src/services/transactionService.ts
FN:21,(anonymous_0)
FN:32,(anonymous_1)
FN:39,(anonymous_2)
FN:49,(anonymous_3)
FN:59,(anonymous_4)
FN:72,(anonymous_5)
FN:82,(anonymous_6)
FNF:7
FNH:0
FNDA:0,(anonymous_0)
FNDA:0,(anonymous_1)
FNDA:0,(anonymous_2)
FNDA:0,(anonymous_3)
FNDA:0,(anonymous_4)
FNDA:0,(anonymous_5)
FNDA:0,(anonymous_6)
DA:17,0
DA:24,0
DA:33,0
DA:43,0
DA:50,0
DA:63,0
DA:73,0
DA:83,0
DA:84,0
DA:85,0
LF:10
LH:0
BRF:0
BRH:0
end_of_record
TN:
SF:src/services/api/accountService.ts
FN:17,(anonymous_0)
FN:18,(anonymous_1)
FN:19,(anonymous_2)
FN:26,(anonymous_3)
FN:40,(anonymous_4)
FN:52,(anonymous_5)
FN:67,(anonymous_6)
FN:82,(anonymous_7)
FNF:8
FNH:0
FNDA:0,(anonymous_0)
FNDA:0,(anonymous_1)
FNDA:0,(anonymous_2)
FNDA:0,(anonymous_3)
FNDA:0,(anonymous_4)
FNDA:0,(anonymous_5)
FNDA:0,(anonymous_6)
FNDA:0,(anonymous_7)
DA:14,0
DA:17,0
DA:18,0
DA:19,0
DA:27,0
DA:28,0
DA:31,0
DA:33,0
DA:41,0
DA:42,0
DA:43,0
DA:45,0
DA:53,0
DA:54,0
DA:58,0
DA:60,0
DA:68,0
DA:69,0
DA:73,0
DA:75,0
DA:83,0
DA:84,0
DA:89,0
LF:23
LH:0
BRF:0
BRH:0
end_of_record
TN:
SF:src/services/api/budgetService.ts
FN:18,(anonymous_0)
FN:28,(anonymous_1)
FN:35,(anonymous_2)
FN:44,(anonymous_3)
FN:53,(anonymous_4)
FN:62,(anonymous_5)
FNF:6
FNH:0
FNDA:0,(anonymous_0)
FNDA:0,(anonymous_1)
FNDA:0,(anonymous_2)
FNDA:0,(anonymous_3)
FNDA:0,(anonymous_4)
FNDA:0,(anonymous_5)
DA:14,0
DA:22,0
DA:29,0
DA:36,0
DA:45,0
DA:54,0
DA:63,0
LF:7
LH:0
BRF:0
BRH:0
end_of_record
TN:
SF:src/services/api/categoryService.ts
FN:17,(anonymous_0)
FN:18,(anonymous_1)
FN:19,(anonymous_2)
FN:26,(anonymous_3)
FN:40,(anonymous_4)
FN:52,(anonymous_5)
FN:67,(anonymous_6)
FN:82,(anonymous_7)
FNF:8
FNH:0
FNDA:0,(anonymous_0)
FNDA:0,(anonymous_1)
FNDA:0,(anonymous_2)
FNDA:0,(anonymous_3)
FNDA:0,(anonymous_4)
FNDA:0,(anonymous_5)
FNDA:0,(anonymous_6)
FNDA:0,(anonymous_7)
DA:14,0
DA:17,0
DA:18,0
DA:19,0
DA:27,0
DA:28,0
DA:31,0
DA:33,0
DA:41,0
DA:42,0
DA:43,0
DA:45,0
DA:53,0
DA:54,0
DA:58,0
DA:60,0
DA:68,0
DA:69,0
DA:73,0
DA:75,0
DA:83,0
DA:84,0
DA:89,0
LF:23
LH:0
BRF:0
BRH:0
end_of_record
TN:
SF:src/services/api/goalService.ts
FN:18,(anonymous_0)
FN:28,(anonymous_1)
FN:35,(anonymous_2)
FN:44,(anonymous_3)
FN:53,(anonymous_4)
FN:62,(anonymous_5)
FNF:6
FNH:0
FNDA:0,(anonymous_0)
FNDA:0,(anonymous_1)
FNDA:0,(anonymous_2)
FNDA:0,(anonymous_3)
FNDA:0,(anonymous_4)
FNDA:0,(anonymous_5)
DA:14,0
DA:22,0
DA:29,0
DA:36,0
DA:45,0
DA:54,0
DA:63,0
LF:7
LH:0
BRF:0
BRH:0
end_of_record
TN:
SF:src/services/api/index.ts
FNF:0
FNH:0
LF:0
LH:0
BRF:0
BRH:0
end_of_record
TN:
SF:src/services/api/transactionService.ts
FN:23,(anonymous_0)
FN:38,(anonymous_1)
FN:51,(anonymous_2)
FN:64,(anonymous_3)
FN:78,(anonymous_4)
FN:90,(anonymous_5)
FN:111,(anonymous_6)
FNF:7
FNH:0
FNDA:0,(anonymous_0)
FNDA:0,(anonymous_1)
FNDA:0,(anonymous_2)
FNDA:0,(anonymous_3)
FNDA:0,(anonymous_4)
FNDA:0,(anonymous_5)
FNDA:0,(anonymous_6)
DA:14,0
DA:24,0
DA:25,0
DA:28,0
DA:30,0
DA:31,0
DA:39,0
DA:40,0
DA:41,0
DA:43,0
DA:44,0
DA:52,0
DA:53,0
DA:54,0
DA:56,0
DA:57,0
DA:65,0
DA:66,0
DA:67,0
DA:68,0
DA:70,0
DA:71,0
DA:79,0
DA:80,0
DA:82,0
DA:83,0
DA:95,0
DA:96,0
DA:101,0
DA:103,0
DA:104,0
DA:112,0
DA:113,0
DA:117,0
DA:119,0
DA:120,0
DA:125,0
LF:37
LH:0
BRF:0
BRH:0
end_of_record
TN:
SF:src/styles/globalStyles.ts
FNF:0
FNH:0
DA:7,0
LF:1
LH:0
BRF:0
BRH:0
end_of_record
TN:
SF:src/styles/theme.ts
FNF:0
FNH:0
DA:10,0
DA:82,0
DA:154,0
LF:3
LH:0
BRF:0
BRH:0
end_of_record
TN:
SF:src/utils/constants.ts
FN:128,(anonymous_0)
FN:129,(anonymous_1)
FN:130,(anonymous_2)
FN:138,(anonymous_3)
FN:139,(anonymous_4)
FN:140,(anonymous_5)
FN:147,(anonymous_6)
FN:148,(anonymous_7)
FN:149,(anonymous_8)
FN:157,(anonymous_9)
FN:158,(anonymous_10)
FN:159,(anonymous_11)
FN:160,(anonymous_12)
FN:167,(anonymous_13)
FN:168,(anonymous_14)
FN:169,(anonymous_15)
FN:170,(anonymous_16)
FN:177,(anonymous_17)
FN:178,(anonymous_18)
FN:179,(anonymous_19)
FN:180,(anonymous_20)
FN:181,(anonymous_21)
FN:188,(anonymous_22)
FN:189,(anonymous_23)
FN:190,(anonymous_24)
FN:191,(anonymous_25)
FN:198,(anonymous_26)
FN:199,(anonymous_27)
FN:200,(anonymous_28)
FN:203,(anonymous_29)
FN:222,(anonymous_30)
FN:224,(anonymous_31)
FNF:32
FNH:0
FNDA:0,(anonymous_0)
FNDA:0,(anonymous_1)
FNDA:0,(anonymous_2)
FNDA:0,(anonymous_3)
FNDA:0,(anonymous_4)
FNDA:0,(anonymous_5)
FNDA:0,(anonymous_6)
FNDA:0,(anonymous_7)
FNDA:0,(anonymous_8)
FNDA:0,(anonymous_9)
FNDA:0,(anonymous_10)
FNDA:0,(anonymous_11)
FNDA:0,(anonymous_12)
FNDA:0,(anonymous_13)
FNDA:0,(anonymous_14)
FNDA:0,(anonymous_15)
FNDA:0,(anonymous_16)
FNDA:0,(anonymous_17)
FNDA:0,(anonymous_18)
FNDA:0,(anonymous_19)
FNDA:0,(anonymous_20)
FNDA:0,(anonymous_21)
FNDA:0,(anonymous_22)
FNDA:0,(anonymous_23)
FNDA:0,(anonymous_24)
FNDA:0,(anonymous_25)
FNDA:0,(anonymous_26)
FNDA:0,(anonymous_27)
FNDA:0,(anonymous_28)
FNDA:0,(anonymous_29)
FNDA:0,(anonymous_30)
FNDA:0,(anonymous_31)
DA:8,3
DA:18,3
DA:29,3
DA:102,3
DA:128,0
DA:129,0
DA:130,0
DA:138,0
DA:139,0
DA:140,0
DA:147,0
DA:148,0
DA:149,0
DA:157,0
DA:158,0
DA:159,0
DA:160,0
DA:167,0
DA:168,0
DA:169,0
DA:170,0
DA:177,0
DA:178,0
DA:179,0
DA:180,0
DA:181,0
DA:188,0
DA:189,0
DA:190,0
DA:191,0
DA:198,0
DA:199,0
DA:200,0
DA:203,0
DA:222,0
DA:224,0
DA:232,3
DA:243,3
DA:260,3
DA:269,3
LF:40
LH:8
BRDA:9,0,0,3
BRDA:9,0,1,0
BRDA:10,1,0,3
BRDA:10,1,1,0
BRDA:11,2,0,3
BRDA:11,2,1,0
BRDA:12,3,0,3
BRDA:12,3,1,0
BRF:8
BRH:4
end_of_record
TN:
SF:src/utils/enum-helpers.ts
FN:8,getEnumOptions
FN:13,(anonymous_1)
FN:14,(anonymous_2)
FN:23,getEnumLabel
FN:34,isValidEnumValue
FNF:5
FNH:0
FNDA:0,getEnumOptions
FNDA:0,(anonymous_1)
FNDA:0,(anonymous_2)
FNDA:0,getEnumLabel
FNDA:0,isValidEnumValue
DA:12,0
DA:13,0
DA:14,0
DA:28,0
DA:38,0
LF:5
LH:0
BRDA:16,0,0,0
BRDA:16,0,1,0
BRDA:28,1,0,0
BRDA:28,1,1,0
BRF:4
BRH:0
end_of_record
TN:
SF:src/utils/formatters.ts
FN:17,(anonymous_0)
FN:38,(anonymous_1)
FN:45,(anonymous_2)
FN:52,(anonymous_3)
FN:62,(anonymous_4)
FN:69,(anonymous_5)
FN:77,(anonymous_6)
FN:84,(anonymous_7)
FNF:8
FNH:0
FNDA:0,(anonymous_0)
FNDA:0,(anonymous_1)
FNDA:0,(anonymous_2)
FNDA:0,(anonymous_3)
FNDA:0,(anonymous_4)
FNDA:0,(anonymous_5)
FNDA:0,(anonymous_6)
FNDA:0,(anonymous_7)
DA:12,0
DA:17,0
DA:23,0
DA:32,0
DA:38,0
DA:39,0
DA:45,0
DA:46,0
DA:52,0
DA:53,0
DA:62,0
DA:63,0
DA:69,0
DA:70,0
DA:71,0
DA:77,0
DA:78,0
DA:84,0
DA:85,0
DA:86,0
LF:20
LH:0
BRDA:19,0,0,0
BRDA:20,1,0,0
BRDA:24,2,0,0
BRDA:24,2,1,0
BRDA:38,3,0,0
BRDA:52,4,0,0
BRDA:62,5,0,0
BRDA:71,6,0,0
BRDA:71,6,1,0
BRDA:84,7,0,0
BRDA:85,8,0,0
BRDA:85,8,1,0
BRF:12
BRH:0
end_of_record
TN:
SF:src/utils/index.ts
FNF:0
FNH:0
LF:0
LH:0
BRF:0
BRH:0
end_of_record
TN:
SF:src/utils/validation.ts
FN:10,(anonymous_0)
FN:11,(anonymous_1)
FN:30,(anonymous_2)
FN:31,(anonymous_3)
FN:42,(anonymous_4)
FN:43,(anonymous_5)
FN:55,(anonymous_6)
FN:61,(anonymous_7)
FN:62,(anonymous_8)
FN:74,(anonymous_9)
FN:75,(anonymous_10)
FN:92,(anonymous_11)
FN:93,(anonymous_12)
FN:105,(anonymous_13)
FN:111,(anonymous_14)
FN:112,(anonymous_15)
FN:128,(anonymous_16)
FN:129,(anonymous_17)
FN:143,(anonymous_18)
FN:144,(anonymous_19)
FN:159,(anonymous_20)
FN:160,(anonymous_21)
FN:207,(anonymous_22)
FN:220,(anonymous_23)
FN:225,(anonymous_24)
FN:231,(anonymous_25)
FNF:26
FNH:0
FNDA:0,(anonymous_0)
FNDA:0,(anonymous_1)
FNDA:0,(anonymous_2)
FNDA:0,(anonymous_3)
FNDA:0,(anonymous_4)
FNDA:0,(anonymous_5)
FNDA:0,(anonymous_6)
FNDA:0,(anonymous_7)
FNDA:0,(anonymous_8)
FNDA:0,(anonymous_9)
FNDA:0,(anonymous_10)
FNDA:0,(anonymous_11)
FNDA:0,(anonymous_12)
FNDA:0,(anonymous_13)
FNDA:0,(anonymous_14)
FNDA:0,(anonymous_15)
FNDA:0,(anonymous_16)
FNDA:0,(anonymous_17)
FNDA:0,(anonymous_18)
FNDA:0,(anonymous_19)
FNDA:0,(anonymous_20)
FNDA:0,(anonymous_21)
FNDA:0,(anonymous_22)
FNDA:0,(anonymous_23)
FNDA:0,(anonymous_24)
FNDA:0,(anonymous_25)
DA:10,0
DA:12,0
DA:13,0
DA:15,0
DA:16,0
DA:20,0
DA:21,0
DA:25,0
DA:30,0
DA:32,0
DA:33,0
DA:35,0
DA:36,0
DA:38,0
DA:42,0
DA:46,0
DA:47,0
DA:50,0
DA:55,0
DA:61,0
DA:63,0
DA:65,0
DA:66,0
DA:67,0
DA:69,0
DA:74,0
DA:76,0
DA:78,0
DA:79,0
DA:83,0
DA:84,0
DA:87,0
DA:92,0
DA:96,0
DA:97,0
DA:100,0
DA:105,0
DA:111,0
DA:113,0
DA:115,0
DA:116,0
DA:119,0
DA:120,0
DA:123,0
DA:128,0
DA:130,0
DA:131,0
DA:134,0
DA:135,0
DA:138,0
DA:143,0
DA:145,0
DA:148,0
DA:149,0
DA:154,0
DA:159,0
DA:161,0
DA:164,0
DA:165,0
DA:168,0
DA:173,0
DA:207,0
DA:208,0
DA:209,0
DA:212,0
DA:213,0
DA:216,0
DA:220,0
DA:221,0
DA:222,0
DA:225,0
DA:226,0
DA:227,0
DA:231,0
DA:235,0
DA:236,0
DA:239,0
DA:240,0
DA:241,0
DA:244,0
LF:80
LH:0
BRDA:10,0,0,0
BRDA:12,1,0,0
BRDA:12,1,1,0
BRDA:12,2,0,0
BRDA:12,2,1,0
BRDA:15,3,0,0
BRDA:15,3,1,0
BRDA:20,4,0,0
BRDA:20,4,1,0
BRDA:20,5,0,0
BRDA:20,5,1,0
BRDA:32,6,0,0
BRDA:32,6,1,0
BRDA:35,7,0,0
BRDA:35,7,1,0
BRDA:46,8,0,0
BRDA:46,8,1,0
BRDA:63,9,0,0
BRDA:63,9,1,0
BRDA:66,10,0,0
BRDA:66,10,1,0
BRDA:76,11,0,0
BRDA:76,11,1,0
BRDA:78,12,0,0
BRDA:78,12,1,0
BRDA:83,13,0,0
BRDA:83,13,1,0
BRDA:96,14,0,0
BRDA:96,14,1,0
BRDA:111,15,0,0
BRDA:111,16,0,0
BRDA:113,17,0,0
BRDA:113,17,1,0
BRDA:115,18,0,0
BRDA:115,18,1,0
BRDA:119,19,0,0
BRDA:119,19,1,0
BRDA:128,20,0,0
BRDA:128,21,0,0
BRDA:130,22,0,0
BRDA:130,22,1,0
BRDA:130,23,0,0
BRDA:130,23,1,0
BRDA:134,24,0,0
BRDA:134,24,1,0
BRDA:134,25,0,0
BRDA:134,25,1,0
BRDA:145,26,0,0
BRDA:145,26,1,0
BRDA:148,27,0,0
BRDA:148,27,1,0
BRDA:161,28,0,0
BRDA:161,28,1,0
BRDA:164,29,0,0
BRDA:164,29,1,0
BRDA:208,30,0,0
BRDA:208,30,1,0
BRDA:212,31,0,0
BRDA:212,31,1,0
BRDA:222,32,0,0
BRDA:222,32,1,0
BRDA:227,33,0,0
BRDA:227,33,1,0
BRDA:227,34,0,0
BRDA:227,34,1,0
BRDA:235,35,0,0
BRDA:235,35,1,0
BRDA:240,36,0,0
BRDA:240,36,1,0
BRDA:240,37,0,0
BRDA:240,37,1,0
BRDA:240,37,2,0
BRF:72
BRH:0
end_of_record
TN:
SF:src/utils/validators.ts
FN:11,(anonymous_0)
FN:19,(anonymous_1)
FN:27,(anonymous_2)
FN:60,(anonymous_3)
FN:84,(anonymous_4)
FN:107,(anonymous_5)
FN:117,(anonymous_6)
FN:124,(anonymous_7)
FNF:8
FNH:8
FNDA:9,(anonymous_0)
FNDA:10,(anonymous_1)
FNDA:9,(anonymous_2)
FNDA:10,(anonymous_3)
FNDA:6,(anonymous_4)
FNDA:13,(anonymous_5)
FNDA:7,(anonymous_6)
FNDA:8,(anonymous_7)
DA:11,1
DA:12,9
DA:13,9
DA:19,1
DA:20,10
DA:21,10
DA:27,1
DA:33,9
DA:35,9
DA:36,2
DA:38,9
DA:39,1
DA:41,9
DA:42,1
DA:44,9
DA:45,2
DA:47,9
DA:48,2
DA:51,9
DA:60,1
DA:66,10
DA:68,10
DA:69,2
DA:71,8
DA:72,1
DA:74,7
DA:75,1
DA:78,6
DA:84,1
DA:90,6
DA:91,6
DA:92,6
DA:94,6
DA:95,1
DA:97,5
DA:98,1
DA:101,4
DA:107,1
DA:108,13
DA:109,11
DA:110,7
DA:111,4
DA:117,1
DA:118,7
DA:124,1
DA:125,8
LF:46
LH:46
BRDA:35,0,0,2
BRDA:35,0,1,7
BRDA:38,1,0,1
BRDA:38,1,1,8
BRDA:41,2,0,1
BRDA:41,2,1,8
BRDA:44,3,0,2
BRDA:44,3,1,7
BRDA:47,4,0,2
BRDA:47,4,1,7
BRDA:66,5,0,4
BRDA:66,5,1,6
BRDA:68,6,0,2
BRDA:68,6,1,8
BRDA:71,7,0,1
BRDA:71,7,1,7
BRDA:74,8,0,1
BRDA:74,8,1,6
BRDA:94,9,0,1
BRDA:94,9,1,5
BRDA:97,10,0,1
BRDA:97,10,1,4
BRDA:108,11,0,2
BRDA:108,11,1,11
BRDA:108,12,0,13
BRDA:108,12,1,12
BRDA:109,13,0,4
BRDA:109,13,1,7
BRDA:110,14,0,3
BRDA:110,14,1,4
BRF:30
BRH:30
end_of_record
